=== AIPID 上位机自动调参启动 ===
会话时间戳：2026-07-14-11-20-11
会话日志目录：D:\2026_SmartCar\PersonalCode\dist\logs\sessions\2026-07-14-11-20-11
串口配置：{'port': 'COM11', 'port_keyword': '', 'baudrate': 115200, 'bytesize': 8, 'stopbits': 1.0, 'parity': 'N', 'flow_control': 'none', 'timeout_s': 0.1}
候选串口：COM11
尝试连接 COM11 ...
单一串口暂未收到 AI 握手，继续等待从车启动后的回包。
尝试连接 COM11 ...
单一串口暂未收到 AI 握手，继续等待从车启动后的回包。
尝试连接 COM11 ...
单一串口暂未收到 AI 握手，继续等待从车启动后的回包。
尝试连接 COM11 ...
单一串口暂未收到 AI 握手，继续等待从车启动后的回包。
尝试连接 COM11 ...
单一串口暂未收到 AI 握手，继续等待从车启动后的回包。
尝试连接 COM11 ...
单一串口暂未收到 AI 握手，继续等待从车启动后的回包。
尝试连接 COM11 ...
单一串口暂未收到 AI 握手，继续等待从车启动后的回包。
尝试连接 COM11 ...
单一串口暂未收到 AI 握手，继续等待从车启动后的回包。
尝试连接 COM11 ...
单一串口暂未收到 AI 握手，继续等待从车启动后的回包。
尝试连接 COM11 ...
单一串口暂未收到 AI 握手，继续等待从车启动后的回包。
尝试连接 COM11 ...
单一串口暂未收到 AI 握手，继续等待从车启动后的回包。
自动调参已按请求终止。
