2026-07-04 00:15:27 | INFO | mpy_cli | 开始擦除 [1/23]: 设备文件系统
2026-07-04 00:15:27 | ERROR | mpy_cli | 擦除失败 [1/23]: 设备文件系统 | mpremote: failed to access COM6 (it may be in use by another program)
2026-07-04 00:15:27 | INFO | mpy_cli | 部署完成: success=0 failure=1
2026-07-04 00:16:39 | INFO | mpy_cli | 开始擦除 [1/23]: 设备文件系统
2026-07-04 00:16:39 | ERROR | mpy_cli | 擦除失败 [1/23]: 设备文件系统 | mpremote: failed to access com7 (it may be in use by another program)
2026-07-04 00:16:39 | INFO | mpy_cli | 部署完成: success=0 failure=1
2026-07-04 00:24:22 | INFO | mpy_cli | 开始擦除 [1/23]: 设备文件系统
2026-07-04 00:24:43 | INFO | mpy_cli | 开始擦除 [1/23]: 设备文件系统
2026-07-04 00:24:54 | INFO | mpy_cli | 开始擦除 [1/23]: 设备文件系统
2026-07-04 00:25:02 | INFO | mpy_cli | 开始擦除 [1/23]: 设备文件系统
2026-07-04 00:25:24 | INFO | mpy_cli | 开始擦除 [1/23]: 设备文件系统
2026-07-04 00:25:31 | INFO | mpy_cli | 开始擦除 [1/23]: 设备文件系统
2026-07-04 00:28:02 | INFO | mpy_cli | 开始擦除 [1/23]: 设备文件系统
2026-07-04 00:28:02 | INFO | mpy_cli | 完成擦除 [1/23]: 设备文件系统
2026-07-04 00:28:02 | INFO | mpy_cli | 开始上传 [2/23]: D:/2026_SmartCar/PersonalCode/CarA/.mpy-cli.toml -> :.mpy-cli.toml
2026-07-04 00:28:03 | INFO | mpy_cli | 完成上传 [2/23]: D:/2026_SmartCar/PersonalCode/CarA/.mpy-cli.toml -> :.mpy-cli.toml
2026-07-04 00:28:03 | INFO | mpy_cli | 开始上传 [3/23]: D:/2026_SmartCar/PersonalCode/CarA/.mpyignore -> :.mpyignore
2026-07-04 00:28:03 | INFO | mpy_cli | 完成上传 [3/23]: D:/2026_SmartCar/PersonalCode/CarA/.mpyignore -> :.mpyignore
2026-07-04 00:28:03 | INFO | mpy_cli | 开始上传 [4/23]: D:/2026_SmartCar/PersonalCode/CarA/boot.py -> :boot.py
2026-07-04 00:28:04 | INFO | mpy_cli | 完成上传 [4/23]: D:/2026_SmartCar/PersonalCode/CarA/boot.py -> :boot.py
2026-07-04 00:28:04 | INFO | mpy_cli | 开始上传 [5/23]: D:/2026_SmartCar/PersonalCode/CarA/connection/MCXVisionUsart.py -> :connection/MCXVisionUsart.py
2026-07-04 00:28:04 | INFO | mpy_cli | 完成上传 [5/23]: D:/2026_SmartCar/PersonalCode/CarA/connection/MCXVisionUsart.py -> :connection/MCXVisionUsart.py
2026-07-04 00:28:04 | INFO | mpy_cli | 开始上传 [6/23]: D:/2026_SmartCar/PersonalCode/CarA/connection/PIDYawUsart.py -> :connection/PIDYawUsart.py
2026-07-04 00:28:05 | INFO | mpy_cli | 完成上传 [6/23]: D:/2026_SmartCar/PersonalCode/CarA/connection/PIDYawUsart.py -> :connection/PIDYawUsart.py
2026-07-04 00:28:05 | INFO | mpy_cli | 开始上传 [7/23]: D:/2026_SmartCar/PersonalCode/CarA/connection/WirelessUsart.py -> :connection/WirelessUsart.py
2026-07-04 00:28:06 | INFO | mpy_cli | 完成上传 [7/23]: D:/2026_SmartCar/PersonalCode/CarA/connection/WirelessUsart.py -> :connection/WirelessUsart.py
2026-07-04 00:28:06 | INFO | mpy_cli | 开始上传 [8/23]: D:/2026_SmartCar/PersonalCode/CarA/connection/WirelessUsartCars.py -> :connection/WirelessUsartCars.py
2026-07-04 00:28:07 | INFO | mpy_cli | 完成上传 [8/23]: D:/2026_SmartCar/PersonalCode/CarA/connection/WirelessUsartCars.py -> :connection/WirelessUsartCars.py
2026-07-04 00:28:07 | INFO | mpy_cli | 开始上传 [9/23]: D:/2026_SmartCar/PersonalCode/CarA/connection/__init__.py -> :connection/__init__.py
2026-07-04 00:28:07 | INFO | mpy_cli | 完成上传 [9/23]: D:/2026_SmartCar/PersonalCode/CarA/connection/__init__.py -> :connection/__init__.py
2026-07-04 00:28:07 | INFO | mpy_cli | 开始上传 [10/23]: D:/2026_SmartCar/PersonalCode/CarA/control/ColorTrace.py -> :control/ColorTrace.py
2026-07-04 00:28:09 | INFO | mpy_cli | 完成上传 [10/23]: D:/2026_SmartCar/PersonalCode/CarA/control/ColorTrace.py -> :control/ColorTrace.py
2026-07-04 00:28:09 | INFO | mpy_cli | 开始上传 [11/23]: D:/2026_SmartCar/PersonalCode/CarA/control/MotorControl.py -> :control/MotorControl.py
2026-07-04 00:28:10 | INFO | mpy_cli | 完成上传 [11/23]: D:/2026_SmartCar/PersonalCode/CarA/control/MotorControl.py -> :control/MotorControl.py
2026-07-04 00:28:10 | INFO | mpy_cli | 开始上传 [12/23]: D:/2026_SmartCar/PersonalCode/CarA/control/MotorEncoder.py -> :control/MotorEncoder.py
2026-07-04 00:28:11 | INFO | mpy_cli | 完成上传 [12/23]: D:/2026_SmartCar/PersonalCode/CarA/control/MotorEncoder.py -> :control/MotorEncoder.py
2026-07-04 00:28:11 | INFO | mpy_cli | 开始上传 [13/23]: D:/2026_SmartCar/PersonalCode/CarA/control/PID.py -> :control/PID.py
2026-07-04 00:28:11 | INFO | mpy_cli | 完成上传 [13/23]: D:/2026_SmartCar/PersonalCode/CarA/control/PID.py -> :control/PID.py
2026-07-04 00:28:11 | INFO | mpy_cli | 开始上传 [14/23]: D:/2026_SmartCar/PersonalCode/CarA/control/__init__.py -> :control/__init__.py
2026-07-04 00:28:12 | INFO | mpy_cli | 完成上传 [14/23]: D:/2026_SmartCar/PersonalCode/CarA/control/__init__.py -> :control/__init__.py
2026-07-04 00:28:12 | INFO | mpy_cli | 开始上传 [15/23]: D:/2026_SmartCar/PersonalCode/CarA/imu/IMUVertical.py -> :imu/IMUVertical.py
2026-07-04 00:28:13 | INFO | mpy_cli | 完成上传 [15/23]: D:/2026_SmartCar/PersonalCode/CarA/imu/IMUVertical.py -> :imu/IMUVertical.py
2026-07-04 00:28:13 | INFO | mpy_cli | 开始上传 [16/23]: D:/2026_SmartCar/PersonalCode/CarA/imu/Imu.py -> :imu/Imu.py
2026-07-04 00:28:14 | INFO | mpy_cli | 完成上传 [16/23]: D:/2026_SmartCar/PersonalCode/CarA/imu/Imu.py -> :imu/Imu.py
2026-07-04 00:28:14 | INFO | mpy_cli | 开始上传 [17/23]: D:/2026_SmartCar/PersonalCode/CarA/imu/ImuDataSend.py -> :imu/ImuDataSend.py
2026-07-04 00:28:15 | INFO | mpy_cli | 完成上传 [17/23]: D:/2026_SmartCar/PersonalCode/CarA/imu/ImuDataSend.py -> :imu/ImuDataSend.py
2026-07-04 00:28:15 | INFO | mpy_cli | 开始上传 [18/23]: D:/2026_SmartCar/PersonalCode/CarA/imu/ImuPoseEstimator.py -> :imu/ImuPoseEstimator.py
2026-07-04 00:28:16 | INFO | mpy_cli | 完成上传 [18/23]: D:/2026_SmartCar/PersonalCode/CarA/imu/ImuPoseEstimator.py -> :imu/ImuPoseEstimator.py
2026-07-04 00:28:16 | INFO | mpy_cli | 开始上传 [19/23]: D:/2026_SmartCar/PersonalCode/CarA/imu/__init__.py -> :imu/__init__.py
2026-07-04 00:28:16 | INFO | mpy_cli | 完成上传 [19/23]: D:/2026_SmartCar/PersonalCode/CarA/imu/__init__.py -> :imu/__init__.py
2026-07-04 00:28:16 | INFO | mpy_cli | 开始上传 [20/23]: D:/2026_SmartCar/PersonalCode/CarA/imu/imu660ra_reader.py -> :imu/imu660ra_reader.py
2026-07-04 00:28:17 | INFO | mpy_cli | 完成上传 [20/23]: D:/2026_SmartCar/PersonalCode/CarA/imu/imu660ra_reader.py -> :imu/imu660ra_reader.py
2026-07-04 00:28:17 | INFO | mpy_cli | 开始上传 [21/23]: D:/2026_SmartCar/PersonalCode/CarA/user/__init__.py -> :user/__init__.py
2026-07-04 00:28:17 | INFO | mpy_cli | 完成上传 [21/23]: D:/2026_SmartCar/PersonalCode/CarA/user/__init__.py -> :user/__init__.py
2026-07-04 00:28:17 | INFO | mpy_cli | 开始上传 [22/23]: D:/2026_SmartCar/PersonalCode/CarA/user/mainA.py -> :user/mainA.py
2026-07-04 00:28:18 | INFO | mpy_cli | 完成上传 [22/23]: D:/2026_SmartCar/PersonalCode/CarA/user/mainA.py -> :user/mainA.py
2026-07-04 00:28:18 | INFO | mpy_cli | 开始上传 [23/23]: D:/2026_SmartCar/PersonalCode/CarA/user_main.py -> :user_main.py
2026-07-04 00:28:19 | INFO | mpy_cli | 完成上传 [23/23]: D:/2026_SmartCar/PersonalCode/CarA/user_main.py -> :user_main.py
2026-07-04 00:28:19 | INFO | mpy_cli | 部署完成: success=23 failure=0
2026-07-04 01:21:16 | INFO | mpy_cli | 开始擦除 [1/23]: 设备文件系统
2026-07-04 01:21:17 | INFO | mpy_cli | 完成擦除 [1/23]: 设备文件系统
2026-07-04 01:21:17 | INFO | mpy_cli | 开始上传 [2/23]: D:/2026_SmartCar/PersonalCode/CarA/.mpy-cli.toml -> :.mpy-cli.toml
2026-07-04 01:21:17 | INFO | mpy_cli | 完成上传 [2/23]: D:/2026_SmartCar/PersonalCode/CarA/.mpy-cli.toml -> :.mpy-cli.toml
2026-07-04 01:21:17 | INFO | mpy_cli | 开始上传 [3/23]: D:/2026_SmartCar/PersonalCode/CarA/.mpyignore -> :.mpyignore
2026-07-04 01:21:18 | INFO | mpy_cli | 完成上传 [3/23]: D:/2026_SmartCar/PersonalCode/CarA/.mpyignore -> :.mpyignore
2026-07-04 01:21:18 | INFO | mpy_cli | 开始上传 [4/23]: D:/2026_SmartCar/PersonalCode/CarA/boot.py -> :boot.py
2026-07-04 01:21:18 | INFO | mpy_cli | 完成上传 [4/23]: D:/2026_SmartCar/PersonalCode/CarA/boot.py -> :boot.py
2026-07-04 01:21:18 | INFO | mpy_cli | 开始上传 [5/23]: D:/2026_SmartCar/PersonalCode/CarA/connection/MCXVisionUsart.py -> :connection/MCXVisionUsart.py
2026-07-04 01:21:19 | INFO | mpy_cli | 完成上传 [5/23]: D:/2026_SmartCar/PersonalCode/CarA/connection/MCXVisionUsart.py -> :connection/MCXVisionUsart.py
2026-07-04 01:21:19 | INFO | mpy_cli | 开始上传 [6/23]: D:/2026_SmartCar/PersonalCode/CarA/connection/PIDYawUsart.py -> :connection/PIDYawUsart.py
2026-07-04 01:21:20 | INFO | mpy_cli | 完成上传 [6/23]: D:/2026_SmartCar/PersonalCode/CarA/connection/PIDYawUsart.py -> :connection/PIDYawUsart.py
2026-07-04 01:21:20 | INFO | mpy_cli | 开始上传 [7/23]: D:/2026_SmartCar/PersonalCode/CarA/connection/WirelessUsart.py -> :connection/WirelessUsart.py
2026-07-04 01:21:20 | INFO | mpy_cli | 完成上传 [7/23]: D:/2026_SmartCar/PersonalCode/CarA/connection/WirelessUsart.py -> :connection/WirelessUsart.py
2026-07-04 01:21:20 | INFO | mpy_cli | 开始上传 [8/23]: D:/2026_SmartCar/PersonalCode/CarA/connection/WirelessUsartCars.py -> :connection/WirelessUsartCars.py
2026-07-04 01:21:22 | INFO | mpy_cli | 完成上传 [8/23]: D:/2026_SmartCar/PersonalCode/CarA/connection/WirelessUsartCars.py -> :connection/WirelessUsartCars.py
2026-07-04 01:21:22 | INFO | mpy_cli | 开始上传 [9/23]: D:/2026_SmartCar/PersonalCode/CarA/connection/__init__.py -> :connection/__init__.py
2026-07-04 01:21:22 | INFO | mpy_cli | 完成上传 [9/23]: D:/2026_SmartCar/PersonalCode/CarA/connection/__init__.py -> :connection/__init__.py
2026-07-04 01:21:22 | INFO | mpy_cli | 开始上传 [10/23]: D:/2026_SmartCar/PersonalCode/CarA/control/ColorTrace.py -> :control/ColorTrace.py
2026-07-04 01:21:24 | INFO | mpy_cli | 完成上传 [10/23]: D:/2026_SmartCar/PersonalCode/CarA/control/ColorTrace.py -> :control/ColorTrace.py
2026-07-04 01:21:24 | INFO | mpy_cli | 开始上传 [11/23]: D:/2026_SmartCar/PersonalCode/CarA/control/MotorControl.py -> :control/MotorControl.py
2026-07-04 01:21:25 | INFO | mpy_cli | 完成上传 [11/23]: D:/2026_SmartCar/PersonalCode/CarA/control/MotorControl.py -> :control/MotorControl.py
2026-07-04 01:21:25 | INFO | mpy_cli | 开始上传 [12/23]: D:/2026_SmartCar/PersonalCode/CarA/control/MotorEncoder.py -> :control/MotorEncoder.py
2026-07-04 01:21:26 | INFO | mpy_cli | 完成上传 [12/23]: D:/2026_SmartCar/PersonalCode/CarA/control/MotorEncoder.py -> :control/MotorEncoder.py
2026-07-04 01:21:26 | INFO | mpy_cli | 开始上传 [13/23]: D:/2026_SmartCar/PersonalCode/CarA/control/PID.py -> :control/PID.py
2026-07-04 01:21:26 | INFO | mpy_cli | 完成上传 [13/23]: D:/2026_SmartCar/PersonalCode/CarA/control/PID.py -> :control/PID.py
2026-07-04 01:21:26 | INFO | mpy_cli | 开始上传 [14/23]: D:/2026_SmartCar/PersonalCode/CarA/control/__init__.py -> :control/__init__.py
2026-07-04 01:21:27 | INFO | mpy_cli | 完成上传 [14/23]: D:/2026_SmartCar/PersonalCode/CarA/control/__init__.py -> :control/__init__.py
2026-07-04 01:21:27 | INFO | mpy_cli | 开始上传 [15/23]: D:/2026_SmartCar/PersonalCode/CarA/imu/IMUVertical.py -> :imu/IMUVertical.py
2026-07-04 01:21:28 | INFO | mpy_cli | 完成上传 [15/23]: D:/2026_SmartCar/PersonalCode/CarA/imu/IMUVertical.py -> :imu/IMUVertical.py
2026-07-04 01:21:28 | INFO | mpy_cli | 开始上传 [16/23]: D:/2026_SmartCar/PersonalCode/CarA/imu/Imu.py -> :imu/Imu.py
2026-07-04 01:21:29 | INFO | mpy_cli | 完成上传 [16/23]: D:/2026_SmartCar/PersonalCode/CarA/imu/Imu.py -> :imu/Imu.py
2026-07-04 01:21:29 | INFO | mpy_cli | 开始上传 [17/23]: D:/2026_SmartCar/PersonalCode/CarA/imu/ImuDataSend.py -> :imu/ImuDataSend.py
2026-07-04 01:21:30 | INFO | mpy_cli | 完成上传 [17/23]: D:/2026_SmartCar/PersonalCode/CarA/imu/ImuDataSend.py -> :imu/ImuDataSend.py
2026-07-04 01:21:30 | INFO | mpy_cli | 开始上传 [18/23]: D:/2026_SmartCar/PersonalCode/CarA/imu/ImuPoseEstimator.py -> :imu/ImuPoseEstimator.py
2026-07-04 01:21:31 | INFO | mpy_cli | 完成上传 [18/23]: D:/2026_SmartCar/PersonalCode/CarA/imu/ImuPoseEstimator.py -> :imu/ImuPoseEstimator.py
2026-07-04 01:21:31 | INFO | mpy_cli | 开始上传 [19/23]: D:/2026_SmartCar/PersonalCode/CarA/imu/__init__.py -> :imu/__init__.py
2026-07-04 01:21:31 | INFO | mpy_cli | 完成上传 [19/23]: D:/2026_SmartCar/PersonalCode/CarA/imu/__init__.py -> :imu/__init__.py
2026-07-04 01:21:31 | INFO | mpy_cli | 开始上传 [20/23]: D:/2026_SmartCar/PersonalCode/CarA/imu/imu660ra_reader.py -> :imu/imu660ra_reader.py
2026-07-04 01:21:32 | INFO | mpy_cli | 完成上传 [20/23]: D:/2026_SmartCar/PersonalCode/CarA/imu/imu660ra_reader.py -> :imu/imu660ra_reader.py
2026-07-04 01:21:32 | INFO | mpy_cli | 开始上传 [21/23]: D:/2026_SmartCar/PersonalCode/CarA/user/__init__.py -> :user/__init__.py
2026-07-04 01:21:33 | INFO | mpy_cli | 完成上传 [21/23]: D:/2026_SmartCar/PersonalCode/CarA/user/__init__.py -> :user/__init__.py
2026-07-04 01:21:33 | INFO | mpy_cli | 开始上传 [22/23]: D:/2026_SmartCar/PersonalCode/CarA/user/mainA.py -> :user/mainA.py
2026-07-04 01:21:34 | INFO | mpy_cli | 完成上传 [22/23]: D:/2026_SmartCar/PersonalCode/CarA/user/mainA.py -> :user/mainA.py
2026-07-04 01:21:34 | INFO | mpy_cli | 开始上传 [23/23]: D:/2026_SmartCar/PersonalCode/CarA/user_main.py -> :user_main.py
2026-07-04 01:21:34 | INFO | mpy_cli | 完成上传 [23/23]: D:/2026_SmartCar/PersonalCode/CarA/user_main.py -> :user_main.py
2026-07-04 01:21:34 | INFO | mpy_cli | 部署完成: success=23 failure=0
2026-07-04 01:23:59 | INFO | mpy_cli | 开始擦除 [1/23]: 设备文件系统
2026-07-04 01:24:00 | INFO | mpy_cli | 完成擦除 [1/23]: 设备文件系统
2026-07-04 01:24:00 | INFO | mpy_cli | 开始上传 [2/23]: D:/2026_SmartCar/PersonalCode/CarA/.mpy-cli.toml -> :.mpy-cli.toml
2026-07-04 01:24:00 | INFO | mpy_cli | 完成上传 [2/23]: D:/2026_SmartCar/PersonalCode/CarA/.mpy-cli.toml -> :.mpy-cli.toml
2026-07-04 01:24:00 | INFO | mpy_cli | 开始上传 [3/23]: D:/2026_SmartCar/PersonalCode/CarA/.mpyignore -> :.mpyignore
2026-07-04 01:24:00 | INFO | mpy_cli | 完成上传 [3/23]: D:/2026_SmartCar/PersonalCode/CarA/.mpyignore -> :.mpyignore
2026-07-04 01:24:00 | INFO | mpy_cli | 开始上传 [4/23]: D:/2026_SmartCar/PersonalCode/CarA/boot.py -> :boot.py
2026-07-04 01:24:01 | INFO | mpy_cli | 完成上传 [4/23]: D:/2026_SmartCar/PersonalCode/CarA/boot.py -> :boot.py
2026-07-04 01:24:01 | INFO | mpy_cli | 开始上传 [5/23]: D:/2026_SmartCar/PersonalCode/CarA/connection/MCXVisionUsart.py -> :connection/MCXVisionUsart.py
2026-07-04 01:24:02 | INFO | mpy_cli | 完成上传 [5/23]: D:/2026_SmartCar/PersonalCode/CarA/connection/MCXVisionUsart.py -> :connection/MCXVisionUsart.py
2026-07-04 01:24:02 | INFO | mpy_cli | 开始上传 [6/23]: D:/2026_SmartCar/PersonalCode/CarA/connection/PIDYawUsart.py -> :connection/PIDYawUsart.py
2026-07-04 01:24:02 | INFO | mpy_cli | 完成上传 [6/23]: D:/2026_SmartCar/PersonalCode/CarA/connection/PIDYawUsart.py -> :connection/PIDYawUsart.py
2026-07-04 01:24:02 | INFO | mpy_cli | 开始上传 [7/23]: D:/2026_SmartCar/PersonalCode/CarA/connection/WirelessUsart.py -> :connection/WirelessUsart.py
2026-07-04 01:24:03 | INFO | mpy_cli | 完成上传 [7/23]: D:/2026_SmartCar/PersonalCode/CarA/connection/WirelessUsart.py -> :connection/WirelessUsart.py
2026-07-04 01:24:03 | INFO | mpy_cli | 开始上传 [8/23]: D:/2026_SmartCar/PersonalCode/CarA/connection/WirelessUsartCars.py -> :connection/WirelessUsartCars.py
2026-07-04 01:24:04 | INFO | mpy_cli | 完成上传 [8/23]: D:/2026_SmartCar/PersonalCode/CarA/connection/WirelessUsartCars.py -> :connection/WirelessUsartCars.py
2026-07-04 01:24:04 | INFO | mpy_cli | 开始上传 [9/23]: D:/2026_SmartCar/PersonalCode/CarA/connection/__init__.py -> :connection/__init__.py
2026-07-04 01:24:05 | INFO | mpy_cli | 完成上传 [9/23]: D:/2026_SmartCar/PersonalCode/CarA/connection/__init__.py -> :connection/__init__.py
2026-07-04 01:24:05 | INFO | mpy_cli | 开始上传 [10/23]: D:/2026_SmartCar/PersonalCode/CarA/control/ColorTrace.py -> :control/ColorTrace.py
2026-07-04 01:24:06 | INFO | mpy_cli | 完成上传 [10/23]: D:/2026_SmartCar/PersonalCode/CarA/control/ColorTrace.py -> :control/ColorTrace.py
2026-07-04 01:24:06 | INFO | mpy_cli | 开始上传 [11/23]: D:/2026_SmartCar/PersonalCode/CarA/control/MotorControl.py -> :control/MotorControl.py
2026-07-04 01:24:07 | INFO | mpy_cli | 完成上传 [11/23]: D:/2026_SmartCar/PersonalCode/CarA/control/MotorControl.py -> :control/MotorControl.py
2026-07-04 01:24:07 | INFO | mpy_cli | 开始上传 [12/23]: D:/2026_SmartCar/PersonalCode/CarA/control/MotorEncoder.py -> :control/MotorEncoder.py
2026-07-04 01:24:08 | INFO | mpy_cli | 完成上传 [12/23]: D:/2026_SmartCar/PersonalCode/CarA/control/MotorEncoder.py -> :control/MotorEncoder.py
2026-07-04 01:24:08 | INFO | mpy_cli | 开始上传 [13/23]: D:/2026_SmartCar/PersonalCode/CarA/control/PID.py -> :control/PID.py
2026-07-04 01:24:09 | INFO | mpy_cli | 完成上传 [13/23]: D:/2026_SmartCar/PersonalCode/CarA/control/PID.py -> :control/PID.py
2026-07-04 01:24:09 | INFO | mpy_cli | 开始上传 [14/23]: D:/2026_SmartCar/PersonalCode/CarA/control/__init__.py -> :control/__init__.py
2026-07-04 01:24:10 | INFO | mpy_cli | 完成上传 [14/23]: D:/2026_SmartCar/PersonalCode/CarA/control/__init__.py -> :control/__init__.py
2026-07-04 01:24:10 | INFO | mpy_cli | 开始上传 [15/23]: D:/2026_SmartCar/PersonalCode/CarA/imu/IMUVertical.py -> :imu/IMUVertical.py
2026-07-04 01:24:11 | INFO | mpy_cli | 完成上传 [15/23]: D:/2026_SmartCar/PersonalCode/CarA/imu/IMUVertical.py -> :imu/IMUVertical.py
2026-07-04 01:24:11 | INFO | mpy_cli | 开始上传 [16/23]: D:/2026_SmartCar/PersonalCode/CarA/imu/Imu.py -> :imu/Imu.py
2026-07-04 01:24:12 | INFO | mpy_cli | 完成上传 [16/23]: D:/2026_SmartCar/PersonalCode/CarA/imu/Imu.py -> :imu/Imu.py
2026-07-04 01:24:12 | INFO | mpy_cli | 开始上传 [17/23]: D:/2026_SmartCar/PersonalCode/CarA/imu/ImuDataSend.py -> :imu/ImuDataSend.py
2026-07-04 01:24:12 | INFO | mpy_cli | 完成上传 [17/23]: D:/2026_SmartCar/PersonalCode/CarA/imu/ImuDataSend.py -> :imu/ImuDataSend.py
2026-07-04 01:24:12 | INFO | mpy_cli | 开始上传 [18/23]: D:/2026_SmartCar/PersonalCode/CarA/imu/ImuPoseEstimator.py -> :imu/ImuPoseEstimator.py
2026-07-04 01:24:13 | INFO | mpy_cli | 完成上传 [18/23]: D:/2026_SmartCar/PersonalCode/CarA/imu/ImuPoseEstimator.py -> :imu/ImuPoseEstimator.py
2026-07-04 01:24:13 | INFO | mpy_cli | 开始上传 [19/23]: D:/2026_SmartCar/PersonalCode/CarA/imu/__init__.py -> :imu/__init__.py
2026-07-04 01:24:14 | INFO | mpy_cli | 完成上传 [19/23]: D:/2026_SmartCar/PersonalCode/CarA/imu/__init__.py -> :imu/__init__.py
2026-07-04 01:24:14 | INFO | mpy_cli | 开始上传 [20/23]: D:/2026_SmartCar/PersonalCode/CarA/imu/imu660ra_reader.py -> :imu/imu660ra_reader.py
2026-07-04 01:24:15 | INFO | mpy_cli | 完成上传 [20/23]: D:/2026_SmartCar/PersonalCode/CarA/imu/imu660ra_reader.py -> :imu/imu660ra_reader.py
2026-07-04 01:24:15 | INFO | mpy_cli | 开始上传 [21/23]: D:/2026_SmartCar/PersonalCode/CarA/user/__init__.py -> :user/__init__.py
2026-07-04 01:24:16 | INFO | mpy_cli | 完成上传 [21/23]: D:/2026_SmartCar/PersonalCode/CarA/user/__init__.py -> :user/__init__.py
2026-07-04 01:24:16 | INFO | mpy_cli | 开始上传 [22/23]: D:/2026_SmartCar/PersonalCode/CarA/user/mainA.py -> :user/mainA.py
2026-07-04 01:24:16 | INFO | mpy_cli | 完成上传 [22/23]: D:/2026_SmartCar/PersonalCode/CarA/user/mainA.py -> :user/mainA.py
2026-07-04 01:24:16 | INFO | mpy_cli | 开始上传 [23/23]: D:/2026_SmartCar/PersonalCode/CarA/user_main.py -> :user_main.py
2026-07-04 01:24:17 | INFO | mpy_cli | 完成上传 [23/23]: D:/2026_SmartCar/PersonalCode/CarA/user_main.py -> :user_main.py
2026-07-04 01:24:17 | INFO | mpy_cli | 部署完成: success=23 failure=0
2026-07-04 01:33:47 | INFO | mpy_cli | 开始擦除 [1/23]: 设备文件系统
2026-07-04 01:33:48 | INFO | mpy_cli | 完成擦除 [1/23]: 设备文件系统
2026-07-04 01:33:48 | INFO | mpy_cli | 开始上传 [2/23]: D:/2026_SmartCar/PersonalCode/CarA/.mpy-cli.toml -> :.mpy-cli.toml
2026-07-04 01:33:48 | INFO | mpy_cli | 完成上传 [2/23]: D:/2026_SmartCar/PersonalCode/CarA/.mpy-cli.toml -> :.mpy-cli.toml
2026-07-04 01:33:48 | INFO | mpy_cli | 开始上传 [3/23]: D:/2026_SmartCar/PersonalCode/CarA/.mpyignore -> :.mpyignore
2026-07-04 01:33:49 | INFO | mpy_cli | 完成上传 [3/23]: D:/2026_SmartCar/PersonalCode/CarA/.mpyignore -> :.mpyignore
2026-07-04 01:33:49 | INFO | mpy_cli | 开始上传 [4/23]: D:/2026_SmartCar/PersonalCode/CarA/boot.py -> :boot.py
2026-07-04 01:33:49 | INFO | mpy_cli | 完成上传 [4/23]: D:/2026_SmartCar/PersonalCode/CarA/boot.py -> :boot.py
2026-07-04 01:33:49 | INFO | mpy_cli | 开始上传 [5/23]: D:/2026_SmartCar/PersonalCode/CarA/connection/MCXVisionUsart.py -> :connection/MCXVisionUsart.py
2026-07-04 01:33:50 | INFO | mpy_cli | 完成上传 [5/23]: D:/2026_SmartCar/PersonalCode/CarA/connection/MCXVisionUsart.py -> :connection/MCXVisionUsart.py
2026-07-04 01:33:50 | INFO | mpy_cli | 开始上传 [6/23]: D:/2026_SmartCar/PersonalCode/CarA/connection/PIDYawUsart.py -> :connection/PIDYawUsart.py
2026-07-04 01:33:50 | INFO | mpy_cli | 完成上传 [6/23]: D:/2026_SmartCar/PersonalCode/CarA/connection/PIDYawUsart.py -> :connection/PIDYawUsart.py
2026-07-04 01:33:50 | INFO | mpy_cli | 开始上传 [7/23]: D:/2026_SmartCar/PersonalCode/CarA/connection/WirelessUsart.py -> :connection/WirelessUsart.py
2026-07-04 01:33:51 | INFO | mpy_cli | 完成上传 [7/23]: D:/2026_SmartCar/PersonalCode/CarA/connection/WirelessUsart.py -> :connection/WirelessUsart.py
2026-07-04 01:33:51 | INFO | mpy_cli | 开始上传 [8/23]: D:/2026_SmartCar/PersonalCode/CarA/connection/WirelessUsartCars.py -> :connection/WirelessUsartCars.py
2026-07-04 01:33:52 | INFO | mpy_cli | 完成上传 [8/23]: D:/2026_SmartCar/PersonalCode/CarA/connection/WirelessUsartCars.py -> :connection/WirelessUsartCars.py
2026-07-04 01:33:52 | INFO | mpy_cli | 开始上传 [9/23]: D:/2026_SmartCar/PersonalCode/CarA/connection/__init__.py -> :connection/__init__.py
2026-07-04 01:33:53 | INFO | mpy_cli | 完成上传 [9/23]: D:/2026_SmartCar/PersonalCode/CarA/connection/__init__.py -> :connection/__init__.py
2026-07-04 01:33:53 | INFO | mpy_cli | 开始上传 [10/23]: D:/2026_SmartCar/PersonalCode/CarA/control/ColorTrace.py -> :control/ColorTrace.py
2026-07-04 01:33:54 | INFO | mpy_cli | 完成上传 [10/23]: D:/2026_SmartCar/PersonalCode/CarA/control/ColorTrace.py -> :control/ColorTrace.py
2026-07-04 01:33:54 | INFO | mpy_cli | 开始上传 [11/23]: D:/2026_SmartCar/PersonalCode/CarA/control/MotorControl.py -> :control/MotorControl.py
2026-07-04 01:33:55 | INFO | mpy_cli | 完成上传 [11/23]: D:/2026_SmartCar/PersonalCode/CarA/control/MotorControl.py -> :control/MotorControl.py
2026-07-04 01:33:55 | INFO | mpy_cli | 开始上传 [12/23]: D:/2026_SmartCar/PersonalCode/CarA/control/MotorEncoder.py -> :control/MotorEncoder.py
2026-07-04 01:33:56 | INFO | mpy_cli | 完成上传 [12/23]: D:/2026_SmartCar/PersonalCode/CarA/control/MotorEncoder.py -> :control/MotorEncoder.py
2026-07-04 01:33:56 | INFO | mpy_cli | 开始上传 [13/23]: D:/2026_SmartCar/PersonalCode/CarA/control/PID.py -> :control/PID.py
2026-07-04 01:33:56 | INFO | mpy_cli | 完成上传 [13/23]: D:/2026_SmartCar/PersonalCode/CarA/control/PID.py -> :control/PID.py
2026-07-04 01:33:56 | INFO | mpy_cli | 开始上传 [14/23]: D:/2026_SmartCar/PersonalCode/CarA/control/__init__.py -> :control/__init__.py
2026-07-04 01:33:57 | INFO | mpy_cli | 完成上传 [14/23]: D:/2026_SmartCar/PersonalCode/CarA/control/__init__.py -> :control/__init__.py
2026-07-04 01:33:57 | INFO | mpy_cli | 开始上传 [15/23]: D:/2026_SmartCar/PersonalCode/CarA/imu/IMUVertical.py -> :imu/IMUVertical.py
2026-07-04 01:33:58 | INFO | mpy_cli | 完成上传 [15/23]: D:/2026_SmartCar/PersonalCode/CarA/imu/IMUVertical.py -> :imu/IMUVertical.py
2026-07-04 01:33:58 | INFO | mpy_cli | 开始上传 [16/23]: D:/2026_SmartCar/PersonalCode/CarA/imu/Imu.py -> :imu/Imu.py
2026-07-04 01:33:59 | INFO | mpy_cli | 完成上传 [16/23]: D:/2026_SmartCar/PersonalCode/CarA/imu/Imu.py -> :imu/Imu.py
2026-07-04 01:33:59 | INFO | mpy_cli | 开始上传 [17/23]: D:/2026_SmartCar/PersonalCode/CarA/imu/ImuDataSend.py -> :imu/ImuDataSend.py
2026-07-04 01:33:59 | INFO | mpy_cli | 完成上传 [17/23]: D:/2026_SmartCar/PersonalCode/CarA/imu/ImuDataSend.py -> :imu/ImuDataSend.py
2026-07-04 01:33:59 | INFO | mpy_cli | 开始上传 [18/23]: D:/2026_SmartCar/PersonalCode/CarA/imu/ImuPoseEstimator.py -> :imu/ImuPoseEstimator.py
2026-07-04 01:34:01 | INFO | mpy_cli | 完成上传 [18/23]: D:/2026_SmartCar/PersonalCode/CarA/imu/ImuPoseEstimator.py -> :imu/ImuPoseEstimator.py
2026-07-04 01:34:01 | INFO | mpy_cli | 开始上传 [19/23]: D:/2026_SmartCar/PersonalCode/CarA/imu/__init__.py -> :imu/__init__.py
2026-07-04 01:34:01 | INFO | mpy_cli | 完成上传 [19/23]: D:/2026_SmartCar/PersonalCode/CarA/imu/__init__.py -> :imu/__init__.py
2026-07-04 01:34:01 | INFO | mpy_cli | 开始上传 [20/23]: D:/2026_SmartCar/PersonalCode/CarA/imu/imu660ra_reader.py -> :imu/imu660ra_reader.py
2026-07-04 01:34:02 | INFO | mpy_cli | 完成上传 [20/23]: D:/2026_SmartCar/PersonalCode/CarA/imu/imu660ra_reader.py -> :imu/imu660ra_reader.py
2026-07-04 01:34:02 | INFO | mpy_cli | 开始上传 [21/23]: D:/2026_SmartCar/PersonalCode/CarA/user/__init__.py -> :user/__init__.py
2026-07-04 01:34:02 | INFO | mpy_cli | 完成上传 [21/23]: D:/2026_SmartCar/PersonalCode/CarA/user/__init__.py -> :user/__init__.py
2026-07-04 01:34:02 | INFO | mpy_cli | 开始上传 [22/23]: D:/2026_SmartCar/PersonalCode/CarA/user/mainA.py -> :user/mainA.py
2026-07-04 01:34:03 | INFO | mpy_cli | 完成上传 [22/23]: D:/2026_SmartCar/PersonalCode/CarA/user/mainA.py -> :user/mainA.py
2026-07-04 01:34:03 | INFO | mpy_cli | 开始上传 [23/23]: D:/2026_SmartCar/PersonalCode/CarA/user_main.py -> :user_main.py
2026-07-04 01:34:03 | INFO | mpy_cli | 完成上传 [23/23]: D:/2026_SmartCar/PersonalCode/CarA/user_main.py -> :user_main.py
2026-07-04 01:34:03 | INFO | mpy_cli | 部署完成: success=23 failure=0
2026-07-04 01:39:53 | INFO | mpy_cli | 开始擦除 [1/23]: 设备文件系统
2026-07-04 01:39:54 | INFO | mpy_cli | 完成擦除 [1/23]: 设备文件系统
2026-07-04 01:39:54 | INFO | mpy_cli | 开始上传 [2/23]: D:/2026_SmartCar/PersonalCode/CarA/.mpy-cli.toml -> :.mpy-cli.toml
2026-07-04 01:39:55 | INFO | mpy_cli | 完成上传 [2/23]: D:/2026_SmartCar/PersonalCode/CarA/.mpy-cli.toml -> :.mpy-cli.toml
2026-07-04 01:39:55 | INFO | mpy_cli | 开始上传 [3/23]: D:/2026_SmartCar/PersonalCode/CarA/.mpyignore -> :.mpyignore
2026-07-04 01:39:55 | INFO | mpy_cli | 完成上传 [3/23]: D:/2026_SmartCar/PersonalCode/CarA/.mpyignore -> :.mpyignore
2026-07-04 01:39:55 | INFO | mpy_cli | 开始上传 [4/23]: D:/2026_SmartCar/PersonalCode/CarA/boot.py -> :boot.py
2026-07-04 01:39:55 | INFO | mpy_cli | 完成上传 [4/23]: D:/2026_SmartCar/PersonalCode/CarA/boot.py -> :boot.py
2026-07-04 01:39:55 | INFO | mpy_cli | 开始上传 [5/23]: D:/2026_SmartCar/PersonalCode/CarA/connection/MCXVisionUsart.py -> :connection/MCXVisionUsart.py
2026-07-04 01:39:56 | INFO | mpy_cli | 完成上传 [5/23]: D:/2026_SmartCar/PersonalCode/CarA/connection/MCXVisionUsart.py -> :connection/MCXVisionUsart.py
2026-07-04 01:39:56 | INFO | mpy_cli | 开始上传 [6/23]: D:/2026_SmartCar/PersonalCode/CarA/connection/PIDYawUsart.py -> :connection/PIDYawUsart.py
2026-07-04 01:39:57 | INFO | mpy_cli | 完成上传 [6/23]: D:/2026_SmartCar/PersonalCode/CarA/connection/PIDYawUsart.py -> :connection/PIDYawUsart.py
2026-07-04 01:39:57 | INFO | mpy_cli | 开始上传 [7/23]: D:/2026_SmartCar/PersonalCode/CarA/connection/WirelessUsart.py -> :connection/WirelessUsart.py
2026-07-04 01:39:58 | INFO | mpy_cli | 完成上传 [7/23]: D:/2026_SmartCar/PersonalCode/CarA/connection/WirelessUsart.py -> :connection/WirelessUsart.py
2026-07-04 01:39:58 | INFO | mpy_cli | 开始上传 [8/23]: D:/2026_SmartCar/PersonalCode/CarA/connection/WirelessUsartCars.py -> :connection/WirelessUsartCars.py
2026-07-04 01:39:59 | INFO | mpy_cli | 完成上传 [8/23]: D:/2026_SmartCar/PersonalCode/CarA/connection/WirelessUsartCars.py -> :connection/WirelessUsartCars.py
2026-07-04 01:39:59 | INFO | mpy_cli | 开始上传 [9/23]: D:/2026_SmartCar/PersonalCode/CarA/connection/__init__.py -> :connection/__init__.py
2026-07-04 01:39:59 | INFO | mpy_cli | 完成上传 [9/23]: D:/2026_SmartCar/PersonalCode/CarA/connection/__init__.py -> :connection/__init__.py
2026-07-04 01:39:59 | INFO | mpy_cli | 开始上传 [10/23]: D:/2026_SmartCar/PersonalCode/CarA/control/ColorTrace.py -> :control/ColorTrace.py
2026-07-04 01:40:01 | INFO | mpy_cli | 完成上传 [10/23]: D:/2026_SmartCar/PersonalCode/CarA/control/ColorTrace.py -> :control/ColorTrace.py
2026-07-04 01:40:01 | INFO | mpy_cli | 开始上传 [11/23]: D:/2026_SmartCar/PersonalCode/CarA/control/MotorControl.py -> :control/MotorControl.py
2026-07-04 01:40:02 | INFO | mpy_cli | 完成上传 [11/23]: D:/2026_SmartCar/PersonalCode/CarA/control/MotorControl.py -> :control/MotorControl.py
2026-07-04 01:40:02 | INFO | mpy_cli | 开始上传 [12/23]: D:/2026_SmartCar/PersonalCode/CarA/control/MotorEncoder.py -> :control/MotorEncoder.py
2026-07-04 01:40:03 | INFO | mpy_cli | 完成上传 [12/23]: D:/2026_SmartCar/PersonalCode/CarA/control/MotorEncoder.py -> :control/MotorEncoder.py
2026-07-04 01:40:03 | INFO | mpy_cli | 开始上传 [13/23]: D:/2026_SmartCar/PersonalCode/CarA/control/PID.py -> :control/PID.py
2026-07-04 01:40:03 | INFO | mpy_cli | 完成上传 [13/23]: D:/2026_SmartCar/PersonalCode/CarA/control/PID.py -> :control/PID.py
2026-07-04 01:40:03 | INFO | mpy_cli | 开始上传 [14/23]: D:/2026_SmartCar/PersonalCode/CarA/control/__init__.py -> :control/__init__.py
2026-07-04 01:40:04 | INFO | mpy_cli | 完成上传 [14/23]: D:/2026_SmartCar/PersonalCode/CarA/control/__init__.py -> :control/__init__.py
2026-07-04 01:40:04 | INFO | mpy_cli | 开始上传 [15/23]: D:/2026_SmartCar/PersonalCode/CarA/imu/IMUVertical.py -> :imu/IMUVertical.py
2026-07-04 01:40:05 | INFO | mpy_cli | 完成上传 [15/23]: D:/2026_SmartCar/PersonalCode/CarA/imu/IMUVertical.py -> :imu/IMUVertical.py
2026-07-04 01:40:05 | INFO | mpy_cli | 开始上传 [16/23]: D:/2026_SmartCar/PersonalCode/CarA/imu/Imu.py -> :imu/Imu.py
2026-07-04 01:40:06 | INFO | mpy_cli | 完成上传 [16/23]: D:/2026_SmartCar/PersonalCode/CarA/imu/Imu.py -> :imu/Imu.py
2026-07-04 01:40:06 | INFO | mpy_cli | 开始上传 [17/23]: D:/2026_SmartCar/PersonalCode/CarA/imu/ImuDataSend.py -> :imu/ImuDataSend.py
2026-07-04 01:40:07 | INFO | mpy_cli | 完成上传 [17/23]: D:/2026_SmartCar/PersonalCode/CarA/imu/ImuDataSend.py -> :imu/ImuDataSend.py
2026-07-04 01:40:07 | INFO | mpy_cli | 开始上传 [18/23]: D:/2026_SmartCar/PersonalCode/CarA/imu/ImuPoseEstimator.py -> :imu/ImuPoseEstimator.py
2026-07-04 01:40:08 | INFO | mpy_cli | 完成上传 [18/23]: D:/2026_SmartCar/PersonalCode/CarA/imu/ImuPoseEstimator.py -> :imu/ImuPoseEstimator.py
2026-07-04 01:40:08 | INFO | mpy_cli | 开始上传 [19/23]: D:/2026_SmartCar/PersonalCode/CarA/imu/__init__.py -> :imu/__init__.py
2026-07-04 01:40:08 | INFO | mpy_cli | 完成上传 [19/23]: D:/2026_SmartCar/PersonalCode/CarA/imu/__init__.py -> :imu/__init__.py
2026-07-04 01:40:08 | INFO | mpy_cli | 开始上传 [20/23]: D:/2026_SmartCar/PersonalCode/CarA/imu/imu660ra_reader.py -> :imu/imu660ra_reader.py
2026-07-04 01:40:09 | INFO | mpy_cli | 完成上传 [20/23]: D:/2026_SmartCar/PersonalCode/CarA/imu/imu660ra_reader.py -> :imu/imu660ra_reader.py
2026-07-04 01:40:09 | INFO | mpy_cli | 开始上传 [21/23]: D:/2026_SmartCar/PersonalCode/CarA/user/__init__.py -> :user/__init__.py
2026-07-04 01:40:10 | INFO | mpy_cli | 完成上传 [21/23]: D:/2026_SmartCar/PersonalCode/CarA/user/__init__.py -> :user/__init__.py
2026-07-04 01:40:10 | INFO | mpy_cli | 开始上传 [22/23]: D:/2026_SmartCar/PersonalCode/CarA/user/mainA.py -> :user/mainA.py
2026-07-04 01:40:10 | INFO | mpy_cli | 完成上传 [22/23]: D:/2026_SmartCar/PersonalCode/CarA/user/mainA.py -> :user/mainA.py
2026-07-04 01:40:10 | INFO | mpy_cli | 开始上传 [23/23]: D:/2026_SmartCar/PersonalCode/CarA/user_main.py -> :user_main.py
2026-07-04 01:40:11 | INFO | mpy_cli | 完成上传 [23/23]: D:/2026_SmartCar/PersonalCode/CarA/user_main.py -> :user_main.py
2026-07-04 01:40:11 | INFO | mpy_cli | 部署完成: success=23 failure=0
2026-07-04 01:40:46 | INFO | mpy_cli | 开始擦除 [1/23]: 设备文件系统
2026-07-04 01:40:46 | INFO | mpy_cli | 完成擦除 [1/23]: 设备文件系统
2026-07-04 01:40:46 | INFO | mpy_cli | 开始上传 [2/23]: D:/2026_SmartCar/PersonalCode/CarA/.mpy-cli.toml -> :.mpy-cli.toml
2026-07-04 01:40:47 | INFO | mpy_cli | 完成上传 [2/23]: D:/2026_SmartCar/PersonalCode/CarA/.mpy-cli.toml -> :.mpy-cli.toml
2026-07-04 01:40:47 | INFO | mpy_cli | 开始上传 [3/23]: D:/2026_SmartCar/PersonalCode/CarA/.mpyignore -> :.mpyignore
2026-07-04 01:40:47 | INFO | mpy_cli | 完成上传 [3/23]: D:/2026_SmartCar/PersonalCode/CarA/.mpyignore -> :.mpyignore
2026-07-04 01:40:47 | INFO | mpy_cli | 开始上传 [4/23]: D:/2026_SmartCar/PersonalCode/CarA/boot.py -> :boot.py
2026-07-04 01:40:47 | INFO | mpy_cli | 完成上传 [4/23]: D:/2026_SmartCar/PersonalCode/CarA/boot.py -> :boot.py
2026-07-04 01:40:47 | INFO | mpy_cli | 开始上传 [5/23]: D:/2026_SmartCar/PersonalCode/CarA/connection/MCXVisionUsart.py -> :connection/MCXVisionUsart.py
2026-07-04 01:40:48 | INFO | mpy_cli | 完成上传 [5/23]: D:/2026_SmartCar/PersonalCode/CarA/connection/MCXVisionUsart.py -> :connection/MCXVisionUsart.py
2026-07-04 01:40:48 | INFO | mpy_cli | 开始上传 [6/23]: D:/2026_SmartCar/PersonalCode/CarA/connection/PIDYawUsart.py -> :connection/PIDYawUsart.py
2026-07-04 01:40:49 | INFO | mpy_cli | 完成上传 [6/23]: D:/2026_SmartCar/PersonalCode/CarA/connection/PIDYawUsart.py -> :connection/PIDYawUsart.py
2026-07-04 01:40:49 | INFO | mpy_cli | 开始上传 [7/23]: D:/2026_SmartCar/PersonalCode/CarA/connection/WirelessUsart.py -> :connection/WirelessUsart.py
2026-07-04 01:40:50 | INFO | mpy_cli | 完成上传 [7/23]: D:/2026_SmartCar/PersonalCode/CarA/connection/WirelessUsart.py -> :connection/WirelessUsart.py
2026-07-04 01:40:50 | INFO | mpy_cli | 开始上传 [8/23]: D:/2026_SmartCar/PersonalCode/CarA/connection/WirelessUsartCars.py -> :connection/WirelessUsartCars.py
2026-07-04 01:40:51 | INFO | mpy_cli | 完成上传 [8/23]: D:/2026_SmartCar/PersonalCode/CarA/connection/WirelessUsartCars.py -> :connection/WirelessUsartCars.py
2026-07-04 01:40:51 | INFO | mpy_cli | 开始上传 [9/23]: D:/2026_SmartCar/PersonalCode/CarA/connection/__init__.py -> :connection/__init__.py
2026-07-04 01:40:51 | INFO | mpy_cli | 完成上传 [9/23]: D:/2026_SmartCar/PersonalCode/CarA/connection/__init__.py -> :connection/__init__.py
2026-07-04 01:40:51 | INFO | mpy_cli | 开始上传 [10/23]: D:/2026_SmartCar/PersonalCode/CarA/control/ColorTrace.py -> :control/ColorTrace.py
2026-07-04 01:40:52 | INFO | mpy_cli | 完成上传 [10/23]: D:/2026_SmartCar/PersonalCode/CarA/control/ColorTrace.py -> :control/ColorTrace.py
2026-07-04 01:40:52 | INFO | mpy_cli | 开始上传 [11/23]: D:/2026_SmartCar/PersonalCode/CarA/control/MotorControl.py -> :control/MotorControl.py
2026-07-04 01:40:53 | INFO | mpy_cli | 完成上传 [11/23]: D:/2026_SmartCar/PersonalCode/CarA/control/MotorControl.py -> :control/MotorControl.py
2026-07-04 01:40:53 | INFO | mpy_cli | 开始上传 [12/23]: D:/2026_SmartCar/PersonalCode/CarA/control/MotorEncoder.py -> :control/MotorEncoder.py
2026-07-04 01:40:54 | INFO | mpy_cli | 完成上传 [12/23]: D:/2026_SmartCar/PersonalCode/CarA/control/MotorEncoder.py -> :control/MotorEncoder.py
2026-07-04 01:40:54 | INFO | mpy_cli | 开始上传 [13/23]: D:/2026_SmartCar/PersonalCode/CarA/control/PID.py -> :control/PID.py
2026-07-04 01:40:55 | INFO | mpy_cli | 完成上传 [13/23]: D:/2026_SmartCar/PersonalCode/CarA/control/PID.py -> :control/PID.py
2026-07-04 01:40:55 | INFO | mpy_cli | 开始上传 [14/23]: D:/2026_SmartCar/PersonalCode/CarA/control/__init__.py -> :control/__init__.py
2026-07-04 01:40:55 | INFO | mpy_cli | 完成上传 [14/23]: D:/2026_SmartCar/PersonalCode/CarA/control/__init__.py -> :control/__init__.py
2026-07-04 01:40:55 | INFO | mpy_cli | 开始上传 [15/23]: D:/2026_SmartCar/PersonalCode/CarA/imu/IMUVertical.py -> :imu/IMUVertical.py
2026-07-04 01:40:56 | INFO | mpy_cli | 完成上传 [15/23]: D:/2026_SmartCar/PersonalCode/CarA/imu/IMUVertical.py -> :imu/IMUVertical.py
2026-07-04 01:40:56 | INFO | mpy_cli | 开始上传 [16/23]: D:/2026_SmartCar/PersonalCode/CarA/imu/Imu.py -> :imu/Imu.py
2026-07-04 01:40:57 | INFO | mpy_cli | 完成上传 [16/23]: D:/2026_SmartCar/PersonalCode/CarA/imu/Imu.py -> :imu/Imu.py
2026-07-04 01:40:57 | INFO | mpy_cli | 开始上传 [17/23]: D:/2026_SmartCar/PersonalCode/CarA/imu/ImuDataSend.py -> :imu/ImuDataSend.py
2026-07-04 01:40:58 | INFO | mpy_cli | 完成上传 [17/23]: D:/2026_SmartCar/PersonalCode/CarA/imu/ImuDataSend.py -> :imu/ImuDataSend.py
2026-07-04 01:40:58 | INFO | mpy_cli | 开始上传 [18/23]: D:/2026_SmartCar/PersonalCode/CarA/imu/ImuPoseEstimator.py -> :imu/ImuPoseEstimator.py
2026-07-04 01:40:59 | INFO | mpy_cli | 完成上传 [18/23]: D:/2026_SmartCar/PersonalCode/CarA/imu/ImuPoseEstimator.py -> :imu/ImuPoseEstimator.py
2026-07-04 01:40:59 | INFO | mpy_cli | 开始上传 [19/23]: D:/2026_SmartCar/PersonalCode/CarA/imu/__init__.py -> :imu/__init__.py
2026-07-04 01:41:00 | INFO | mpy_cli | 完成上传 [19/23]: D:/2026_SmartCar/PersonalCode/CarA/imu/__init__.py -> :imu/__init__.py
2026-07-04 01:41:00 | INFO | mpy_cli | 开始上传 [20/23]: D:/2026_SmartCar/PersonalCode/CarA/imu/imu660ra_reader.py -> :imu/imu660ra_reader.py
2026-07-04 01:41:00 | INFO | mpy_cli | 完成上传 [20/23]: D:/2026_SmartCar/PersonalCode/CarA/imu/imu660ra_reader.py -> :imu/imu660ra_reader.py
2026-07-04 01:41:00 | INFO | mpy_cli | 开始上传 [21/23]: D:/2026_SmartCar/PersonalCode/CarA/user/__init__.py -> :user/__init__.py
2026-07-04 01:41:01 | INFO | mpy_cli | 完成上传 [21/23]: D:/2026_SmartCar/PersonalCode/CarA/user/__init__.py -> :user/__init__.py
2026-07-04 01:41:01 | INFO | mpy_cli | 开始上传 [22/23]: D:/2026_SmartCar/PersonalCode/CarA/user/mainA.py -> :user/mainA.py
2026-07-04 01:41:02 | INFO | mpy_cli | 完成上传 [22/23]: D:/2026_SmartCar/PersonalCode/CarA/user/mainA.py -> :user/mainA.py
2026-07-04 01:41:02 | INFO | mpy_cli | 开始上传 [23/23]: D:/2026_SmartCar/PersonalCode/CarA/user_main.py -> :user_main.py
2026-07-04 01:41:02 | INFO | mpy_cli | 完成上传 [23/23]: D:/2026_SmartCar/PersonalCode/CarA/user_main.py -> :user_main.py
2026-07-04 01:41:02 | INFO | mpy_cli | 部署完成: success=23 failure=0
2026-07-04 01:48:14 | INFO | mpy_cli | 开始擦除 [1/5]: 设备文件系统
2026-07-04 01:48:15 | INFO | mpy_cli | 完成擦除 [1/5]: 设备文件系统
2026-07-04 01:48:15 | INFO | mpy_cli | 开始上传 [2/5]: D:/2026_SmartCar/PersonalCode/CarA/runtime/WirelessUsartCars.py -> :WirelessUsartCars.py
2026-07-04 01:48:16 | INFO | mpy_cli | 完成上传 [2/5]: D:/2026_SmartCar/PersonalCode/CarA/runtime/WirelessUsartCars.py -> :WirelessUsartCars.py
2026-07-04 01:48:16 | INFO | mpy_cli | 开始上传 [3/5]: D:/2026_SmartCar/PersonalCode/CarA/runtime/boot.py -> :boot.py
2026-07-04 01:48:16 | INFO | mpy_cli | 完成上传 [3/5]: D:/2026_SmartCar/PersonalCode/CarA/runtime/boot.py -> :boot.py
2026-07-04 01:48:16 | INFO | mpy_cli | 开始上传 [4/5]: D:/2026_SmartCar/PersonalCode/CarA/runtime/mainA.py -> :mainA.py
2026-07-04 01:48:16 | INFO | mpy_cli | 完成上传 [4/5]: D:/2026_SmartCar/PersonalCode/CarA/runtime/mainA.py -> :mainA.py
2026-07-04 01:48:16 | INFO | mpy_cli | 开始上传 [5/5]: D:/2026_SmartCar/PersonalCode/CarA/runtime/user_main.py -> :user_main.py
2026-07-04 01:48:17 | INFO | mpy_cli | 完成上传 [5/5]: D:/2026_SmartCar/PersonalCode/CarA/runtime/user_main.py -> :user_main.py
2026-07-04 01:48:17 | INFO | mpy_cli | 部署完成: success=5 failure=0
2026-07-04 01:51:30 | INFO | mpy_cli | 开始擦除 [1/5]: 设备文件系统
2026-07-04 01:51:31 | INFO | mpy_cli | 完成擦除 [1/5]: 设备文件系统
2026-07-04 01:51:31 | INFO | mpy_cli | 开始上传 [2/5]: D:/2026_SmartCar/PersonalCode/CarA/runtime/WirelessUsartCars.py -> :WirelessUsartCars.py
2026-07-04 01:51:31 | INFO | mpy_cli | 完成上传 [2/5]: D:/2026_SmartCar/PersonalCode/CarA/runtime/WirelessUsartCars.py -> :WirelessUsartCars.py
2026-07-04 01:51:31 | INFO | mpy_cli | 开始上传 [3/5]: D:/2026_SmartCar/PersonalCode/CarA/runtime/boot.py -> :boot.py
2026-07-04 01:51:32 | INFO | mpy_cli | 完成上传 [3/5]: D:/2026_SmartCar/PersonalCode/CarA/runtime/boot.py -> :boot.py
2026-07-04 01:51:32 | INFO | mpy_cli | 开始上传 [4/5]: D:/2026_SmartCar/PersonalCode/CarA/runtime/mainA.py -> :mainA.py
2026-07-04 01:51:32 | INFO | mpy_cli | 完成上传 [4/5]: D:/2026_SmartCar/PersonalCode/CarA/runtime/mainA.py -> :mainA.py
2026-07-04 01:51:32 | INFO | mpy_cli | 开始上传 [5/5]: D:/2026_SmartCar/PersonalCode/CarA/runtime/user_main.py -> :user_main.py
2026-07-04 01:51:33 | INFO | mpy_cli | 完成上传 [5/5]: D:/2026_SmartCar/PersonalCode/CarA/runtime/user_main.py -> :user_main.py
2026-07-04 01:51:33 | INFO | mpy_cli | 部署完成: success=5 failure=0
2026-07-04 01:58:55 | INFO | mpy_cli | 开始擦除 [1/22]: 设备文件系统
2026-07-04 01:58:55 | INFO | mpy_cli | 完成擦除 [1/22]: 设备文件系统
2026-07-04 01:58:55 | INFO | mpy_cli | 开始上传 [2/22]: D:/2026_SmartCar/PersonalCode/CarA/.mpy-cli.toml -> :.mpy-cli.toml
2026-07-04 01:58:55 | INFO | mpy_cli | 完成上传 [2/22]: D:/2026_SmartCar/PersonalCode/CarA/.mpy-cli.toml -> :.mpy-cli.toml
2026-07-04 01:58:55 | INFO | mpy_cli | 开始上传 [3/22]: D:/2026_SmartCar/PersonalCode/CarA/.mpyignore -> :.mpyignore
2026-07-04 01:58:56 | INFO | mpy_cli | 完成上传 [3/22]: D:/2026_SmartCar/PersonalCode/CarA/.mpyignore -> :.mpyignore
2026-07-04 01:58:56 | INFO | mpy_cli | 开始上传 [4/22]: D:/2026_SmartCar/PersonalCode/CarA/connection/MCXVisionUsart.py -> :connection/MCXVisionUsart.py
2026-07-04 01:58:57 | INFO | mpy_cli | 完成上传 [4/22]: D:/2026_SmartCar/PersonalCode/CarA/connection/MCXVisionUsart.py -> :connection/MCXVisionUsart.py
2026-07-04 01:58:57 | INFO | mpy_cli | 开始上传 [5/22]: D:/2026_SmartCar/PersonalCode/CarA/connection/PIDYawUsart.py -> :connection/PIDYawUsart.py
2026-07-04 01:58:57 | INFO | mpy_cli | 完成上传 [5/22]: D:/2026_SmartCar/PersonalCode/CarA/connection/PIDYawUsart.py -> :connection/PIDYawUsart.py
2026-07-04 01:58:57 | INFO | mpy_cli | 开始上传 [6/22]: D:/2026_SmartCar/PersonalCode/CarA/connection/WirelessUsart.py -> :connection/WirelessUsart.py
2026-07-04 01:58:58 | INFO | mpy_cli | 完成上传 [6/22]: D:/2026_SmartCar/PersonalCode/CarA/connection/WirelessUsart.py -> :connection/WirelessUsart.py
2026-07-04 01:58:58 | INFO | mpy_cli | 开始上传 [7/22]: D:/2026_SmartCar/PersonalCode/CarA/connection/WirelessUsartCars.py -> :connection/WirelessUsartCars.py
2026-07-04 01:59:00 | INFO | mpy_cli | 完成上传 [7/22]: D:/2026_SmartCar/PersonalCode/CarA/connection/WirelessUsartCars.py -> :connection/WirelessUsartCars.py
2026-07-04 01:59:00 | INFO | mpy_cli | 开始上传 [8/22]: D:/2026_SmartCar/PersonalCode/CarA/connection/__init__.py -> :connection/__init__.py
2026-07-04 01:59:00 | INFO | mpy_cli | 完成上传 [8/22]: D:/2026_SmartCar/PersonalCode/CarA/connection/__init__.py -> :connection/__init__.py
2026-07-04 01:59:00 | INFO | mpy_cli | 开始上传 [9/22]: D:/2026_SmartCar/PersonalCode/CarA/control/ColorTrace.py -> :control/ColorTrace.py
2026-07-04 01:59:02 | INFO | mpy_cli | 完成上传 [9/22]: D:/2026_SmartCar/PersonalCode/CarA/control/ColorTrace.py -> :control/ColorTrace.py
2026-07-04 01:59:02 | INFO | mpy_cli | 开始上传 [10/22]: D:/2026_SmartCar/PersonalCode/CarA/control/MotorControl.py -> :control/MotorControl.py
2026-07-04 01:59:03 | INFO | mpy_cli | 完成上传 [10/22]: D:/2026_SmartCar/PersonalCode/CarA/control/MotorControl.py -> :control/MotorControl.py
2026-07-04 01:59:03 | INFO | mpy_cli | 开始上传 [11/22]: D:/2026_SmartCar/PersonalCode/CarA/control/MotorEncoder.py -> :control/MotorEncoder.py
2026-07-04 01:59:04 | INFO | mpy_cli | 完成上传 [11/22]: D:/2026_SmartCar/PersonalCode/CarA/control/MotorEncoder.py -> :control/MotorEncoder.py
2026-07-04 01:59:04 | INFO | mpy_cli | 开始上传 [12/22]: D:/2026_SmartCar/PersonalCode/CarA/control/PID.py -> :control/PID.py
2026-07-04 01:59:05 | INFO | mpy_cli | 完成上传 [12/22]: D:/2026_SmartCar/PersonalCode/CarA/control/PID.py -> :control/PID.py
2026-07-04 01:59:05 | INFO | mpy_cli | 开始上传 [13/22]: D:/2026_SmartCar/PersonalCode/CarA/control/__init__.py -> :control/__init__.py
2026-07-04 01:59:05 | INFO | mpy_cli | 完成上传 [13/22]: D:/2026_SmartCar/PersonalCode/CarA/control/__init__.py -> :control/__init__.py
2026-07-04 01:59:05 | INFO | mpy_cli | 开始上传 [14/22]: D:/2026_SmartCar/PersonalCode/CarA/imu/IMUVertical.py -> :imu/IMUVertical.py
2026-07-04 01:59:07 | INFO | mpy_cli | 完成上传 [14/22]: D:/2026_SmartCar/PersonalCode/CarA/imu/IMUVertical.py -> :imu/IMUVertical.py
2026-07-04 01:59:07 | INFO | mpy_cli | 开始上传 [15/22]: D:/2026_SmartCar/PersonalCode/CarA/imu/Imu.py -> :imu/Imu.py
2026-07-04 01:59:08 | INFO | mpy_cli | 完成上传 [15/22]: D:/2026_SmartCar/PersonalCode/CarA/imu/Imu.py -> :imu/Imu.py
2026-07-04 01:59:08 | INFO | mpy_cli | 开始上传 [16/22]: D:/2026_SmartCar/PersonalCode/CarA/imu/ImuDataSend.py -> :imu/ImuDataSend.py
2026-07-04 01:59:08 | INFO | mpy_cli | 完成上传 [16/22]: D:/2026_SmartCar/PersonalCode/CarA/imu/ImuDataSend.py -> :imu/ImuDataSend.py
2026-07-04 01:59:08 | INFO | mpy_cli | 开始上传 [17/22]: D:/2026_SmartCar/PersonalCode/CarA/imu/ImuPoseEstimator.py -> :imu/ImuPoseEstimator.py
2026-07-04 01:59:10 | INFO | mpy_cli | 完成上传 [17/22]: D:/2026_SmartCar/PersonalCode/CarA/imu/ImuPoseEstimator.py -> :imu/ImuPoseEstimator.py
2026-07-04 01:59:10 | INFO | mpy_cli | 开始上传 [18/22]: D:/2026_SmartCar/PersonalCode/CarA/imu/__init__.py -> :imu/__init__.py
2026-07-04 01:59:10 | INFO | mpy_cli | 完成上传 [18/22]: D:/2026_SmartCar/PersonalCode/CarA/imu/__init__.py -> :imu/__init__.py
2026-07-04 01:59:10 | INFO | mpy_cli | 开始上传 [19/22]: D:/2026_SmartCar/PersonalCode/CarA/imu/imu660ra_reader.py -> :imu/imu660ra_reader.py
2026-07-04 01:59:11 | INFO | mpy_cli | 完成上传 [19/22]: D:/2026_SmartCar/PersonalCode/CarA/imu/imu660ra_reader.py -> :imu/imu660ra_reader.py
2026-07-04 01:59:11 | INFO | mpy_cli | 开始上传 [20/22]: D:/2026_SmartCar/PersonalCode/CarA/main.py -> :main.py
2026-07-04 01:59:12 | INFO | mpy_cli | 完成上传 [20/22]: D:/2026_SmartCar/PersonalCode/CarA/main.py -> :main.py
2026-07-04 01:59:12 | INFO | mpy_cli | 开始上传 [21/22]: D:/2026_SmartCar/PersonalCode/CarA/user/__init__.py -> :user/__init__.py
2026-07-04 01:59:12 | INFO | mpy_cli | 完成上传 [21/22]: D:/2026_SmartCar/PersonalCode/CarA/user/__init__.py -> :user/__init__.py
2026-07-04 01:59:12 | INFO | mpy_cli | 开始上传 [22/22]: D:/2026_SmartCar/PersonalCode/CarA/user/mainA.py -> :user/mainA.py
2026-07-04 01:59:13 | INFO | mpy_cli | 完成上传 [22/22]: D:/2026_SmartCar/PersonalCode/CarA/user/mainA.py -> :user/mainA.py
2026-07-04 01:59:13 | INFO | mpy_cli | 部署完成: success=22 failure=0
2026-07-04 02:05:21 | INFO | mpy_cli | 开始擦除 [1/20]: 设备文件系统
2026-07-04 02:05:22 | INFO | mpy_cli | 完成擦除 [1/20]: 设备文件系统
2026-07-04 02:05:22 | INFO | mpy_cli | 开始上传 [2/20]: D:/2026_SmartCar/PersonalCode/CarA/.mpy-cli.toml -> :.mpy-cli.toml
2026-07-04 02:05:23 | INFO | mpy_cli | 完成上传 [2/20]: D:/2026_SmartCar/PersonalCode/CarA/.mpy-cli.toml -> :.mpy-cli.toml
2026-07-04 02:05:23 | INFO | mpy_cli | 开始上传 [3/20]: D:/2026_SmartCar/PersonalCode/CarA/.mpyignore -> :.mpyignore
2026-07-04 02:05:23 | INFO | mpy_cli | 完成上传 [3/20]: D:/2026_SmartCar/PersonalCode/CarA/.mpyignore -> :.mpyignore
2026-07-04 02:05:23 | INFO | mpy_cli | 开始上传 [4/20]: D:/2026_SmartCar/PersonalCode/CarA/connection/MCXVisionUsart.py -> :connection/MCXVisionUsart.py
2026-07-04 02:05:24 | INFO | mpy_cli | 完成上传 [4/20]: D:/2026_SmartCar/PersonalCode/CarA/connection/MCXVisionUsart.py -> :connection/MCXVisionUsart.py
2026-07-04 02:05:24 | INFO | mpy_cli | 开始上传 [5/20]: D:/2026_SmartCar/PersonalCode/CarA/connection/PIDYawUsart.py -> :connection/PIDYawUsart.py
2026-07-04 02:05:25 | INFO | mpy_cli | 完成上传 [5/20]: D:/2026_SmartCar/PersonalCode/CarA/connection/PIDYawUsart.py -> :connection/PIDYawUsart.py
2026-07-04 02:05:25 | INFO | mpy_cli | 开始上传 [6/20]: D:/2026_SmartCar/PersonalCode/CarA/connection/WirelessUsart.py -> :connection/WirelessUsart.py
2026-07-04 02:05:25 | INFO | mpy_cli | 完成上传 [6/20]: D:/2026_SmartCar/PersonalCode/CarA/connection/WirelessUsart.py -> :connection/WirelessUsart.py
2026-07-04 02:05:25 | INFO | mpy_cli | 开始上传 [7/20]: D:/2026_SmartCar/PersonalCode/CarA/connection/WirelessUsartCars.py -> :connection/WirelessUsartCars.py
2026-07-04 02:05:27 | INFO | mpy_cli | 完成上传 [7/20]: D:/2026_SmartCar/PersonalCode/CarA/connection/WirelessUsartCars.py -> :connection/WirelessUsartCars.py
2026-07-04 02:05:27 | INFO | mpy_cli | 开始上传 [8/20]: D:/2026_SmartCar/PersonalCode/CarA/connection/__init__.py -> :connection/__init__.py
2026-07-04 02:05:27 | INFO | mpy_cli | 完成上传 [8/20]: D:/2026_SmartCar/PersonalCode/CarA/connection/__init__.py -> :connection/__init__.py
2026-07-04 02:05:27 | INFO | mpy_cli | 开始上传 [9/20]: D:/2026_SmartCar/PersonalCode/CarA/control/ColorTrace.py -> :control/ColorTrace.py
2026-07-04 02:05:29 | INFO | mpy_cli | 完成上传 [9/20]: D:/2026_SmartCar/PersonalCode/CarA/control/ColorTrace.py -> :control/ColorTrace.py
2026-07-04 02:05:29 | INFO | mpy_cli | 开始上传 [10/20]: D:/2026_SmartCar/PersonalCode/CarA/control/MotorControl.py -> :control/MotorControl.py
2026-07-04 02:05:30 | INFO | mpy_cli | 完成上传 [10/20]: D:/2026_SmartCar/PersonalCode/CarA/control/MotorControl.py -> :control/MotorControl.py
2026-07-04 02:05:30 | INFO | mpy_cli | 开始上传 [11/20]: D:/2026_SmartCar/PersonalCode/CarA/control/MotorEncoder.py -> :control/MotorEncoder.py
2026-07-04 02:05:31 | INFO | mpy_cli | 完成上传 [11/20]: D:/2026_SmartCar/PersonalCode/CarA/control/MotorEncoder.py -> :control/MotorEncoder.py
2026-07-04 02:05:31 | INFO | mpy_cli | 开始上传 [12/20]: D:/2026_SmartCar/PersonalCode/CarA/control/PID.py -> :control/PID.py
2026-07-04 02:05:31 | INFO | mpy_cli | 完成上传 [12/20]: D:/2026_SmartCar/PersonalCode/CarA/control/PID.py -> :control/PID.py
2026-07-04 02:05:31 | INFO | mpy_cli | 开始上传 [13/20]: D:/2026_SmartCar/PersonalCode/CarA/control/__init__.py -> :control/__init__.py
2026-07-04 02:05:32 | INFO | mpy_cli | 完成上传 [13/20]: D:/2026_SmartCar/PersonalCode/CarA/control/__init__.py -> :control/__init__.py
2026-07-04 02:05:32 | INFO | mpy_cli | 开始上传 [14/20]: D:/2026_SmartCar/PersonalCode/CarA/imu/IMUVertical.py -> :imu/IMUVertical.py
2026-07-04 02:05:33 | INFO | mpy_cli | 完成上传 [14/20]: D:/2026_SmartCar/PersonalCode/CarA/imu/IMUVertical.py -> :imu/IMUVertical.py
2026-07-04 02:05:33 | INFO | mpy_cli | 开始上传 [15/20]: D:/2026_SmartCar/PersonalCode/CarA/imu/Imu.py -> :imu/Imu.py
2026-07-04 02:05:34 | INFO | mpy_cli | 完成上传 [15/20]: D:/2026_SmartCar/PersonalCode/CarA/imu/Imu.py -> :imu/Imu.py
2026-07-04 02:05:34 | INFO | mpy_cli | 开始上传 [16/20]: D:/2026_SmartCar/PersonalCode/CarA/imu/ImuDataSend.py -> :imu/ImuDataSend.py
2026-07-04 02:05:34 | INFO | mpy_cli | 完成上传 [16/20]: D:/2026_SmartCar/PersonalCode/CarA/imu/ImuDataSend.py -> :imu/ImuDataSend.py
2026-07-04 02:05:34 | INFO | mpy_cli | 开始上传 [17/20]: D:/2026_SmartCar/PersonalCode/CarA/imu/ImuPoseEstimator.py -> :imu/ImuPoseEstimator.py
2026-07-04 02:05:35 | INFO | mpy_cli | 完成上传 [17/20]: D:/2026_SmartCar/PersonalCode/CarA/imu/ImuPoseEstimator.py -> :imu/ImuPoseEstimator.py
2026-07-04 02:05:35 | INFO | mpy_cli | 开始上传 [18/20]: D:/2026_SmartCar/PersonalCode/CarA/imu/__init__.py -> :imu/__init__.py
2026-07-04 02:05:36 | INFO | mpy_cli | 完成上传 [18/20]: D:/2026_SmartCar/PersonalCode/CarA/imu/__init__.py -> :imu/__init__.py
2026-07-04 02:05:36 | INFO | mpy_cli | 开始上传 [19/20]: D:/2026_SmartCar/PersonalCode/CarA/imu/imu660ra_reader.py -> :imu/imu660ra_reader.py
2026-07-04 02:05:36 | INFO | mpy_cli | 完成上传 [19/20]: D:/2026_SmartCar/PersonalCode/CarA/imu/imu660ra_reader.py -> :imu/imu660ra_reader.py
2026-07-04 02:05:36 | INFO | mpy_cli | 开始上传 [20/20]: D:/2026_SmartCar/PersonalCode/CarA/main.py -> :main.py
2026-07-04 02:05:37 | INFO | mpy_cli | 完成上传 [20/20]: D:/2026_SmartCar/PersonalCode/CarA/main.py -> :main.py
2026-07-04 02:05:37 | INFO | mpy_cli | 部署完成: success=20 failure=0
2026-07-04 02:15:21 | INFO | mpy_cli | 开始擦除 [1/20]: 设备文件系统
2026-07-04 02:15:21 | ERROR | mpy_cli | 擦除失败 [1/20]: 设备文件系统 | mpremote: failed to access com6 (it may be in use by another program)
2026-07-04 02:15:21 | INFO | mpy_cli | 部署完成: success=0 failure=1
2026-07-04 02:15:31 | INFO | mpy_cli | 开始擦除 [1/20]: 设备文件系统
2026-07-04 02:15:32 | INFO | mpy_cli | 完成擦除 [1/20]: 设备文件系统
2026-07-04 02:15:32 | INFO | mpy_cli | 开始上传 [2/20]: D:/2026_SmartCar/PersonalCode/CarA/.mpy-cli.toml -> :.mpy-cli.toml
2026-07-04 02:15:32 | INFO | mpy_cli | 完成上传 [2/20]: D:/2026_SmartCar/PersonalCode/CarA/.mpy-cli.toml -> :.mpy-cli.toml
2026-07-04 02:15:32 | INFO | mpy_cli | 开始上传 [3/20]: D:/2026_SmartCar/PersonalCode/CarA/.mpyignore -> :.mpyignore
2026-07-04 02:15:33 | INFO | mpy_cli | 完成上传 [3/20]: D:/2026_SmartCar/PersonalCode/CarA/.mpyignore -> :.mpyignore
2026-07-04 02:15:33 | INFO | mpy_cli | 开始上传 [4/20]: D:/2026_SmartCar/PersonalCode/CarA/connection/MCXVisionUsart.py -> :connection/MCXVisionUsart.py
2026-07-04 02:15:34 | INFO | mpy_cli | 完成上传 [4/20]: D:/2026_SmartCar/PersonalCode/CarA/connection/MCXVisionUsart.py -> :connection/MCXVisionUsart.py
2026-07-04 02:15:34 | INFO | mpy_cli | 开始上传 [5/20]: D:/2026_SmartCar/PersonalCode/CarA/connection/PIDYawUsart.py -> :connection/PIDYawUsart.py
2026-07-04 02:15:34 | INFO | mpy_cli | 完成上传 [5/20]: D:/2026_SmartCar/PersonalCode/CarA/connection/PIDYawUsart.py -> :connection/PIDYawUsart.py
2026-07-04 02:15:34 | INFO | mpy_cli | 开始上传 [6/20]: D:/2026_SmartCar/PersonalCode/CarA/connection/WirelessUsart.py -> :connection/WirelessUsart.py
2026-07-04 02:15:35 | INFO | mpy_cli | 完成上传 [6/20]: D:/2026_SmartCar/PersonalCode/CarA/connection/WirelessUsart.py -> :connection/WirelessUsart.py
2026-07-04 02:15:35 | INFO | mpy_cli | 开始上传 [7/20]: D:/2026_SmartCar/PersonalCode/CarA/connection/WirelessUsartCars.py -> :connection/WirelessUsartCars.py
2026-07-04 02:15:36 | INFO | mpy_cli | 完成上传 [7/20]: D:/2026_SmartCar/PersonalCode/CarA/connection/WirelessUsartCars.py -> :connection/WirelessUsartCars.py
2026-07-04 02:15:36 | INFO | mpy_cli | 开始上传 [8/20]: D:/2026_SmartCar/PersonalCode/CarA/connection/__init__.py -> :connection/__init__.py
2026-07-04 02:15:36 | INFO | mpy_cli | 完成上传 [8/20]: D:/2026_SmartCar/PersonalCode/CarA/connection/__init__.py -> :connection/__init__.py
2026-07-04 02:15:36 | INFO | mpy_cli | 开始上传 [9/20]: D:/2026_SmartCar/PersonalCode/CarA/control/ColorTrace.py -> :control/ColorTrace.py
2026-07-04 02:15:38 | INFO | mpy_cli | 完成上传 [9/20]: D:/2026_SmartCar/PersonalCode/CarA/control/ColorTrace.py -> :control/ColorTrace.py
2026-07-04 02:15:38 | INFO | mpy_cli | 开始上传 [10/20]: D:/2026_SmartCar/PersonalCode/CarA/control/MotorControl.py -> :control/MotorControl.py
2026-07-04 02:15:39 | INFO | mpy_cli | 完成上传 [10/20]: D:/2026_SmartCar/PersonalCode/CarA/control/MotorControl.py -> :control/MotorControl.py
2026-07-04 02:15:39 | INFO | mpy_cli | 开始上传 [11/20]: D:/2026_SmartCar/PersonalCode/CarA/control/MotorEncoder.py -> :control/MotorEncoder.py
2026-07-04 02:15:39 | INFO | mpy_cli | 完成上传 [11/20]: D:/2026_SmartCar/PersonalCode/CarA/control/MotorEncoder.py -> :control/MotorEncoder.py
2026-07-04 02:15:39 | INFO | mpy_cli | 开始上传 [12/20]: D:/2026_SmartCar/PersonalCode/CarA/control/PID.py -> :control/PID.py
2026-07-04 02:15:40 | INFO | mpy_cli | 完成上传 [12/20]: D:/2026_SmartCar/PersonalCode/CarA/control/PID.py -> :control/PID.py
2026-07-04 02:15:40 | INFO | mpy_cli | 开始上传 [13/20]: D:/2026_SmartCar/PersonalCode/CarA/control/__init__.py -> :control/__init__.py
2026-07-04 02:15:41 | INFO | mpy_cli | 完成上传 [13/20]: D:/2026_SmartCar/PersonalCode/CarA/control/__init__.py -> :control/__init__.py
2026-07-04 02:15:41 | INFO | mpy_cli | 开始上传 [14/20]: D:/2026_SmartCar/PersonalCode/CarA/imu/IMUVertical.py -> :imu/IMUVertical.py
2026-07-04 02:15:42 | INFO | mpy_cli | 完成上传 [14/20]: D:/2026_SmartCar/PersonalCode/CarA/imu/IMUVertical.py -> :imu/IMUVertical.py
2026-07-04 02:15:42 | INFO | mpy_cli | 开始上传 [15/20]: D:/2026_SmartCar/PersonalCode/CarA/imu/Imu.py -> :imu/Imu.py
2026-07-04 02:15:42 | INFO | mpy_cli | 完成上传 [15/20]: D:/2026_SmartCar/PersonalCode/CarA/imu/Imu.py -> :imu/Imu.py
2026-07-04 02:15:42 | INFO | mpy_cli | 开始上传 [16/20]: D:/2026_SmartCar/PersonalCode/CarA/imu/ImuDataSend.py -> :imu/ImuDataSend.py
2026-07-04 02:15:43 | INFO | mpy_cli | 完成上传 [16/20]: D:/2026_SmartCar/PersonalCode/CarA/imu/ImuDataSend.py -> :imu/ImuDataSend.py
2026-07-04 02:15:43 | INFO | mpy_cli | 开始上传 [17/20]: D:/2026_SmartCar/PersonalCode/CarA/imu/ImuPoseEstimator.py -> :imu/ImuPoseEstimator.py
2026-07-04 02:15:44 | INFO | mpy_cli | 完成上传 [17/20]: D:/2026_SmartCar/PersonalCode/CarA/imu/ImuPoseEstimator.py -> :imu/ImuPoseEstimator.py
2026-07-04 02:15:44 | INFO | mpy_cli | 开始上传 [18/20]: D:/2026_SmartCar/PersonalCode/CarA/imu/__init__.py -> :imu/__init__.py
2026-07-04 02:15:45 | INFO | mpy_cli | 完成上传 [18/20]: D:/2026_SmartCar/PersonalCode/CarA/imu/__init__.py -> :imu/__init__.py
2026-07-04 02:15:45 | INFO | mpy_cli | 开始上传 [19/20]: D:/2026_SmartCar/PersonalCode/CarA/imu/imu660ra_reader.py -> :imu/imu660ra_reader.py
2026-07-04 02:15:45 | INFO | mpy_cli | 完成上传 [19/20]: D:/2026_SmartCar/PersonalCode/CarA/imu/imu660ra_reader.py -> :imu/imu660ra_reader.py
2026-07-04 02:15:45 | INFO | mpy_cli | 开始上传 [20/20]: D:/2026_SmartCar/PersonalCode/CarA/main.py -> :main.py
2026-07-04 02:15:46 | INFO | mpy_cli | 完成上传 [20/20]: D:/2026_SmartCar/PersonalCode/CarA/main.py -> :main.py
2026-07-04 02:15:46 | INFO | mpy_cli | 部署完成: success=20 failure=0
2026-07-04 02:23:06 | INFO | mpy_cli | 开始擦除 [1/20]: 设备文件系统
2026-07-04 02:23:07 | INFO | mpy_cli | 完成擦除 [1/20]: 设备文件系统
2026-07-04 02:23:07 | INFO | mpy_cli | 开始上传 [2/20]: D:/2026_SmartCar/PersonalCode/CarA/.mpy-cli.toml -> :.mpy-cli.toml
2026-07-04 02:23:08 | INFO | mpy_cli | 完成上传 [2/20]: D:/2026_SmartCar/PersonalCode/CarA/.mpy-cli.toml -> :.mpy-cli.toml
2026-07-04 02:23:08 | INFO | mpy_cli | 开始上传 [3/20]: D:/2026_SmartCar/PersonalCode/CarA/.mpyignore -> :.mpyignore
2026-07-04 02:23:08 | INFO | mpy_cli | 完成上传 [3/20]: D:/2026_SmartCar/PersonalCode/CarA/.mpyignore -> :.mpyignore
2026-07-04 02:23:08 | INFO | mpy_cli | 开始上传 [4/20]: D:/2026_SmartCar/PersonalCode/CarA/connection/MCXVisionUsart.py -> :connection/MCXVisionUsart.py
2026-07-04 02:23:09 | INFO | mpy_cli | 完成上传 [4/20]: D:/2026_SmartCar/PersonalCode/CarA/connection/MCXVisionUsart.py -> :connection/MCXVisionUsart.py
2026-07-04 02:23:09 | INFO | mpy_cli | 开始上传 [5/20]: D:/2026_SmartCar/PersonalCode/CarA/connection/PIDYawUsart.py -> :connection/PIDYawUsart.py
2026-07-04 02:23:10 | INFO | mpy_cli | 完成上传 [5/20]: D:/2026_SmartCar/PersonalCode/CarA/connection/PIDYawUsart.py -> :connection/PIDYawUsart.py
2026-07-04 02:23:10 | INFO | mpy_cli | 开始上传 [6/20]: D:/2026_SmartCar/PersonalCode/CarA/connection/WirelessUsart.py -> :connection/WirelessUsart.py
2026-07-04 02:23:10 | INFO | mpy_cli | 完成上传 [6/20]: D:/2026_SmartCar/PersonalCode/CarA/connection/WirelessUsart.py -> :connection/WirelessUsart.py
2026-07-04 02:23:10 | INFO | mpy_cli | 开始上传 [7/20]: D:/2026_SmartCar/PersonalCode/CarA/connection/WirelessUsartCars.py -> :connection/WirelessUsartCars.py
2026-07-04 02:23:11 | INFO | mpy_cli | 完成上传 [7/20]: D:/2026_SmartCar/PersonalCode/CarA/connection/WirelessUsartCars.py -> :connection/WirelessUsartCars.py
2026-07-04 02:23:11 | INFO | mpy_cli | 开始上传 [8/20]: D:/2026_SmartCar/PersonalCode/CarA/connection/__init__.py -> :connection/__init__.py
2026-07-04 02:23:12 | INFO | mpy_cli | 完成上传 [8/20]: D:/2026_SmartCar/PersonalCode/CarA/connection/__init__.py -> :connection/__init__.py
2026-07-04 02:23:12 | INFO | mpy_cli | 开始上传 [9/20]: D:/2026_SmartCar/PersonalCode/CarA/control/ColorTrace.py -> :control/ColorTrace.py
2026-07-04 02:23:13 | INFO | mpy_cli | 完成上传 [9/20]: D:/2026_SmartCar/PersonalCode/CarA/control/ColorTrace.py -> :control/ColorTrace.py
2026-07-04 02:23:13 | INFO | mpy_cli | 开始上传 [10/20]: D:/2026_SmartCar/PersonalCode/CarA/control/MotorControl.py -> :control/MotorControl.py
2026-07-04 02:23:14 | INFO | mpy_cli | 完成上传 [10/20]: D:/2026_SmartCar/PersonalCode/CarA/control/MotorControl.py -> :control/MotorControl.py
2026-07-04 02:23:14 | INFO | mpy_cli | 开始上传 [11/20]: D:/2026_SmartCar/PersonalCode/CarA/control/MotorEncoder.py -> :control/MotorEncoder.py
2026-07-04 02:23:15 | INFO | mpy_cli | 完成上传 [11/20]: D:/2026_SmartCar/PersonalCode/CarA/control/MotorEncoder.py -> :control/MotorEncoder.py
2026-07-04 02:23:15 | INFO | mpy_cli | 开始上传 [12/20]: D:/2026_SmartCar/PersonalCode/CarA/control/PID.py -> :control/PID.py
2026-07-04 02:23:16 | INFO | mpy_cli | 完成上传 [12/20]: D:/2026_SmartCar/PersonalCode/CarA/control/PID.py -> :control/PID.py
2026-07-04 02:23:16 | INFO | mpy_cli | 开始上传 [13/20]: D:/2026_SmartCar/PersonalCode/CarA/control/__init__.py -> :control/__init__.py
2026-07-04 02:23:16 | INFO | mpy_cli | 完成上传 [13/20]: D:/2026_SmartCar/PersonalCode/CarA/control/__init__.py -> :control/__init__.py
2026-07-04 02:23:16 | INFO | mpy_cli | 开始上传 [14/20]: D:/2026_SmartCar/PersonalCode/CarA/imu/IMUVertical.py -> :imu/IMUVertical.py
2026-07-04 02:23:17 | INFO | mpy_cli | 完成上传 [14/20]: D:/2026_SmartCar/PersonalCode/CarA/imu/IMUVertical.py -> :imu/IMUVertical.py
2026-07-04 02:23:17 | INFO | mpy_cli | 开始上传 [15/20]: D:/2026_SmartCar/PersonalCode/CarA/imu/Imu.py -> :imu/Imu.py
2026-07-04 02:23:18 | INFO | mpy_cli | 完成上传 [15/20]: D:/2026_SmartCar/PersonalCode/CarA/imu/Imu.py -> :imu/Imu.py
2026-07-04 02:23:18 | INFO | mpy_cli | 开始上传 [16/20]: D:/2026_SmartCar/PersonalCode/CarA/imu/ImuDataSend.py -> :imu/ImuDataSend.py
2026-07-04 02:23:19 | INFO | mpy_cli | 完成上传 [16/20]: D:/2026_SmartCar/PersonalCode/CarA/imu/ImuDataSend.py -> :imu/ImuDataSend.py
2026-07-04 02:23:19 | INFO | mpy_cli | 开始上传 [17/20]: D:/2026_SmartCar/PersonalCode/CarA/imu/ImuPoseEstimator.py -> :imu/ImuPoseEstimator.py
2026-07-04 02:23:20 | INFO | mpy_cli | 完成上传 [17/20]: D:/2026_SmartCar/PersonalCode/CarA/imu/ImuPoseEstimator.py -> :imu/ImuPoseEstimator.py
2026-07-04 02:23:20 | INFO | mpy_cli | 开始上传 [18/20]: D:/2026_SmartCar/PersonalCode/CarA/imu/__init__.py -> :imu/__init__.py
2026-07-04 02:23:21 | INFO | mpy_cli | 完成上传 [18/20]: D:/2026_SmartCar/PersonalCode/CarA/imu/__init__.py -> :imu/__init__.py
2026-07-04 02:23:21 | INFO | mpy_cli | 开始上传 [19/20]: D:/2026_SmartCar/PersonalCode/CarA/imu/imu660ra_reader.py -> :imu/imu660ra_reader.py
2026-07-04 02:23:21 | INFO | mpy_cli | 完成上传 [19/20]: D:/2026_SmartCar/PersonalCode/CarA/imu/imu660ra_reader.py -> :imu/imu660ra_reader.py
2026-07-04 02:23:21 | INFO | mpy_cli | 开始上传 [20/20]: D:/2026_SmartCar/PersonalCode/CarA/main.py -> :main.py
2026-07-04 02:23:22 | INFO | mpy_cli | 完成上传 [20/20]: D:/2026_SmartCar/PersonalCode/CarA/main.py -> :main.py
2026-07-04 02:23:22 | INFO | mpy_cli | 部署完成: success=20 failure=0
2026-07-04 02:35:36 | INFO | mpy_cli | 开始擦除 [1/20]: 设备文件系统
2026-07-04 02:35:37 | INFO | mpy_cli | 完成擦除 [1/20]: 设备文件系统
2026-07-04 02:35:37 | INFO | mpy_cli | 开始上传 [2/20]: D:/2026_SmartCar/PersonalCode/CarA/.mpy-cli.toml -> :.mpy-cli.toml
2026-07-04 02:35:37 | INFO | mpy_cli | 完成上传 [2/20]: D:/2026_SmartCar/PersonalCode/CarA/.mpy-cli.toml -> :.mpy-cli.toml
2026-07-04 02:35:37 | INFO | mpy_cli | 开始上传 [3/20]: D:/2026_SmartCar/PersonalCode/CarA/.mpyignore -> :.mpyignore
2026-07-04 02:35:38 | INFO | mpy_cli | 完成上传 [3/20]: D:/2026_SmartCar/PersonalCode/CarA/.mpyignore -> :.mpyignore
2026-07-04 02:35:38 | INFO | mpy_cli | 开始上传 [4/20]: D:/2026_SmartCar/PersonalCode/CarA/connection/MCXVisionUsart.py -> :connection/MCXVisionUsart.py
2026-07-04 02:35:39 | INFO | mpy_cli | 完成上传 [4/20]: D:/2026_SmartCar/PersonalCode/CarA/connection/MCXVisionUsart.py -> :connection/MCXVisionUsart.py
2026-07-04 02:35:39 | INFO | mpy_cli | 开始上传 [5/20]: D:/2026_SmartCar/PersonalCode/CarA/connection/PIDYawUsart.py -> :connection/PIDYawUsart.py
2026-07-04 02:35:39 | INFO | mpy_cli | 完成上传 [5/20]: D:/2026_SmartCar/PersonalCode/CarA/connection/PIDYawUsart.py -> :connection/PIDYawUsart.py
2026-07-04 02:35:39 | INFO | mpy_cli | 开始上传 [6/20]: D:/2026_SmartCar/PersonalCode/CarA/connection/WirelessUsart.py -> :connection/WirelessUsart.py
2026-07-04 02:35:40 | INFO | mpy_cli | 完成上传 [6/20]: D:/2026_SmartCar/PersonalCode/CarA/connection/WirelessUsart.py -> :connection/WirelessUsart.py
2026-07-04 02:35:40 | INFO | mpy_cli | 开始上传 [7/20]: D:/2026_SmartCar/PersonalCode/CarA/connection/WirelessUsartCars.py -> :connection/WirelessUsartCars.py
2026-07-04 02:35:41 | INFO | mpy_cli | 完成上传 [7/20]: D:/2026_SmartCar/PersonalCode/CarA/connection/WirelessUsartCars.py -> :connection/WirelessUsartCars.py
2026-07-04 02:35:41 | INFO | mpy_cli | 开始上传 [8/20]: D:/2026_SmartCar/PersonalCode/CarA/connection/__init__.py -> :connection/__init__.py
2026-07-04 02:35:42 | INFO | mpy_cli | 完成上传 [8/20]: D:/2026_SmartCar/PersonalCode/CarA/connection/__init__.py -> :connection/__init__.py
2026-07-04 02:35:42 | INFO | mpy_cli | 开始上传 [9/20]: D:/2026_SmartCar/PersonalCode/CarA/control/ColorTrace.py -> :control/ColorTrace.py
2026-07-04 02:35:43 | INFO | mpy_cli | 完成上传 [9/20]: D:/2026_SmartCar/PersonalCode/CarA/control/ColorTrace.py -> :control/ColorTrace.py
2026-07-04 02:35:43 | INFO | mpy_cli | 开始上传 [10/20]: D:/2026_SmartCar/PersonalCode/CarA/control/MotorControl.py -> :control/MotorControl.py
2026-07-04 02:35:44 | INFO | mpy_cli | 完成上传 [10/20]: D:/2026_SmartCar/PersonalCode/CarA/control/MotorControl.py -> :control/MotorControl.py
2026-07-04 02:35:44 | INFO | mpy_cli | 开始上传 [11/20]: D:/2026_SmartCar/PersonalCode/CarA/control/MotorEncoder.py -> :control/MotorEncoder.py
2026-07-04 02:35:45 | INFO | mpy_cli | 完成上传 [11/20]: D:/2026_SmartCar/PersonalCode/CarA/control/MotorEncoder.py -> :control/MotorEncoder.py
2026-07-04 02:35:45 | INFO | mpy_cli | 开始上传 [12/20]: D:/2026_SmartCar/PersonalCode/CarA/control/PID.py -> :control/PID.py
2026-07-04 02:35:46 | INFO | mpy_cli | 完成上传 [12/20]: D:/2026_SmartCar/PersonalCode/CarA/control/PID.py -> :control/PID.py
2026-07-04 02:35:46 | INFO | mpy_cli | 开始上传 [13/20]: D:/2026_SmartCar/PersonalCode/CarA/control/__init__.py -> :control/__init__.py
2026-07-04 02:35:46 | INFO | mpy_cli | 完成上传 [13/20]: D:/2026_SmartCar/PersonalCode/CarA/control/__init__.py -> :control/__init__.py
2026-07-04 02:35:46 | INFO | mpy_cli | 开始上传 [14/20]: D:/2026_SmartCar/PersonalCode/CarA/imu/IMUVertical.py -> :imu/IMUVertical.py
2026-07-04 02:35:47 | INFO | mpy_cli | 完成上传 [14/20]: D:/2026_SmartCar/PersonalCode/CarA/imu/IMUVertical.py -> :imu/IMUVertical.py
2026-07-04 02:35:47 | INFO | mpy_cli | 开始上传 [15/20]: D:/2026_SmartCar/PersonalCode/CarA/imu/Imu.py -> :imu/Imu.py
2026-07-04 02:35:48 | INFO | mpy_cli | 完成上传 [15/20]: D:/2026_SmartCar/PersonalCode/CarA/imu/Imu.py -> :imu/Imu.py
2026-07-04 02:35:48 | INFO | mpy_cli | 开始上传 [16/20]: D:/2026_SmartCar/PersonalCode/CarA/imu/ImuDataSend.py -> :imu/ImuDataSend.py
2026-07-04 02:35:49 | INFO | mpy_cli | 完成上传 [16/20]: D:/2026_SmartCar/PersonalCode/CarA/imu/ImuDataSend.py -> :imu/ImuDataSend.py
2026-07-04 02:35:49 | INFO | mpy_cli | 开始上传 [17/20]: D:/2026_SmartCar/PersonalCode/CarA/imu/ImuPoseEstimator.py -> :imu/ImuPoseEstimator.py
2026-07-04 02:35:50 | INFO | mpy_cli | 完成上传 [17/20]: D:/2026_SmartCar/PersonalCode/CarA/imu/ImuPoseEstimator.py -> :imu/ImuPoseEstimator.py
2026-07-04 02:35:50 | INFO | mpy_cli | 开始上传 [18/20]: D:/2026_SmartCar/PersonalCode/CarA/imu/__init__.py -> :imu/__init__.py
2026-07-04 02:35:51 | INFO | mpy_cli | 完成上传 [18/20]: D:/2026_SmartCar/PersonalCode/CarA/imu/__init__.py -> :imu/__init__.py
2026-07-04 02:35:51 | INFO | mpy_cli | 开始上传 [19/20]: D:/2026_SmartCar/PersonalCode/CarA/imu/imu660ra_reader.py -> :imu/imu660ra_reader.py
2026-07-04 02:35:51 | INFO | mpy_cli | 完成上传 [19/20]: D:/2026_SmartCar/PersonalCode/CarA/imu/imu660ra_reader.py -> :imu/imu660ra_reader.py
2026-07-04 02:35:51 | INFO | mpy_cli | 开始上传 [20/20]: D:/2026_SmartCar/PersonalCode/CarA/main.py -> :main.py
2026-07-04 02:35:52 | INFO | mpy_cli | 完成上传 [20/20]: D:/2026_SmartCar/PersonalCode/CarA/main.py -> :main.py
2026-07-04 02:35:52 | INFO | mpy_cli | 部署完成: success=20 failure=0
2026-07-04 02:38:45 | INFO | mpy_cli | 开始擦除 [1/20]: 设备文件系统
2026-07-04 02:38:47 | INFO | mpy_cli | 完成擦除 [1/20]: 设备文件系统
2026-07-04 02:38:47 | INFO | mpy_cli | 开始上传 [2/20]: D:/2026_SmartCar/PersonalCode/CarA/.mpy-cli.toml -> :.mpy-cli.toml
2026-07-04 02:38:47 | INFO | mpy_cli | 完成上传 [2/20]: D:/2026_SmartCar/PersonalCode/CarA/.mpy-cli.toml -> :.mpy-cli.toml
2026-07-04 02:38:47 | INFO | mpy_cli | 开始上传 [3/20]: D:/2026_SmartCar/PersonalCode/CarA/.mpyignore -> :.mpyignore
2026-07-04 02:38:47 | INFO | mpy_cli | 完成上传 [3/20]: D:/2026_SmartCar/PersonalCode/CarA/.mpyignore -> :.mpyignore
2026-07-04 02:38:47 | INFO | mpy_cli | 开始上传 [4/20]: D:/2026_SmartCar/PersonalCode/CarA/connection/MCXVisionUsart.py -> :connection/MCXVisionUsart.py
2026-07-04 02:38:48 | INFO | mpy_cli | 完成上传 [4/20]: D:/2026_SmartCar/PersonalCode/CarA/connection/MCXVisionUsart.py -> :connection/MCXVisionUsart.py
2026-07-04 02:38:48 | INFO | mpy_cli | 开始上传 [5/20]: D:/2026_SmartCar/PersonalCode/CarA/connection/PIDYawUsart.py -> :connection/PIDYawUsart.py
2026-07-04 02:38:49 | INFO | mpy_cli | 完成上传 [5/20]: D:/2026_SmartCar/PersonalCode/CarA/connection/PIDYawUsart.py -> :connection/PIDYawUsart.py
2026-07-04 02:38:49 | INFO | mpy_cli | 开始上传 [6/20]: D:/2026_SmartCar/PersonalCode/CarA/connection/WirelessUsart.py -> :connection/WirelessUsart.py
2026-07-04 02:38:50 | INFO | mpy_cli | 完成上传 [6/20]: D:/2026_SmartCar/PersonalCode/CarA/connection/WirelessUsart.py -> :connection/WirelessUsart.py
2026-07-04 02:38:50 | INFO | mpy_cli | 开始上传 [7/20]: D:/2026_SmartCar/PersonalCode/CarA/connection/WirelessUsartCars.py -> :connection/WirelessUsartCars.py
2026-07-04 02:38:51 | INFO | mpy_cli | 完成上传 [7/20]: D:/2026_SmartCar/PersonalCode/CarA/connection/WirelessUsartCars.py -> :connection/WirelessUsartCars.py
2026-07-04 02:38:51 | INFO | mpy_cli | 开始上传 [8/20]: D:/2026_SmartCar/PersonalCode/CarA/connection/__init__.py -> :connection/__init__.py
2026-07-04 02:38:51 | INFO | mpy_cli | 完成上传 [8/20]: D:/2026_SmartCar/PersonalCode/CarA/connection/__init__.py -> :connection/__init__.py
2026-07-04 02:38:51 | INFO | mpy_cli | 开始上传 [9/20]: D:/2026_SmartCar/PersonalCode/CarA/control/ColorTrace.py -> :control/ColorTrace.py
2026-07-04 02:38:53 | INFO | mpy_cli | 完成上传 [9/20]: D:/2026_SmartCar/PersonalCode/CarA/control/ColorTrace.py -> :control/ColorTrace.py
2026-07-04 02:38:53 | INFO | mpy_cli | 开始上传 [10/20]: D:/2026_SmartCar/PersonalCode/CarA/control/MotorControl.py -> :control/MotorControl.py
2026-07-04 02:38:54 | INFO | mpy_cli | 完成上传 [10/20]: D:/2026_SmartCar/PersonalCode/CarA/control/MotorControl.py -> :control/MotorControl.py
2026-07-04 02:38:54 | INFO | mpy_cli | 开始上传 [11/20]: D:/2026_SmartCar/PersonalCode/CarA/control/MotorEncoder.py -> :control/MotorEncoder.py
2026-07-04 02:38:54 | INFO | mpy_cli | 完成上传 [11/20]: D:/2026_SmartCar/PersonalCode/CarA/control/MotorEncoder.py -> :control/MotorEncoder.py
2026-07-04 02:38:54 | INFO | mpy_cli | 开始上传 [12/20]: D:/2026_SmartCar/PersonalCode/CarA/control/PID.py -> :control/PID.py
2026-07-04 02:38:55 | INFO | mpy_cli | 完成上传 [12/20]: D:/2026_SmartCar/PersonalCode/CarA/control/PID.py -> :control/PID.py
2026-07-04 02:38:55 | INFO | mpy_cli | 开始上传 [13/20]: D:/2026_SmartCar/PersonalCode/CarA/control/__init__.py -> :control/__init__.py
2026-07-04 02:38:56 | INFO | mpy_cli | 完成上传 [13/20]: D:/2026_SmartCar/PersonalCode/CarA/control/__init__.py -> :control/__init__.py
2026-07-04 02:38:56 | INFO | mpy_cli | 开始上传 [14/20]: D:/2026_SmartCar/PersonalCode/CarA/imu/IMUVertical.py -> :imu/IMUVertical.py
2026-07-04 02:38:57 | INFO | mpy_cli | 完成上传 [14/20]: D:/2026_SmartCar/PersonalCode/CarA/imu/IMUVertical.py -> :imu/IMUVertical.py
2026-07-04 02:38:57 | INFO | mpy_cli | 开始上传 [15/20]: D:/2026_SmartCar/PersonalCode/CarA/imu/Imu.py -> :imu/Imu.py
2026-07-04 02:38:58 | INFO | mpy_cli | 完成上传 [15/20]: D:/2026_SmartCar/PersonalCode/CarA/imu/Imu.py -> :imu/Imu.py
2026-07-04 02:38:58 | INFO | mpy_cli | 开始上传 [16/20]: D:/2026_SmartCar/PersonalCode/CarA/imu/ImuDataSend.py -> :imu/ImuDataSend.py
2026-07-04 02:38:58 | INFO | mpy_cli | 完成上传 [16/20]: D:/2026_SmartCar/PersonalCode/CarA/imu/ImuDataSend.py -> :imu/ImuDataSend.py
2026-07-04 02:38:58 | INFO | mpy_cli | 开始上传 [17/20]: D:/2026_SmartCar/PersonalCode/CarA/imu/ImuPoseEstimator.py -> :imu/ImuPoseEstimator.py
2026-07-04 02:39:00 | INFO | mpy_cli | 完成上传 [17/20]: D:/2026_SmartCar/PersonalCode/CarA/imu/ImuPoseEstimator.py -> :imu/ImuPoseEstimator.py
2026-07-04 02:39:00 | INFO | mpy_cli | 开始上传 [18/20]: D:/2026_SmartCar/PersonalCode/CarA/imu/__init__.py -> :imu/__init__.py
2026-07-04 02:39:00 | INFO | mpy_cli | 完成上传 [18/20]: D:/2026_SmartCar/PersonalCode/CarA/imu/__init__.py -> :imu/__init__.py
2026-07-04 02:39:00 | INFO | mpy_cli | 开始上传 [19/20]: D:/2026_SmartCar/PersonalCode/CarA/imu/imu660ra_reader.py -> :imu/imu660ra_reader.py
2026-07-04 02:39:01 | INFO | mpy_cli | 完成上传 [19/20]: D:/2026_SmartCar/PersonalCode/CarA/imu/imu660ra_reader.py -> :imu/imu660ra_reader.py
2026-07-04 02:39:01 | INFO | mpy_cli | 开始上传 [20/20]: D:/2026_SmartCar/PersonalCode/CarA/main.py -> :main.py
2026-07-04 02:39:02 | INFO | mpy_cli | 完成上传 [20/20]: D:/2026_SmartCar/PersonalCode/CarA/main.py -> :main.py
2026-07-04 02:39:02 | INFO | mpy_cli | 部署完成: success=20 failure=0
2026-07-04 02:47:53 | INFO | mpy_cli | 开始擦除 [1/20]: 设备文件系统
2026-07-04 02:47:54 | INFO | mpy_cli | 完成擦除 [1/20]: 设备文件系统
2026-07-04 02:47:54 | INFO | mpy_cli | 开始上传 [2/20]: D:/2026_SmartCar/PersonalCode/CarA/.mpy-cli.toml -> :.mpy-cli.toml
2026-07-04 02:47:55 | INFO | mpy_cli | 完成上传 [2/20]: D:/2026_SmartCar/PersonalCode/CarA/.mpy-cli.toml -> :.mpy-cli.toml
2026-07-04 02:47:55 | INFO | mpy_cli | 开始上传 [3/20]: D:/2026_SmartCar/PersonalCode/CarA/.mpyignore -> :.mpyignore
2026-07-04 02:47:55 | INFO | mpy_cli | 完成上传 [3/20]: D:/2026_SmartCar/PersonalCode/CarA/.mpyignore -> :.mpyignore
2026-07-04 02:47:55 | INFO | mpy_cli | 开始上传 [4/20]: D:/2026_SmartCar/PersonalCode/CarA/connection/MCXVisionUsart.py -> :connection/MCXVisionUsart.py
2026-07-04 02:47:56 | INFO | mpy_cli | 完成上传 [4/20]: D:/2026_SmartCar/PersonalCode/CarA/connection/MCXVisionUsart.py -> :connection/MCXVisionUsart.py
2026-07-04 02:47:56 | INFO | mpy_cli | 开始上传 [5/20]: D:/2026_SmartCar/PersonalCode/CarA/connection/PIDYawUsart.py -> :connection/PIDYawUsart.py
2026-07-04 02:47:57 | INFO | mpy_cli | 完成上传 [5/20]: D:/2026_SmartCar/PersonalCode/CarA/connection/PIDYawUsart.py -> :connection/PIDYawUsart.py
2026-07-04 02:47:57 | INFO | mpy_cli | 开始上传 [6/20]: D:/2026_SmartCar/PersonalCode/CarA/connection/WirelessUsart.py -> :connection/WirelessUsart.py
2026-07-04 02:47:57 | INFO | mpy_cli | 完成上传 [6/20]: D:/2026_SmartCar/PersonalCode/CarA/connection/WirelessUsart.py -> :connection/WirelessUsart.py
2026-07-04 02:47:57 | INFO | mpy_cli | 开始上传 [7/20]: D:/2026_SmartCar/PersonalCode/CarA/connection/WirelessUsartCars.py -> :connection/WirelessUsartCars.py
2026-07-04 02:47:58 | INFO | mpy_cli | 完成上传 [7/20]: D:/2026_SmartCar/PersonalCode/CarA/connection/WirelessUsartCars.py -> :connection/WirelessUsartCars.py
2026-07-04 02:47:58 | INFO | mpy_cli | 开始上传 [8/20]: D:/2026_SmartCar/PersonalCode/CarA/connection/__init__.py -> :connection/__init__.py
2026-07-04 02:47:59 | INFO | mpy_cli | 完成上传 [8/20]: D:/2026_SmartCar/PersonalCode/CarA/connection/__init__.py -> :connection/__init__.py
2026-07-04 02:47:59 | INFO | mpy_cli | 开始上传 [9/20]: D:/2026_SmartCar/PersonalCode/CarA/control/ColorTrace.py -> :control/ColorTrace.py
2026-07-04 02:48:00 | INFO | mpy_cli | 完成上传 [9/20]: D:/2026_SmartCar/PersonalCode/CarA/control/ColorTrace.py -> :control/ColorTrace.py
2026-07-04 02:48:00 | INFO | mpy_cli | 开始上传 [10/20]: D:/2026_SmartCar/PersonalCode/CarA/control/MotorControl.py -> :control/MotorControl.py
2026-07-04 02:48:01 | INFO | mpy_cli | 完成上传 [10/20]: D:/2026_SmartCar/PersonalCode/CarA/control/MotorControl.py -> :control/MotorControl.py
2026-07-04 02:48:01 | INFO | mpy_cli | 开始上传 [11/20]: D:/2026_SmartCar/PersonalCode/CarA/control/MotorEncoder.py -> :control/MotorEncoder.py
2026-07-04 02:48:02 | INFO | mpy_cli | 完成上传 [11/20]: D:/2026_SmartCar/PersonalCode/CarA/control/MotorEncoder.py -> :control/MotorEncoder.py
2026-07-04 02:48:02 | INFO | mpy_cli | 开始上传 [12/20]: D:/2026_SmartCar/PersonalCode/CarA/control/PID.py -> :control/PID.py
2026-07-04 02:48:03 | INFO | mpy_cli | 完成上传 [12/20]: D:/2026_SmartCar/PersonalCode/CarA/control/PID.py -> :control/PID.py
2026-07-04 02:48:03 | INFO | mpy_cli | 开始上传 [13/20]: D:/2026_SmartCar/PersonalCode/CarA/control/__init__.py -> :control/__init__.py
2026-07-04 02:48:04 | INFO | mpy_cli | 完成上传 [13/20]: D:/2026_SmartCar/PersonalCode/CarA/control/__init__.py -> :control/__init__.py
2026-07-04 02:48:04 | INFO | mpy_cli | 开始上传 [14/20]: D:/2026_SmartCar/PersonalCode/CarA/imu/IMUVertical.py -> :imu/IMUVertical.py
2026-07-04 02:48:05 | INFO | mpy_cli | 完成上传 [14/20]: D:/2026_SmartCar/PersonalCode/CarA/imu/IMUVertical.py -> :imu/IMUVertical.py
2026-07-04 02:48:05 | INFO | mpy_cli | 开始上传 [15/20]: D:/2026_SmartCar/PersonalCode/CarA/imu/Imu.py -> :imu/Imu.py
2026-07-04 02:48:06 | INFO | mpy_cli | 完成上传 [15/20]: D:/2026_SmartCar/PersonalCode/CarA/imu/Imu.py -> :imu/Imu.py
2026-07-04 02:48:06 | INFO | mpy_cli | 开始上传 [16/20]: D:/2026_SmartCar/PersonalCode/CarA/imu/ImuDataSend.py -> :imu/ImuDataSend.py
2026-07-04 02:48:06 | INFO | mpy_cli | 完成上传 [16/20]: D:/2026_SmartCar/PersonalCode/CarA/imu/ImuDataSend.py -> :imu/ImuDataSend.py
2026-07-04 02:48:06 | INFO | mpy_cli | 开始上传 [17/20]: D:/2026_SmartCar/PersonalCode/CarA/imu/ImuPoseEstimator.py -> :imu/ImuPoseEstimator.py
2026-07-04 02:48:08 | INFO | mpy_cli | 完成上传 [17/20]: D:/2026_SmartCar/PersonalCode/CarA/imu/ImuPoseEstimator.py -> :imu/ImuPoseEstimator.py
2026-07-04 02:48:08 | INFO | mpy_cli | 开始上传 [18/20]: D:/2026_SmartCar/PersonalCode/CarA/imu/__init__.py -> :imu/__init__.py
2026-07-04 02:48:08 | INFO | mpy_cli | 完成上传 [18/20]: D:/2026_SmartCar/PersonalCode/CarA/imu/__init__.py -> :imu/__init__.py
2026-07-04 02:48:08 | INFO | mpy_cli | 开始上传 [19/20]: D:/2026_SmartCar/PersonalCode/CarA/imu/imu660ra_reader.py -> :imu/imu660ra_reader.py
2026-07-04 02:48:09 | INFO | mpy_cli | 完成上传 [19/20]: D:/2026_SmartCar/PersonalCode/CarA/imu/imu660ra_reader.py -> :imu/imu660ra_reader.py
2026-07-04 02:48:09 | INFO | mpy_cli | 开始上传 [20/20]: D:/2026_SmartCar/PersonalCode/CarA/main.py -> :main.py
2026-07-04 02:48:10 | INFO | mpy_cli | 完成上传 [20/20]: D:/2026_SmartCar/PersonalCode/CarA/main.py -> :main.py
2026-07-04 02:48:10 | INFO | mpy_cli | 部署完成: success=20 failure=0
2026-07-04 02:52:58 | INFO | mpy_cli | 开始擦除 [1/20]: 设备文件系统
2026-07-04 02:52:59 | INFO | mpy_cli | 完成擦除 [1/20]: 设备文件系统
2026-07-04 02:52:59 | INFO | mpy_cli | 开始上传 [2/20]: D:/2026_SmartCar/PersonalCode/CarA/.mpy-cli.toml -> :.mpy-cli.toml
2026-07-04 02:52:59 | INFO | mpy_cli | 完成上传 [2/20]: D:/2026_SmartCar/PersonalCode/CarA/.mpy-cli.toml -> :.mpy-cli.toml
2026-07-04 02:52:59 | INFO | mpy_cli | 开始上传 [3/20]: D:/2026_SmartCar/PersonalCode/CarA/.mpyignore -> :.mpyignore
2026-07-04 02:53:00 | INFO | mpy_cli | 完成上传 [3/20]: D:/2026_SmartCar/PersonalCode/CarA/.mpyignore -> :.mpyignore
2026-07-04 02:53:00 | INFO | mpy_cli | 开始上传 [4/20]: D:/2026_SmartCar/PersonalCode/CarA/connection/MCXVisionUsart.py -> :connection/MCXVisionUsart.py
2026-07-04 02:53:01 | INFO | mpy_cli | 完成上传 [4/20]: D:/2026_SmartCar/PersonalCode/CarA/connection/MCXVisionUsart.py -> :connection/MCXVisionUsart.py
2026-07-04 02:53:01 | INFO | mpy_cli | 开始上传 [5/20]: D:/2026_SmartCar/PersonalCode/CarA/connection/PIDYawUsart.py -> :connection/PIDYawUsart.py
2026-07-04 02:53:01 | INFO | mpy_cli | 完成上传 [5/20]: D:/2026_SmartCar/PersonalCode/CarA/connection/PIDYawUsart.py -> :connection/PIDYawUsart.py
2026-07-04 02:53:01 | INFO | mpy_cli | 开始上传 [6/20]: D:/2026_SmartCar/PersonalCode/CarA/connection/WirelessUsart.py -> :connection/WirelessUsart.py
2026-07-04 02:53:02 | INFO | mpy_cli | 完成上传 [6/20]: D:/2026_SmartCar/PersonalCode/CarA/connection/WirelessUsart.py -> :connection/WirelessUsart.py
2026-07-04 02:53:02 | INFO | mpy_cli | 开始上传 [7/20]: D:/2026_SmartCar/PersonalCode/CarA/connection/WirelessUsartCars.py -> :connection/WirelessUsartCars.py
2026-07-04 02:53:03 | INFO | mpy_cli | 完成上传 [7/20]: D:/2026_SmartCar/PersonalCode/CarA/connection/WirelessUsartCars.py -> :connection/WirelessUsartCars.py
2026-07-04 02:53:03 | INFO | mpy_cli | 开始上传 [8/20]: D:/2026_SmartCar/PersonalCode/CarA/connection/__init__.py -> :connection/__init__.py
2026-07-04 02:53:04 | INFO | mpy_cli | 完成上传 [8/20]: D:/2026_SmartCar/PersonalCode/CarA/connection/__init__.py -> :connection/__init__.py
2026-07-04 02:53:04 | INFO | mpy_cli | 开始上传 [9/20]: D:/2026_SmartCar/PersonalCode/CarA/control/ColorTrace.py -> :control/ColorTrace.py
2026-07-04 02:53:05 | INFO | mpy_cli | 完成上传 [9/20]: D:/2026_SmartCar/PersonalCode/CarA/control/ColorTrace.py -> :control/ColorTrace.py
2026-07-04 02:53:05 | INFO | mpy_cli | 开始上传 [10/20]: D:/2026_SmartCar/PersonalCode/CarA/control/MotorControl.py -> :control/MotorControl.py
2026-07-04 02:53:06 | INFO | mpy_cli | 完成上传 [10/20]: D:/2026_SmartCar/PersonalCode/CarA/control/MotorControl.py -> :control/MotorControl.py
2026-07-04 02:53:06 | INFO | mpy_cli | 开始上传 [11/20]: D:/2026_SmartCar/PersonalCode/CarA/control/MotorEncoder.py -> :control/MotorEncoder.py
2026-07-04 02:53:07 | INFO | mpy_cli | 完成上传 [11/20]: D:/2026_SmartCar/PersonalCode/CarA/control/MotorEncoder.py -> :control/MotorEncoder.py
2026-07-04 02:53:07 | INFO | mpy_cli | 开始上传 [12/20]: D:/2026_SmartCar/PersonalCode/CarA/control/PID.py -> :control/PID.py
2026-07-04 02:53:08 | INFO | mpy_cli | 完成上传 [12/20]: D:/2026_SmartCar/PersonalCode/CarA/control/PID.py -> :control/PID.py
2026-07-04 02:53:08 | INFO | mpy_cli | 开始上传 [13/20]: D:/2026_SmartCar/PersonalCode/CarA/control/__init__.py -> :control/__init__.py
2026-07-04 02:53:08 | INFO | mpy_cli | 完成上传 [13/20]: D:/2026_SmartCar/PersonalCode/CarA/control/__init__.py -> :control/__init__.py
2026-07-04 02:53:08 | INFO | mpy_cli | 开始上传 [14/20]: D:/2026_SmartCar/PersonalCode/CarA/imu/IMUVertical.py -> :imu/IMUVertical.py
2026-07-04 02:53:09 | INFO | mpy_cli | 完成上传 [14/20]: D:/2026_SmartCar/PersonalCode/CarA/imu/IMUVertical.py -> :imu/IMUVertical.py
2026-07-04 02:53:09 | INFO | mpy_cli | 开始上传 [15/20]: D:/2026_SmartCar/PersonalCode/CarA/imu/Imu.py -> :imu/Imu.py
2026-07-04 02:53:10 | INFO | mpy_cli | 完成上传 [15/20]: D:/2026_SmartCar/PersonalCode/CarA/imu/Imu.py -> :imu/Imu.py
2026-07-04 02:53:10 | INFO | mpy_cli | 开始上传 [16/20]: D:/2026_SmartCar/PersonalCode/CarA/imu/ImuDataSend.py -> :imu/ImuDataSend.py
2026-07-04 02:53:11 | INFO | mpy_cli | 完成上传 [16/20]: D:/2026_SmartCar/PersonalCode/CarA/imu/ImuDataSend.py -> :imu/ImuDataSend.py
2026-07-04 02:53:11 | INFO | mpy_cli | 开始上传 [17/20]: D:/2026_SmartCar/PersonalCode/CarA/imu/ImuPoseEstimator.py -> :imu/ImuPoseEstimator.py
2026-07-04 02:53:12 | INFO | mpy_cli | 完成上传 [17/20]: D:/2026_SmartCar/PersonalCode/CarA/imu/ImuPoseEstimator.py -> :imu/ImuPoseEstimator.py
2026-07-04 02:53:12 | INFO | mpy_cli | 开始上传 [18/20]: D:/2026_SmartCar/PersonalCode/CarA/imu/__init__.py -> :imu/__init__.py
2026-07-04 02:53:13 | INFO | mpy_cli | 完成上传 [18/20]: D:/2026_SmartCar/PersonalCode/CarA/imu/__init__.py -> :imu/__init__.py
2026-07-04 02:53:13 | INFO | mpy_cli | 开始上传 [19/20]: D:/2026_SmartCar/PersonalCode/CarA/imu/imu660ra_reader.py -> :imu/imu660ra_reader.py
2026-07-04 02:53:13 | INFO | mpy_cli | 完成上传 [19/20]: D:/2026_SmartCar/PersonalCode/CarA/imu/imu660ra_reader.py -> :imu/imu660ra_reader.py
2026-07-04 02:53:13 | INFO | mpy_cli | 开始上传 [20/20]: D:/2026_SmartCar/PersonalCode/CarA/main.py -> :main.py
2026-07-04 02:53:14 | INFO | mpy_cli | 完成上传 [20/20]: D:/2026_SmartCar/PersonalCode/CarA/main.py -> :main.py
2026-07-04 02:53:14 | INFO | mpy_cli | 部署完成: success=20 failure=0
