=== AIPID 上位机自动调参启动 ===
会话时间戳：2026-07-16-03-22-35
会话日志目录：D:\2026_SmartCar\PersonalCode\dist\logs\sessions\2026-07-16-03-22-35
串口配置：{'port': 'COM11', 'port_keyword': '', 'baudrate': 115200, 'bytesize': 8, 'stopbits': 1.0, 'parity': 'N', 'flow_control': 'none', 'timeout_s': 0.08}
候选串口：COM11
尝试连接 COM11 ...
OK AI_STATUS paused=True deviation_offset=0.0 remaining_ms=0 manual_remaining_ms=0
已连接 CarB：COM11
发送 AI_STOP，让从车进入暂停状态并清空启动阶段的 AI_METRIC。
OK AI_STOP
OK AI_STATUS paused=True deviation_offset=0.0 remaining_ms=0 manual_remaining_ms=0
PID_KP=0.14
PID_KI=0.07000000000000001
PID_KD=0.3
PID_INTEGRAL_LIMIT=52
YAW_DEADBAND_DEG=0.7
MAX_ROTATE_SPEED=61
MIN_COMMAND_SPEED=42
COLOR_KP_X=0.033
COLOR_KD_X=0.25
COLOR_KP_Y=0.033
COLOR_KD_Y=0.25
COLOR_DEAD_ZONE=4
COLOR_CENTER_EXIT_ZONE=6
COLOR_INPUT_FILTER_
GET COLOR_INPUT_FILTER_ALPHA 第 1 次未读到完整回包，回包='COLOR_INPUT_FILTER_'。
COL
GET COLOR_INPUT_FILTER_ALPHA 第 2 次未读到完整回包，回包='COL'。
COLOR_INPUT_FILTER_ALPHA=0.25
COLOR_COMMAND_FILTER_ALPHA=0.4
COLOR_MAX_TRACKING_SPEED=7
COLOR_COMMAND_RAMP_STEP=1.1
MIN_TRANSLATE_SPEED=2
DRIVE_MAX_DUTY=7500
DRIVE_TRANSLATE_BIAS_DUTY=4800

=== 试验 baseline ===
OK AI_STOP
发送随机扰动：AI_PERTURB 275.37 26.16 0.00 1154
OK AI_PERTURB angle=275.37 translate=7.0 rotate=0.0 duration_ms=600
AI_METRIC tick=7950 yaw_mode=fixed leader_yaw=0.0000 follower_yaw=41.4310 yaw_error=-41.4310 rotate=0.0000 target_locked=True in_center=False err_x=17.99718142805343 err_y=-19.5 vx=0.6551 vy=-6.9693 paused=False deviation_active=False manual_active=True
AI_METRIC tick=7975 yaw_mode=fixed leader_yaw=0.0000 follower_yaw=37.6727 yaw_error=-37.6727 rotate=0.0000 target_locked=True in_center=False err_x=22.99154074980563 err_y=-17.00282019744897 vx=0.6551 vy=-6.9693 paused=False deviation_active=False manual_active=True
AI_METRIC tick=8000 yaw_mode=fixed leader_yaw=0.0000 follower_yaw=26.5841 yaw_error=-26.5841 rotate=0.0000 target_locked=True in_center=False err_x=40.30286749597788 err_y=-11.61263708690254 vx=0.6551 vy=-6.9693 paused=False deviation_active=False manual_active=True
OK AI_START
AI_METRIC tick=8150 yaw_mode=fixed leader_yaw=0.0000 follower_yaw=19.0791 yaw_error=-19.0791 rotate=42 target_locked=True in_center=False err_x=64.46720949540328 err_y=2.066757835247039 vx=-0.0971 vy=2.5033 paused=False deviation_active=False manual_active=False
AI_METRIC tick=8175 yaw_mode=fixed leader_yaw=0.0000 follower_ rotate=42 target_locked=True in_center=False err_x=42.75066940662685 err_y=-1.75013412784ed=False deviation_active=Fals
AI_METRIC tick=8200 yaw_mode=fixed leader_yaw=0.0000 follower_yaw=14.1879 yaw_error=-14.1879 rotate=-42 target_locked=False in_center=False err_x=0.0 err_y=0.0 vx=0.0000 vy=0.0000 paused=False deviation_active=False manual_active=False
AI_METRIC tick=8225 yaw_mode=fixed leader_yaw=0.0000 follower_yaw=13.4240 yaw_error=-13.4240 rotate=42 target_locked=True in_center=False err_x=-11.49774157309341 err_y=2.50000000002845 vx=-0.4723 vy=-1.9434 paused=False deviation_active=False manual_active=False
AI_METRIC tick=8250 yaw_mode=fixed leader_yaw=0.0000 follower_yaw=7.7105 yaw_error=-7.7105 rotate=-42 talse err_x=0.0 err_y=0.0 vx=0.0000 vy=0.0000 paused=False deviation_active=False manual_active=False
AI_METRIC tick=8275 yaw_mode=fixed leader_yaw=0.0000 follower_yaw=2.9373 yaw_error=-2.9373 rotate=-42 target_locked=True in_center=False err_x=31.99578110776484 err_y=-0.004223586983790995 vx=-0.0443ation_active=False manual_active=False
AI_METRIC tick=8300 yaw_mode=fixed leader_yaw=0.0000 follower_yaw=5.3471 yaw_error=-5.3471 rotate=42 target_locked=True in_center=False err_x=8.160361533132914 err_y=-3.026726921516008 vx=1.7787 vy=0.9145 paused=False deviation_active=False manual_active=False
AI_METRIC tick=8325 yaw_mode=fixed leader_yaaw_error=-0.7076 rotate=-42 tase err_x=-1.499982123753739 err_y=10.9248616700843 vx=-1.9749 vy=-0.3157 paused=False deviation_active=False manual_active=False
AI_METRIC tick=8350 yaw_mode=fixed lead416 yaw_error=-0.6416 rotate=0.0000 target_locked=True in_center=True err_x=0.2891189994432182 err_y=1.632982023564495 vx=0.0000 vy=0.0000 paused=False deviation_active=False manual_active=False
AI_METRIC tick=8375 yaw_mode=fixed leader_yaw=0.0000 follower_yaw=1.7612 yaw_error=-1.7612 rotate=-42 target_locked=True in_center=True err_x=-2.499999971651945 err_y=-2.500158739626698 vxlse deviation_active=False manual_active=False
AI_METRIC tick=8400 yaw_mode=fixed leader_yaw=0.0000 follower_yaw=1.9636 yaw_error=-1.9636 rotate=-42 target_locked=True in_center=True err_x=-2.499999999999972 err_y=-2.500000000000014 vx=0.0000 vy=0.0000 paused=False deviation_active=False manual_active=False
AI_M leader_yaw=0.0000 follower_yaw=2.0899 yaw_error=-2.0899 rotate=42 target_locked=True in_center=True err_x=-2.499999999999972 err_y=-2.500000000000014 vx=0.0000 vy=0.0000 paused=False deviation_active=False manual_active=False
AI_METRIC tick=8450 yaw_mode=fixed leader_yaw=0.0000 follower_yaw=2.1902 yaw_error=-2.1902 rotate=42 target_locked=True in_center=err_y=-2.500000000000014 vx=0.0000 vy=0.0000 paused=False deviation_active=False manual_active=False
AI_METRIC tick=8475 yaw_mode=fixed leader_yaw=0.0000 follower_yaw=2.3191 yaw_erocked=True in_center=True err_x=-2.499999999999972 err_y=-2.500000000000014 vx=0.0000 vy=0.0000 paused=False deviation_active=False manual_active=False
AI_METRIC tick=8500 yaw_mode=fixed leader_yaw=0.0000 follower_yaw=2.4469 yaw_error=-2.4469 rotate=42 target_locked=True in_center=True err_x=-2.499999999999972 err_y=-2.500000000000014 vx=0.0000 vy=0.0000 paused=False deviation_active=False manual_active=False
AI_METRIC tick=8525 yaw_mode=fixed leader_yaw=0.0000 follower_yaw=2.5736 yaw_error=-2.5736 n_center=True err_x=-2.499999999999972 err_y=-2.500000000000014 vx=0.0000 vy=0.0000 pausede manual_active=False
AI_METRIC tick=8550 yaw_mode=fixed leader_yaw=0.0000 follower_yaw=2.6979 yaw_error=-2.6979 rotate=42 targer_y=-2.500000000000014 vx=0.00ation_active=False manual_active=False
RIC tick=8575 yaw_mode=fixed leader_yaw=0.0000 follower_yaw=2.8221 yaw_error=-2.8221 rotate=42 target_locked=True in_cen972 err_y=-2.500000000000014 vx=0.0000 vy=0.0000 paused=False deviation_active=False manual_active=False
AI_METRIC tick=8600 yaw_mode=fixed leader_yaw=0.0000 follower_yaw=2.9516 yaw_error=-2.9516 rotate=42 target_locked=True in_center=True err_x=-2.499999999999972 err_y=-2.500000000000014 vx=0.0000 vy=0.0000 paused=False deviation_active=False manual_active=False
AI_METRIC tick=8625 yaw_mode=fixed leader_yaw=0.0000 follower_yaw=3.0814 yaw_error=-3.0814 rotate=42 target_locked=True in_center=True err_x=-2.499999999999972 err_y=-2.500000000000014 vx=0.0000 vy=0.0000 paused=anual_active=False
AI_METRixed leader_yaw=0.0000 follower_yaw=3.2115 yaw_error=-3.2115 rotate=42 target_locked=True in_center=True err_x=-2.499999999999972 err_y=-2.50000000000d=False deviation_active=False manual_active=False
AI_METRIC tick=8675 yaw_mode=fixed leader_yaw=0.0000 follower_yaw=3.3369 yaw_error=-3.3369 rotate=42 target_locked=True in_center=True err_x=-2.499999999999972 err_y=-2.500000000000014 vx=0.0000 vy=0.0000 paused=False deviation_active=False manual_active=False
AI_METRIC tick=8700 yaw_mode=fixed leader_yaw=0.0000 follower_yaw=3.4612 yaw_error=-3.4612 rotate=42 target_locked=True in_center=True err_x=-2.499999999999972 err_y=-2.500000000000014 vx=0.0000 vy=0.0000 paused=False deviation_active=False manual_active=False
AI_METRIC tick=8725 yaw_mode=fixed leader_yaw=0.0000 follower_yaw=3.5887arget_locked=True in_center=True err_x=-2.499999999999972 err_y=-2.500000000000014 vx=0.0000 vy=0.0000 paused=False deviation_active=False manual_active=False
AI_METRIC tick=8750 yaw_mode=fixed leader_yaw=0.0000 follower_yaw=3.7133 yaw_error=-3.7133 rotate=42 target_locked=True in_center=True err_x=-2.499999999999972 err_y=-2.500000000000014 vx=0.0000 vy=0.0000 paused=False devive=False
AI_METRIC tick=8775 yaw_mode=fixed leader_yaw=0.0000 follower_yaw=3.8422 yaw_error=-3.8422 rotate=42 target_locked=True in_center=True err_x=-2.499999999999972 err_y=-2.5000000000000ed=False deviation_active=False manual_active=False
AI_METRIC tick=8800 yaw_mode=fixed leader_yaw=0.0000 follower_yaw=3.9694 yaw_error=-3.9694 rotate=42 target_locked=True in_center=True err_x=-2.499999999999972 err_y=-2.500000000000014 vx=0.0000 vy=0.0000 paused=False deviation_active=False manu
AI_METRIC tick=8825 yaw_mode=fixed leader_yaw=0.0000 follower_yaw=4.0970 yaw_error=-4.0970 rotate=42 target_locked=True in_center=True err_x=0000000000014 vx=0.0000 vy=0.0000 paused=False deviation_active=False manual_active=False
AI_METRIC tick=8850 yaw_mode=fixed leader_yaw=0.0000 follower_yaw=4.2205 yaw_error=d=True in_center=True err_x=-200000000014 vx=0.0000 vy=0.0000 paused=False deviation_active=False manual_active=False
AI_METRIC tick=8875 yaw_mode=fixeaw=4.3488 yaw_error=-4.3488 rotate=42 target_locked=True in_center=True err_x=-2.499999999999972 err_y=-2.500000000000014 vx=0.0000 vy=0.0000 paused=False deviation_active=False ma
AI_METRixed leader_yaw=0.0000 followe rotate=42 target_locked=True in_center=True err_x=-2.4999990014 vx=0.0000 vy=0.0000 paused=False deviation_active=False manual_active=False
AI_METRIC tick=8925 yaw_mode=fixotate=42 target_locked=True in9999972 err_y=-2.500000000000014 vx=0.0000 vy=0.0000 paused=False deviation_active=False manual_active=False
OK AI_STOP
试验 baseline 损失分数：8800000174.5925（越低越好） 细节：{'usable_samples': 25.0, 'mean_abs_yaw_error': 3.824785, 'rms_color_error': 40000000002.8, 'rotate_std': 33.34704784534907, 'vx_std': 0.5392109096225706, 'vy_std': 0.43083464733468224, 'settled': 0.0, 'settle_time_s': 8.619873900000675, 'steady_mean_abs_yaw_error': 3.824785, 'steady_rms_color_error': 40000000002.8, 'steady_rotate_std': 33.34704784534907, 'steady_vx_std': 0.5392109096225706, 'steady_vy_std': 0.43083464733468224, 'locked_ratio': 0.72, 'center_ratio': 0.64}
历史最佳分数 171.8905 仍优于当前 baseline 8800000174.5925，本轮继续以历史最佳参数作为默认最佳。

=== AI 推荐轮次 1 ===
本轮 AI 调参以历史最佳参数为基础，只有优于历史最佳分数 171.8905 才会更新。
AI 分析建议：当前最优组虽然比 baseline 明显稳，但 still 未进入 settled，且 rotate_std 偏大、center_ratio 仍不高，说明主要问题是偏航端和接近中心后的轻微来回 hunting。下一轮先保守地下调偏航输出和积分累积，略增死区；同时把平移跟踪速度、斜率和命令变化再收一点，优先换取更快进入稳定纠正阶段并保持目标不丢。

=== 试验 ai_round1_1 ===
OK AI_STOP
D_KP=0.1
PID_KP 第 1 次未收到有效 OK，回包='D_KP=0.1'，准备重试。
OK
OK PID_KI=0.05
OK PID_INTEGRAL_LIMIT=44.0
OK YAW_DEADBAND_DEG=1.0
OK MAX_ROTATE_SPEED=43.0
OK MIN_COMMAND_SPEED=36.0
OK COLOR_KP_X=0.027
COLOR_KD_X 第 1 次未收到有效 OK，回包=''，准备重试。
OK COLOR_KD_X=0.3
OK COLOR_KP_Y=0.027
OK COLOR_KD_Y=0.3
OK COLOR_DEAD_ZONE=5
OK COLOR_CENTER_EXIT_ZONE=7
发送随机扰动：AI_PERTURB 315.44 22.11 0.00 968
OK AI_PERTURB angle=315.44 translate=7.0 rotate=0.0 duration_ms=600
AI_METRIC tick=12650 yaw_mode=fixed leader_yaw=0.0000 follower_yaw=23.8407 yaw_error=-23.8407 rotate=0.0000 target_locked=True in_center=True err_x=-2.00000028316083 err_y=-2.001189204477114 vx=4.9876 vy=-4.9116 pctive=False manual_active=True
AI_METRIC tick=12675 yaw_mode=fixed leader_yaw=0.0000 follower_yaw=24.8764 yaw_arget_locked=True in_center=True err_x=-2.000000000000028 err_y=-1.500000000000014 vx=4.9876 vy=-4.9116 paused=False deviation_active=False manual_active=True
OK AI_ST
AI_METReader_yaw=0.0000 follower_yaw=ate=36.0000 target_locked=True in_center=True err_x=-1.5000000014 vx=0.0000 vy=0.0000 paused=False deviation_active=False manual_active=False
AI_METRIC tick=12850 yaw_mode=fixed leader_yaw=0.0000 follower_yaw=25.6406 yaw_error=-25.6406 rotate=36.0000 target_locked=True in_center=True err_x=-1.500000000000028 err_y=-1.000000000000014 vx=0.0000 vy=0.0000 paused=False deviation_active=False manual_active=False
AI_METRIC tick=12875 yaw_mode=fixed leader_yaw=0.0000 follower_yaw=25.7678 yaw_error=-25.7678 rot in_center=True err_x=-1.500000000000028 err_y=-1.000000000000014 vx=0.0000 vy=0.0000 paused=False deviation_active=False manual_active=False
AI_METRIC tick=12900 yaw_mode=fixed leader_yaw=0.0000 follower_yaw=25.8944 yaw_error=-25.8944 rotate=36.000=True err_x=-1.500000000000028.0000 vy=0.0000 paused=False deviation_active=False manual_active=False
AI_METRIC tick=12925 yaw_mode=fixed leader_yaw=0.0000 follower_yaw=26.0223 yaw_error=-26.0223 rotate=36.0000 target_locked=True in_center=True err_x=-1.500000000000028 err_y=-1.000000000000014 vx=0.0000 vy=0.0000 paused=False deviation_active=False manual_active=False
AI_METRIC tick=12950 yaw_mode=fixed leader_yaw=0.0000 follower_yaw=26.1464 yaw_error=-26.1464 rotate=36.0000 target_locked=True in_center=True err_x=-1.500000000000028 err_y=-1.000000000000014 alse deviation_active=False manual_active=False
AI_METRIC tick=12975 yaw_mode=fixed leader_yaw=0.0000 follower_yaw=26.2768 yaw_error=-26.2768 rotate=36.0000 target_locked=True in_center=True err_x=-1.500000000000028 e000 vy=0.0000 paused=False deviation_active=False
AI_METRIC tick=13000 yaw_mode=fixeaw=26.4013 yaw_error=-26.4013 rotate=36.0000 target_locked=True in_center=True err_x=-1.500000000000028 err_y=-1.000000000000014 vx=0.0000 vy=0.0000 paused=False deviation_active=False manual_active=False
AI_METRIC tick=13025 yaw_mode=fixed leader_yaw=0.0000 follower_yaw=26.5245 yaw_error=-26.5245 rotate=36.0000 target_locked=True in_center=True err_x=-1.500000000000028 err_y=-1.000000000000014 vx=0.0000 vy=0.0000 paused=Falslse manual_active=False
AI_METRIC tick=13050 yaw_mode=fixed leader_yaw=0.0000 follower_yaw=26.6498 yaw_error=-26.6498 rotate=36.0000 tue err_x=-1.500000000000028 err_y=-1.000000000000014 vx=0.00tive=False
Aixed leader_yaw=0.0000 follower_yaw=26.7740 yaw_error=-26.7740 rotate=36.0000 target_locked=True in_center=True err_x=-100000000014 vx=0.0000 vy=0.000ion_active=False manual_active=False
ed leader_yaw=0.0000 follower_yaw=26.9011 yaw_error=-26.9011True in_center=True err_x=-1.500000000000028 err_y=-1.000000000000014 vx=0.0000 vy=0.0000 paused=False deviation_active=False manual_active=False
AI_METRIC tick=1=0.0000 follower_yaw=27.0250 yaw_error=-27.0250 rotate=36.0000 target_locked=True in_cente8 err_y=-1.000000000000014 vx=0.0000 vy=0.0000 paused=False deviation_active=False manual_active=False
AI_METRIC tick=13150 yaw_mode=fixed leader_yaw=0.0000 follower_yaw=27.1515 yaw_error=-27.1515 rotate=36.0000 target_locked=True in_center=True err_x=-1.500000000000028 err_y=-1.000000000000014 vx=0.0000 vy=0.0000 paused=False deviation_active=False manual_active=False
k=13175 yaw_mode=fixed leader_7 yaw_error=-27.2787 rotate=36.0000 target_locked=True in_center=True err_x=-1.500000000000028 err_y=-1.000000000000014 vx=0.0000 vy=0.0000 paused=False deviation_active=False manual_active=False
200 yaw_mode=fixed leader_yaw=0.0000 follower_yaw=27.4087 yaw_error=-27.4087 rotate=36.0000 target_locked=True in_center err_y=-1.000000000000014 vx=0.0000 vy=0.0000 paused=Falsl_active=False
AI_METRIC tick=13225 yaw_mode=fixed leader_yaw=0.0000 follower_yaw=27.5342 yaw_error=-27.5342 rotain_center=True err_x=-1.500000000000028 err_y=-1.000000000000014 vx=0.0000 vy=0.0000 paused=False deviation_active=False manual_active=False
AI_METRIC tick=13250 yaw_mode=fixed leader_yaw=0.0000 follower_yaw=27.6582 yaw_error=-27.6582 rotate=36.0000 target_locked=True in_center=True err_x=-1.500000000000028 err_y=-1.000000000000014 vx=0.0000 vy=0.0000 paused=False deviation_active=False manual_active=False
AI_METRIC tick=13275 yaw_mode=fixed leader_yaw=0.0000 follower_yaw=27.7878 yaw_error=-27.7878 rotate=36.0000 target_locked=True in_center=Truey=-1.000000000000014 vx=0.0000 vy=0.0000 paused=False deviation_active=False manual_active=False
AI_ed leader_yaw=0.0000 follower_yaw=27.9145 yaw_error=-27.9145 rotate=36.0000 target_locked=True in_center=True err_x=-1.500000000000028 err_y=-1.000000000000014 vx=0.0000 vy=0.0000 paused=False deviation_active=False manual_active=False
AI_METRIC tick=13325 yaw_mode=fixed leader_yaw=0.0000 follower_yaw=28.0399 yaw_error=-28.0399 rotate=36.0000 target_locked=True in_center=True err_x=-1.500000000000028 err_y=-1.000000000000014 vx=0.0000 vy=0.0000 paused=False deviation_active=False manual_active=False
AI_METRIC tick=13350 yaw_mode=fixed leader_yaw=0.0000 follower_yaw=28.1645 yaw_error=-28.1645 rotate=36.0000 target_locked=True in_center=True err_x=-1.500000000000028 err_yvy=0.0000 paused=False deviation_active=False manual_active=False
AI_METRIC tick=13375 yaw_mode=fixed leader_yaw=0.0000 follower_yaw=28.2924 yaw_error=-28.2924 rotate=36.0000 target_locked=True in_center=True err_x=-1.500000000000028 err_y=-1.000000000000014 vx=0.0000 vy=0.0000 paused=False deviation_active=False manual_activ
AI_METRIC tick=13400 yaw_mode=fixed leader_yaw=0.0000 follower_yaw=28.4243 yaw_error=-28.4243 rotate=36.0000 target_locked=True in_center=True err_x=-1.500000000000028 err_y=-1.000000000000014 vx=0.0000 vy=0.0000 paused=False deviation_active=False manual_active=False
AI_METRIC tick=13425 yaw_mode=fr_yaw=28.5510 yaw_error=-28.5510 rotate=36.0000 target_locked=True in_center=True err_x=-1.500000000000028 err_y=-1.000000000000014 vx=0.0000 vy=0.ion_active=False manual_active=False
AI_METRIC tick=13450 yaw_mode=fixed leader_yaw=0.0000 follower_yawtate=36.0000 target_locked=True in_center=True err_x=-1.500000000000028 err_y=-1.000000000000014 vx=0.0000 vy=0.0000 paused=False deviation_active=False manual_active=False
AI_METRIC tick=13475 yaw_mode=fixed leader_yaw=0.0000 follower_yaw=28.8008 yaw_error=-28.8008 rotate=36.00r=True err_x=-1.500000000000028 err_y=-1.000000000000014 vx=0.0000 vy=0.0000 paused=False deviation_active=False manua
AI_METRIC tick=13500 yaw_mode=fixed leader_yaw=0.0000 follower_yaw=28.9308 yaw_error=-28.9308 rotate=36.0000True err_x=-1.500000000000028 err_y=-1.000000000000014 vx=0.0000 vy=0.0000 paused=False deviation_active=False manual_active=False
AI_METRIC tick=13525 yaw_mode=fixed =29.0624 yaw_error=-29.0624 rotate=36.0000 target_locked=Tru00000000028 err_y=-1.000000000000014 vx=0.0000 vy=0.0000 paused=False deviation_active=False manual_active=False
AI_METRIC tick=13550 yaw_mode=fixed leader_yaw=0.0000 follower_yaw=29.1889 yaw_error=-29.1889 rotate=36.0000 target_locked=True in_center=True err_x=-1.500000000000028 err_y=-1.000000000000014=False deviation_active=False manual_active=False
AI_METRIC tick=13575 yaw_mode=fixed leader_yaw=0.0000 follower_yaw=29.3138 yaw_error=-29.3138 rotate=36.0000 target_locked=True in_center=True err_x=-1.500000000000028 err_y=-1.000000000000014 vx=0 deviation_active=False manual_active=False
AI_METRIC tick=13600 yaw_mode=fixed leader_yaw=0.0000 follower_yaw=29.4410 yaw_error=-29.4410 rotate=36.0000 target_locked=True in_center=True err_x=-1.500000000000028 err_y=-1.000000000000014 vx=0.0000 vy=0.0000 False manual_active=False
OK AI_STOP
试验 ai_round1_1 损失分数：214.6770（越低越好） 细节：{'usable_samples': 24.0, 'mean_abs_yaw_error': 27.707913043478264, 'rms_color_error': 1.673942452216751, 'rotate_std': 9.9498743710662, 'vx_std': 0.0, 'vy_std': 0.0, 'settled': 0.0, 'settle_time_s': 8.53978369999968, 'steady_mean_abs_yaw_error': 27.707913043478264, 'steady_rms_color_error': 1.673942452216751, 'steady_rotate_std': 9.9498743710662, 'steady_vx_std': 0.0, 'steady_vy_std': 0.0, 'locked_ratio': 0.75, 'center_ratio': 0.6666666666666666}
AI 候选 ai_round1_1 分数 214.6770 未优于历史最佳门槛 171.8905，不更新最佳参数。

=== 试验 ai_round1_2 ===
OK AI_STOP
KP=0.12
PID_KP 第 1 次未收到有效 OK，回包='KP=0.12'，准备重试。
OK PID_KP=0.12
OK PID_KI=0.07000000000000001
=52.0
PID_INTEGRAL_LIMIT 第 1 次未收到有效 OK，回包='=52.0'，准备重试。
OK PID_INTEGRAL_LIMIT=52.0
K YAW_DEADBAND_DEG=0.9
YAW_DEADBAND_DEG 第 1 次未收到有效 OK，回包='K YAW_DEADBAND_DEG=0.9'，准备重试。
OK YAW_DEADBAND_DEG=0.9
OK MAX_ROTATE_SPEED=49.0
OK MIN_COMMAND_SPEED=38.0
COLOR_DEAD_ZONE 第 1 次未收到有效 OK，回包=''，准备重试。
OK COLOR_
OK COLOR_CENTER_EXIT_ZONE=8
OK COLOR_INPUT_FILTER_ALPHA=0.29
OK COL
OK COLOR_MAX_TRACKING_SPEED=6.0
OK COLOR_COMMAND_RAMP_STEP=0.9
PEED=1.0
MIN_TRANSLATE_SPEED 第 1 次未收到有效 OK，回包='PEED=1.0'，准备重试。
OK MIN_TRANSLATE_SPEED=1.0
发送随机扰动：AI_PERTURB 201.97 22.94 0.00 1076
OK AI_PERTURB angle=201.97 translate=7.0 rotate=0.0 duration_ms=600
AI_METRIC tick=17125 yaw_mode=fixed leader_yaw=0.0000 follower_yaw=47.0577 yaw_error=-47.0577 rotate=0.0000 target_locked=True in_c49994 err_y=-1.409788532450001 vx=-6.4917 vy=-2.6188 paused=False deviation_active=False manual_active=True
AI_METRIC tick=17150 yaw_mode=fixed leader_yaw=0.0000 follower_yaw=45.5141 yaw_arget_locked=True in_center=True err_x=-1.999999999999986 err_y=-2.499982753905996 vx=-6.4917 vy=-2.6188 paused=False deviation_active=False manual_active=True
AI_METRIC tick=17175 yaw_mode=fixed leader_yaw=0.0000 follower_yaw=39.4227 yaw_error=-39.4227 rotate=enter=True err_x=3.499730685459198 err_y=-5.499730703886215 vx=-6.4917 vy=-2.6188 paused=False deviation_active=False
OK AI_START
AI_METRIC tick=17300 yaw_mode=fixed leader_yaw=0.0000 follower_yaw=37.3424 yaw_error=-37.3424 rotate=38.0000 target_locked=True in_center=err_y=-6.499999999999986 vx=0.5450 vy=0.8384 paused=False deviation_active=False manual_active=False
98 rotate=38.0000 target_locked=True in_center=False err_x=835769047446 vx=-0.2843 vy=0.9588 paused=False deviation_active=False manual_active=False
AI_METRIC tick=17350 yaw_mode=fixed leader_yaw=0.0000 follower_yaw=2te=-38.0000 target_locked=True in_center=True err_x=-6.999470096364348 err_y=0.001589491588234182 vx=0.0000 vy=0.0000 paused=False deviation_active=False manual_active=False
AI_METRIC tick=17375 yaw_mode=fixed leader_yaw=0.0000 follower_yaw=19.5503 yaw_error=-19.5503 rotate=-38.0000 target_locked=True in_center=True err_x=1.450366767079004 err_y=0.4958637368716339 vx=0.0000 vy=0.0000 paused=False deviation_active=False manual_active=False
AI_METRIC tick=17400 yaw_mode=fixed leader_yaw=0.0000 follower_yaw=17.7262 yaw_error=-17.7262 rot in_center=False err_x=9.977075749532546 err_y=2.977075749694876 vx=-0.2539 vy=0.9672 paused=False deviation_active=Fals
AI_METRIC tick=17425 yaw_mode=fixed leader_yaw=0_error=-14.5130 rotate=38.0000 target_locked=True in_center=err_y=-4.22497550635687 vx=0.0000 vy=0.0000 paused=False devive=False
AI_ed leader_yaw=0.0000 follower_ rotate=38.0000 target_locked=True in_center=True err_x=-6.000000001180197 err_y=-6.99977579959878 vx=0.0000 vy=0.0000 paused=False deviation_active=False manual_active=False
AI_METRIC tick=17475 yaw_mode=fixed leader_yaw=0.0000 follower_yaw=12.6616 yaw_error=-12.6616 rue in_center=True err_x=-6.000000000000014 err_y=-6.999999999999986 vx=0.0000 vy=0.0000 paused=False deviation_active=False manual_active=False
AI_METRIC tick=17500 yaw_mode=fixed leader_yaw=0.0000 follower_yaw=12.7897 yaw_error=-12.7897 rotate=38.0000 target_locked=True in_center=True err_x=-6.000000000000014 err_y=-6.999999999999986 vx=0.0000 vy=0.0000 paused=False deviation_active=False manual_active=False
AI_METRIC tick=17525 yaw_mode=fixed leader_yaw=0.0000 follower_yaw=12.9142 yaw_error=-12.9142 rotate=38.0000 target_locked=True in_center=True err_x=-6.000000000000014 err_y=-6.999999999999986 vx=0.0000 vy=0.0000 paused=False deviation_active=False manual_active=False
k=17550 yaw_mode=fixed leader_4 yaw_error=-13.0434 rotate=38.0000 target_locked=True in_center=True err_x=-6.000000000000014 err_y=-6.999999999999986 vx=0.0000 vy=0.0000 paused=False deviation_active=False manual_active=False
AI_METRIC tick=17575 yaw_mode=fixed leader_yaw=0.0000 follower_yaw=13.1740 yaw_error=-13.1740 rotate=38.0000 tue err_x=-6.000000000000014 err_y=-6.999999999999986 vx=0.0000 vy=0.0000 paused=False deviation_active=False manual_active=False
aw_mode=fixed leader_yaw=0.0000 follower_yaw=13.3015 yaw_error=-13.3015 rotate=38.0000 target_locked=True in_center=True err_x=-6.000000000000014 err_y=-6.999999999999986 vx=0.0000 vy=0.0000 paused=False deviation_active=False manual_active
AI_METRIC ti_yaw=0.0000 follror=-13.4306 rotate=38.0000 target_locked=True in_center=Tru_y=-6.999999999999986 vx=0.0000 vy=0.0000 paused=False deviation_active=False manual_active=False
AI_METRIC tick=17650 yaw_mode=fixed leader_yaw=0.0000 follower_yaw=13.5568 yaw_error=-13.5568 rotate=38.0000 target_locked=True in_center=Truey=-6.999999999999986 vx=0.0000 vy=0.0000 paused=False deviation_active=False manual_active=False
AI_METRIC tick=17675 yaw_mode=fixed leader71 yaw_error=-13.6871 rotate=38.0000 target_locked=True in_center=True err_x=-6.000000000000014 err_y=-6.999999999999986 vx=0.0000 vy=0.0000 paused=False deviation_active=False manual_active=False
AI_METRIC tick=17700 yaw_mode=fixed leader_yaw=0.0000 follower_yaw=13.8179 yaw_error=-13.8179 rotate=38.0000 target_locked=True in_center=True err_x=-6.000000000000014 err_y=-6.999999999999986 vx=0.0000 vy=0.0000 paused=False deviation_active=False manual_active=False
AI_METRIC tick=17725 yaw_mode=fixed leader_yaw=0.0000 follower_yaw=13.9424 yaw_error=-13.9424 rotate=38.0000 target_locked=True in_center=True err_x=-6.000000000000014 err_y=-6.999999999999986 vx=0.0000 vy=0.0000 paused=False deviation_active=False manual_active=False
AI_METRIC tick=17750 yaw_mode=fixed leader_yaw=0.0000 follower_yaw=12.4802 yaw_error=-12.4802 rotate=38.0000 target_locked=True in_center=True err_x=-2.505255356386769 err_y=-7.001051042504145 vx=0.0000 vy=0.0000 paused=False deviation_active=Fa
AI_METRIC tick=17775 yaw_mode=fixed leader_yaw=0.0000 follower_yaw=12.1876 yaw_error=-12.1876 rotate=38.0000 target_locked=True in_center=False err_x=15.45339429054368 err_y=-4.511648664520465 vx=0.7666 vy=0.9000 paused=False deviation_active=False manual_active=False
AI_METRIC tick=17800 yaw_mode=fixed leader_yaw=0.0000 follower_yaw=20.0605 yaw_error=-20.0605 rotate=38.0000 target_locked=True in_center=False err_x=24.99999686257se deviation_active=False manual_active=False
AI_METRIC tick=17825 yaw_mode=fixed leader_yaw=0.0000 follower_yrotate=49.0000 target_locked=True in_center=False err_x=38.29651513 vx=0.3249 vy=1.5152 paused=False deviation_active=False manual_act
AI_METRIC tick=17850 yaw_mode=fixed leader_yaw=0.0000 follower_yaw=34.3793 yaw_error=-34.3793 rotate=-38.0000 target_locked=True in_center=False err_x=19.65290255824586 err_y=5.98759886896228 vx=-0.3063 vy=0.9519 paused=Fal
se deviation_active=False manu
AI_METRIC tick=17 err_y=11.13010348542937 vx=0.eviation_active=False manual_active=False
AI_METRIC tick=17900 yaw_mode=fixed leader_yaw=0.0000 follower_yaw=22.7580 yaw_error=-22.7580 rotate=-38.0000 target_locked=True in_center=False err_x=17.9998072451064 err_y=1.999903631845079 vx=0.4847 vy=0.8747 paused=False deviation_active=False manual_active=False
AI_METRIC tick=17925 yaw_mode=fixed leader_yaw=0.0000 follower_yaw=15.1675 yaw_error=-15.1675 rotate=-38.0000 target_locked=True in_center=False err_x=8.010447490479237 err_y=14.49776120634182 vx=-0.9523 vy=-0.3051 paused=False deviation_active=False manual_active=False
METRIC tick=17950 yaw_mode=fixed leader_yaw=0.0000 follower_yaw=14.6844 yaw_error=-14.6844 rotate=38.0000 target_locked=True in_center=True err_x=0.9766982505357902 err_y=-1.470871114877831 vx=0.0000 vy=0.0000 paused=False deviation_active=False manual_active=False
AI_METRIC tick=17975 yaw_mode=fixed leader_yaw=0.0000 follower_yaw=9.2116 yaw_error=-9.2116 rotate=-38.0000 target_locked=True in_center=False err_x=11.46770604858179 err_y=-8.499996862679367 vx=0.6066 vy=0.8755 paused=False deviation_active=False manual_active=False
AI_METRIC tick=18000 yaw_mode=fixed leader_yaw=0.0000 follower_yaw=6.6938 yaw_error=-6.6938 rotate=-38.0000 target_locked=True in_center=True err_x=-2.98751558942547 err_y=-0.2955229468357388 vx=0.0000 vy=0.0000 paused=False deviation_active=False manual_active=False
AI_METRIC tick=18025 yaw_mode=fixed leader_yaw=0.0000 follower_yaw=1.7134 yaw_error=-1.7134 rotate=-38.0000 target_locked=True in_center=False err_x=-15.49989735333639 err_y=-2.999999997658641 vx=0.2452 vy=-1.1140 paused=False deviation_active=False manual_active=False
AI_METRIC tick=18050 yaw_mode=fixed leader_yaw=0.0000 follower_yaw=3.5744 yaw_error=-3.5744 rotate=38.0000 target_locked=True in_center=True err_x=2.499596065040151 err_y=3.999596055828881 vx=0.0000 vy=0.0000 paused=False deviation_active=False manual_active=False
AI_METRIC tick=18075 yaw_mode=fixed leader_yaw=0.0000 follower_yaw=3.5041 yaw_error=-3.5041 rotate=38.0000 target_locked=True in_center=True err_x=3.999999999999986 err_y=4.500000000000007 vx=0.0000 vy=0.0000 paused=False deviation_active=False manual_active=False
AI_METRIC tick=18100 yaw_mode=fixed leader_yaw=0.0000 follower_yaw=3.6339 yaw_error=-3.6339 rotate=38.0000 target_locked=True in_center=True err_x=3.9999999999vx=0.0000 vy=0.0000 paused=False deviation_active=se
OK AI_STOP
试验 ai_round1_2 损失分数：201.1734（越低越好） 细节：{'usable_samples': 26.0, 'mean_abs_yaw_error': 13.14475, 'rms_color_error': 13.582589668033355, 'rotate_std': 32.941403957247424, 'vx_std': 0.3031361896610969, 'vy_std': 0.5179824262514371, 'settled': 0.0, 'settle_time_s': 8.627799999999842, 'steady_mean_abs_yaw_error': 13.14475, 'steady_rms_color_error': 13.582589668033355, 'steady_rotate_std': 32.941403957247424, 'steady_vx_std': 0.3031361896610969, 'steady_vy_std': 0.5179824262514371, 'locked_ratio': 0.8461538461538461, 'center_ratio': 0.46153846153846156}
AI 候选 ai_round1_2 分数 201.1734 未优于历史最佳门槛 171.8905，不更新最佳参数。

=== 试验 ai_round1_3 ===
OK AI_STOP
OK PID_KI=0.05
OK PID_INTEGRAL_LIMIT=44.0
OK YAW_DEADBAND_DEG=1.0
TATE_SPEED=45.0
MAX_ROTATE_SPEED 第 1 次未收到有效 OK，回包='TATE_SPEED=45.0'，准备重试。
OK MAX_ROTATE_SPEED=45.0
OK MIN_COMMAND_SPEED=36.0
OK COLOR_INPUT_FILTER_ALPHA=0.25
OK COLOR_COMMAND_RAMP_STEP=1.1
OK MIN_TRANSLATE_SPEED=2.0
发送随机扰动：AI_PERTURB 221.87 25.95 0.00 934
OK AI_PERTURB angle=221.87 translate=7.0 rotate=0.0 duration_ms=600
AI_METRIC tick=18925 yaw_mode=fixed leader_yaw=0.0000 follower_yaw=103.5738 yaw_error=-103.5738 rotate=0.0000 target_locked=True in_center=True err_x=-3.000000000000014 err_y=-3.000000000000007 vx=-5.2126 vy=-4.6721 paused=False deviation_active=False manual_active=True
TRIC tick=18950 yaw_mode=fixed leader_yaw=0.0000 follower_yaw=103.6829 yaw_error=-103.6829 rotate=0.0000 target_locked=True in_center=True err_x=-2.999999999999972 err_y=-3.499999840750469 vx=-5.2126 vy=-4.6721 paused=False deviation_active=False manual_active=True
AI_METRIC tick=18975 yaw_mode=fixed leader_yaw=0.0000 follower_yaw=103.8100 yaw_error=-103.8100 rotate=0.0000 target_locked=True in_center=True err_x=-2.999999999999972 err_y=-3.000000000067402 vx=-5.2126 vy=-4.6721 paused=False deviation_active=False manual_active=True
OK AI_START
AI_METRIC tick=19100 yaw_mode=fixed leader_yaw=yaw=104.4397 yaw_error=-104.4397 rotate=36.0000 target_locked=True in_center=True err_x=-2.999999999999972 err_y=-3.499999999999986 vx=0.0000 vy=0.0000 paused=False deviation_active=False manual_active=False
AI_METRIC tick=19125 yaw_mode=fixed leader_yaw=0.0000 follower_yaw=104.5699 yaw_error=-104.5699 rotate=36.0000 target_locked=True in_center=True err_x=-2.999999999999972 err_y=-3.499999999999986 vx=0.0000 vy=0.0000 paused=False deviation_active=False manual_active=False
AI_METRIC tick=19150 yaw_mode=fixed leader_yaw=0.0000 follower_yaw=104.6941 yaw_error=-104.6941 rotate=36.00r=True err_x=-2.999999999999972 err_y=-3.499999999999986 vx=deviation_active=False manual_active=False
RIC tick=19175 yaw_mode=fixed leader_yaw=0.0000 follower_yaw=104.8182 yaw_error=-104.8182 rotate=36.0000 target_locked=True in_center=True err_x=-2.999999999999972 err_y=-3.499999999999986 vx=0.0000 vy=0.0000 p
AI_METRIC tick=19200 yaw_mode=fixed leader_yaw=0.0000 follower_yaw=104.9448 yaw_error=-104.9448 rotate=36.0000 target_locked=True in_center=True err_x=-2.999999999999972 err_y=-3.4999999999ed=False deviation_active=False manual_active=False
AI_METRIC tick=19225 yaw_mode=fixed leader_yaw=0.0000 follower_yaw=105.0701 yaw_error=-105.0701 rotate=36.0000 target_locked=True in_center=True err_x=-2.999999999999972 err_y=-3.499999999999986 vx=0.0000 vy=0.0000 paused=False deviation_active=F
AI_METRIC tick=19250 yaw_mode=fixed leader_yaw=0.0000 follower_yaw=1tate=36.0000 target_locked=True in_center=True err_x=-2.999999999999972 err_y=-3.499999999999986 vx=0.0000 vy=0.0000 paused=False deviation_active=False manual_active=False
AI_METRIC tick=19275 yaw_mode=fixed leader_yaw=0.0000 follower_yaw=105.3246 yaw_error=-105.3246 rotate=36.0000 target_locked=True in_center=True err_x=-2.999999999999972 err_y=-3.499999999999986 vx=0.0000 vy=0.0000 paused=False deviation_active=False manual_active=False
AI_METRIC tick=19300 yaw_mode=fixed leader_yaw=0.0000 follower_yaw=105.4525 yaw_error=-105.4525 rotate=36.0000 target_locked=True in_center=True err_x=-2.999999999999972 err_y=-3.499999999715968 vx=0.0000 vy=0.0000 paused=False deviation_active=False manual_active=False
AI_METRIC tick=19325 yaw_mode=fixed leader_yaw=0.0000 follower_yaw=105.2678 yaw_error=-105.267=True in_center=True err_x=-2.00000282841458 err_y=-3.488121367991255 vx=0.0000 vy=0.0000 paused=False deviation_active=False manual_active=False
AI_METRIC tick=19350 yaw_mode=fixed leader_yaw=0.0000 follower_yaw=104.4787 yaw_error=-104.4787 rotate=36.0000 target_locked=True in_center=True err_x=-2.449943545318476 err_y=-3.399887090636057 vx=0.0000 vy=0.0000 paused=False deviation_active=False manual_active=False
AI_METRIC tick=19375 yaw_mode=fixed leader_yaw=0.0error=-104.2144 rotate=36.0000 target_locked=True in_center=True err_x=-1.50003768560542 err_y=-3.499999999999986 vx=0.0000 vy=0.0000 paused=False deviation_active=False manual_active=False
AI_METRIC tick=19400 yaw_mode=fixed leader_yaw=0.0000 follower_yaw=103.6592 yaw_error=-103.6592 rotate=36.0000 target_locked=True in_center=True err_x=-0.7188169682838179 err_y=-3.00000000000675 vx=0.0000 vy=0.0000 paused=False deviation_active=False manual_active=False
AI_METRIC tick=19425 yaw_mode=fixed leader_yaw=0.0000 follower_yaw=102.2883 yaw_error=-102.2883 rotate=36.0000 target_locked=True in_center=True err_x=0.49957669412 vx=0.0000 vy=0.0000 paused=False deviation_active=False manual_active=False
AI_METRIC tick=19450 yaw_mode=fixed leader_yaw=0.0000 follower_yaw=94.5591 yaw_error=-94.5591 rotate=-36.0000 target_locked=True in_center=False err_x=9.001188448932012 err_y=-5.999999999820204 vx=1.0492 vy=1.7027 paused=False deviation_active=False manual_active=False
AI_METRIC tick=19475 yaw_mode=fixed leader_yaw=0.0000 follower_yaw=84.2384 yaw_error=-84.2384 rotate=36.0000 target_locked=True in_center=False err_x=17.49435960396571 err_y=-1.002820197733129 vx=-0.1242 vy=1.9961 paused=False deviation_active=False manual_active=False
AI_METRIC tick=19500 yaw_mode=fixed leader_yaw=0.0000 follower_yaw=74.0106 yaw_error=-74.0106 rotate=-36.0000 target_locked=True in_cente1 err_y=3.488111310507463 vx=-se deviation_active=False manual_active=False
AI_METRIC tick=19525 yaw_mode=fixed leader_yaw=0.0000 follower_yaw=65.5081 yaw_error=-65.5081 rotate=36.0000 target_locked=True in_center=False err_x=11.24948683993944 err_y=-4.3001479819211 vx=1.7217 vy=-1.0177 paused=False deviation_active=False manual_active=False
AI_METRIC tick=19550 yaw_mode=fixed leader_yaw=0.0000 follower_yaw=53.8817 yaw_error=-53.8817 rotate=36.0000 target_locked=True in_center=False err_x=16.85584398639021 err_y=1.550743532500164 vx=-0.7124 vy=1.8688 paused=False deviation_active=False manual_active=False
AI_METRIC tick=19575 yaw_mode=fixed leader_yaw=0.0000 follower_yaw=45.8061 yaw_error=-45.8061 rotate=-36.0000 target_locked=True in_center=True err_x=0.0003571802172643856 err_y=-0.4995239085933321 alse deviation_active=F
AI_METRIC tick=19600 yaw_mode=fixed leader_yaw=0.0000 follower_yaw=40.4475 yaw_error=-40.4475 rotate=36.0000 target_locked=True in_center=True err_x=-2.50066904697681 err_y=-6.99999988038d=False deviation_active=False
manual_active=False
AI_METRIC tick=19625 yaw_mode=er_yaw=40.5114 yaw_error=-40.5114 rotate=36.0000 target_locked=True in_center=True err_x=-2.000000000000028 err_y=-7.499999999999972 vx=0.0000 vy=0.0000 paused=False deviation_active=False manual_active=False
AI_METRIC tick=19650 yaw_mode=fixed leader_yaw=0.0000 follower_yaw=40.6346 yaw_error=-40.6346 rotate=36.0000 target_locked=True in_center=True err_x=-2.0999999972 vx=0.0000 vy=0.0000 paused=False deviation_active=False manual_active=False
AI_METRIC tick=19675 yaw_mode=fixed leader_yaw=0.0000 follower_yaw=40.7536 yaw_error=-40.7536 rotate=36.0000 target_locked=True in_center=True err_x=-2.000000000000028 err_y=-7.499999999999972 vx=0.0000 vy=0.0000 paused=False deviation_active=False manual_active=False
AI_METRIC tick=19700 yaw_mode=fixed leader_yaw=0.0000 follower_yaw=40.8576 yaw_error=-40.8576 rotate=36.0000 target_locked=True in_center=True err_x=-2.000000000000028 err_y=-7.999999999999972 vx=0.0000 vy=0.0000 paused
AI_ode=fixed leader_yaw=0.0000 follower_yaw=37.0906 yaw_error=-37.0906 rotate=36.0000 target_locked=True in_center=True err000000179187708 vx=0.0000 vy=0.0000 paused=False deviation_active=False manual_active=False
tick=19750 yaw_mode=fixed leader_yaw=0.0000 follower_yaw=48.3095 yaw_error=-48.3095 rotate=36.0000 target_locked=True in_center=True err_x=7.000000283025969 err_y=-4.00000084948249 vx=0.0000 vy=0.0000 paused=False deviation_active=False manual_active=False
AI_METRIC tick=19775 yaw_mode=fixed leader_yaw=0.0000 follower_yaw=48.5593 yaw_error=-48.5593 rotate=36.0000 target_locked=False in_center=False err_x=0.0 err_y=0.0 vx=0.0000 vy=0.0000 paused=False deviation_active=False manual_active=False
AI_METRIC tick=19800 yaw_mode=fixed leader_yaw=0.0000 follower_yaw=36.8541 yaw_error=-36.8541=False in_center=False err_x=0.0 err_y=0.0 vx=0.0000 vy=0.00ve=False manual_active=False
AI_METRIC tick=19825 yaw_mode=fixed leader_yaw=0.0000 follower_yaw=19.2602 yaw_error=-19.2602 rotate=-36.0000 target_locked=False in_center=False err_x=0.0 err_y=0.0 vx=0.0000 vy=0.0000 paused=False deviation_active=False manual_active=False
AI_METRIC ti_yaw=0.0000 follower_yaw=8.2054 yaw_error=-8.2054 rotate=-36.0000 target_locked=False in_center=False err_x=0.0 err_y=0.0 vx=0.0000 vy=0.0000 paused=False deviation_active=False manual_active=False
AI_METRIC tick=19875 yaw_mode=fixed leader_yaw=0.0000 follower_yaw=8.4375 yaw_error=-8.4375 rotate=36.0000 target_locked=False in_center=False err_x=0.0 err_y=0.0 vx=0.0000 vy=0.0000 paused=False deviation_active=False manual_active=False
OK AI_STOP
试验 ai_round1_3 损失分数：331.1540（越低越好） 细节：{'usable_samples': 26.0, 'mean_abs_yaw_error': 65.79209999999999, 'rms_color_error': 7.017754414972157, 'rotate_std': 28.678590245364894, 'vx_std': 0.413433393836363, 'vy_std': 0.6389749672963417, 'settled': 0.0, 'settle_time_s': 8.520445200001268, 'steady_mean_abs_yaw_error': 65.79209999999999, 'steady_rms_color_error': 7.017754414972157, 'steady_rotate_std': 28.678590245364894, 'steady_vx_std': 0.413433393836363, 'steady_vy_std': 0.6389749672963417, 'locked_ratio': 0.7692307692307693, 'center_ratio': 0.6153846153846154}
AI 候选 ai_round1_3 分数 331.1540 未优于历史最佳门槛 171.8905，不更新最佳参数。

=== AI 推荐轮次 2 ===
本轮 AI 调参以历史最佳参数为基础，只有优于历史最佳分数 171.8905 才会更新。
AI 分析建议：当前最佳组相对基线已经明显减少丢目标，但 settle_time 仍长且 rotate_std 偏高，说明纠正阶段还不够快同时存在角速度抖动。下一轮建议只做小步前推：以最佳组为中心，优先轻微提高偏航响应（小幅降死区、升旋转上限、适度补一点 KP/KD），避免直接回到基线那种容易甩丢目标的激进区间。三组分别对应：1. 主攻更快收敛；2. 在更快收敛基础上略提平移跟随速度；3. 更保守地抑制末段抖动并保锁定。
自动调参已按请求终止。
