=== AIPID 上位机自动调参启动 ===
会话时间戳：2026-07-16-03-27-35
会话日志目录：D:\2026_SmartCar\PersonalCode\dist\logs\sessions\2026-07-16-03-27-35
串口配置：{'port': 'COM11', 'port_keyword': '', 'baudrate': 115200, 'bytesize': 8, 'stopbits': 1.0, 'parity': 'N', 'flow_control': 'none', 'timeout_s': 0.08}
候选串口：COM11
尝试连接 COM11 ...
OK AI_STATUS paused=True deviation_offset=0.0 remaining_ms=0 manual_remaining_ms=0
已连接 CarB：COM11
发送 AI_STOP，让从车进入暂停状态并清空启动阶段的 AI_METRIC。
OK AI_STOP
OK AI_STATUS paused=True deviation_offset=0.0 remaining_ms=0 manual_remaining_ms=0
PID_KP=0.14
PID_KI=0.07000000000000001
PID_KD=0.3
PID_INTEGRAL_LIMIT=52
YAW_DEADBAND_DEG=0.7
MAX_ROTATE_SPEED=61
MIN_COMMAND_SPEED=42
COLOR_KP_X=0.033
COLOR_KD_X=0.25
COLOR_KP_Y=0.033
COLOR_KD_Y=0.25
_DEAD_ZONE=4
GET COLOR_DEAD_ZONE 第 1 次未读到完整回包，回包='_DEAD_ZONE=4'。
COLOR_DEAD_ZONE=4
=6
GET COLOR_CENTER_EXIT_ZONE 第 1 次未读到完整回包，回包='=6'。
COLOR_CENTER_EXIT_ZONE=6
COLOR_INPUT_FILTER_ALPHA=0.25
AND_FILTER_ALPHA=0.4
GET COLOR_COMMAND_FILTER_ALPHA 第 1 次未读到完整回包，回包='AND_FILTER_ALPHA=0.4'。
COLOR_COMMAND_FILTER_ALPHA=0.4
COLOR_MAX_TRACKING_SPEED=7
COLOR_COMMAND_RAMP_STEP=1.1
MIN_TRANSLATE_SPEED=2
GET DRIVE_MAX_DUTY 第 1 次未读到完整回包，回包=''。
DRIVE_MAX_DUTY=7500
DRIVE_TRANSLATE_BIAS_DUTY=4800

=== 试验 baseline ===
OK
发送随机扰动：AI_PERTURB 315.37 17.61 0.00 1108
OK AI_PERTURB angle=315.37 translate=7.0 rotate=0.0 duration_ms=600
AI_METRIC tick=5750 yaw_mode=fixed leader_yaw=0.0000 follower_yaw=0.1102 yaw_error=-0.1102 rotate=0.0000 target_locked=True in_center=False err_x=6.0 err_y=5.99999999621599 vx=4.9816 vy=-4.9177 paused=False deviation_active=False manual_active=True
AI_METRIC tick=5775=2.1989 yaw_error=-2.1989 rotate=0.0000 target_locked=True in_center=False err_x=6.000000015945773 err_y=6.999999984049154 vx=4.9816 vy=-4.9177 paused=False deviation_active=False manual_active=True
OK AI_START
AI_METRIC tick=5950 yaw_mode=fixed leader_yaw=0.0000 follower_yaw=6.1183 yaw_error=-6.1183 rotate=42 target_locked=True in_center=False err_x=3.517825902171879 err_y=6.517819538996747 vx=0.0000 vy_active=False manual_active=Fa
AI_METRIC tick=5975 yaw_mode=fixed leader_yaw=0.0000 follower_yaw=5.5443 yaw_error=-5.5443 rotate=-42 target_lo=1.910994850300739 err_y=3.000031787562939 vx=0.0000 vy=0.0000 paused=False deviation_acti
AI_METRIC tick=6000 yaw_mode=fixed leader_yaw=0.0000 follower_yaw=5.5332 yaw_error=-5.5332 rotate=42 target_locked=True in_center=True err_x=1.9999999999999
72 err_y=1.500158739635708 vx=0.0000 vy=0.0000 paused=False deviation_active=False manual_active=False
AI_METRIC tick=6025 yaw_mode=fixed leader_yaw=0.0000 follower_yaw=5.5281 yaw_error=-5.5281 rotate=42 target_locked=True in_center=True err_x=1.999999999999972 err_y=1.999999999999986 vx=0.0000 vy=0.00
AI_METRIC tick=6050 yaw_mode=fixed leader_yaw=0.0000 follower_yaw=5.5193 yaw_error=-5.5193 rotate=42 target_locked=True in_center=True err_x=1.999999999999972 err_y=1.999999999999986 vx=0.0000 vy=0.0000 paused=False deviation_active=False manual_active=Fa
AI_METRIC tick=6075 yaw_mode=fixelower_yaw=5.5156 yaw_error=-5.5156 rotate=42 target_locked=True in_center=True err_x=1.999999999999972 err_y=1.999999999999986 vx=0.0000 vy=0.0000 pause manual_active=False
AI_METRIC tick=6100 yaw_mode=fixed leader_yaw=0.0000 follower_yaw=5.5151arget_locked=True in_center=True err_x=1.999999999999972 err_y=1.999999999999986 vx=0.0000 vy=0.0000 paused=False deviation_active=False manual_active=False
AI_METRIC tick=6125 yaw_mode=fixed leader_yaw=0.0000 follower_yaw=5.5133 yaw_error=-5.5133 rotate=42 target_locked=True in_center=True err_x=1.999999999999972 err_y=1.999999999999986 vx=0.0000 vy=0.0000 paused=False deviation_active=False manual_active=False
AI_METRIC tick=6150 yaw_mode=fixed leader_yaw=0.0000 follower_yaw=5.5097 yaw_error=-5.5097 rotate=42 target_locked=True in_center=True err_x=1.999999999999972 err_y=1.999999999999986 vx=0.0000 vy=0.0000 paused=Fnual_active=False
AI_METRIC tick=6175 yaw_mode=fixed leader_yaw=0.0000 follower_yaw=5.5062 yaw_error=-5.5062 rotate=42 target_locked=True in_center=True err_x=1.999999999999972 err_y=1.999999999999986 vx=0.0000 vy=0.0000 paused=False deviation_active=False manual_active=False
AI_METRIC tick=6200 ya=0.0000 follower_yaw=5.4990 yaw_error=-5.4990 rotate=42 target_locked=True in_center=True err_x=1.999999999999972 err_y=_active=False manual_active=False
AI_METRIC tick=6225 yaw_mode=fixed leader_yaw=0.0000 follower_yaw=5.5023 yaw_error=-5.5023 rotate=42 target_locked=True in_center=True err_x=1.999999986 vx=0.0000 vy=0.0000 paused=False deviation_active=Fal
AI_METRIC tick=6250 yaw_mode=fixed leader_yaw=0.0000 follower_yaw=5.5010 yaw_error=-5.5010 rotate=42 target_locked=True in_center=rr_y=1.999999999999986 vx=0.0000 vy=0.0000 paused=False deviation_active=False manual_active=False
AI_METRIC tick=6275 yaw_mode=fixed leader_yaw=0.0000 follower_yaw=5.4974 yaw_error=-5.4974 rotate=42 target_locked=True in_center=True err_x=1.999999999999972 err_y=1.999999999999986 vx=0.0000 vy=0.0000 paused=False deviation_active=False manual_active=False
AI_METeader_yaw=0.0000 follower_yaw=5.4970 yaw_error=-5.4970 rotatter=True err_x=1.999999999999972 err_y=1.999999999999986 vx=0.0000 vy=0.0000 paused=False deviation_active=False manual_active=False
AI_METRIC tick=6325 yaw_mode=fixed leader_yaw=0.0000 follower_yaw=5.4932 yaw_error=-5.4932 rotate=42 target_locked=True in_center=True err_x=1.999999999999972 err_y=1.999999999999986 vx=0.0000 vy=0.0000 paused=Fnual_active=False
AI_METRIC tick=6350 yaw_mode=fixed leader_yaw=0.0000 follower_yaw=5.4909 yaw_error=-5.4909 rotate=42 tar err_x=1.999999999999972 err_y=1.999999999999986 vx=0.0000 vy=0.0000 paused=False deviation_active=False manual_active=False
AI_METRIC tick=6375 yaw_mode=fixed leader_yaw=0.0000 follower_yaw=5.4854 yaw_error=-5.4854 rotate=42 target_locked=True in_center=True err_x=1.999999999999972 err_y=1.999999999999986 vx=0.0000 vy=0.0000 paused=False deviation_active=False manu
AI_METRIC tick=6400 yaw_mode=fixed leader_yaw=0.0000 follower_yaw=5.4794 yaw_error=-5.4794 rotate=42 target_locked=True in_center=True err_x=1.999999999999972 err_y=1.999999999999986 vx=0.viation_active=False manual_active=False
AI_METRIC tick=6425000 follower_yaw=5.4837 yaw_error=-5.4837 rotate=42 target_locked=True in_center=True err_x=1.999999999999972 err_y=1.999999999999986 vx=0.0000 vy=0.0ive=False manual_active=False
AI_METRIC tick=6450 yaw_mode=fixed leader_yaw=0.0000 follower_yaw=5.4828 yaw_error=-5.4828 rotate=42 target_locked=True in_center=True err_
x=1.999999999999972 err_y=1.999999999999986 vx=0.0000 vy=0.0000 paused=False deviation_act
RIC tick=6475 yaw_mode=fixed leader_yaw=0.0000 follower_yaw=5.4825 yaw_error=-5.4825 rotatter=True err_x=1.999999999999972 err_y=1.999999999999986 vx=0.0000 vy=0.0000 paused=False deviation_active=False manual_
AI_METRIC tick=6500 yaw_mode=fixed leader_yaw=0.0000 follower_yaw=5.4832 yaw_error=-5.4832 rotate=42 target_locked=True in_center=True err_x=1.999999999999972 err_y=1.999999999999986 vx=0.0000 vy=0.0000 paused=False deviation_active=False manual_active=False
AI_METRIC tick=6525 yaw_mode=fixed leader_yaw=0.0000 follower_yaw=5.4766 yaw_error=-5.4766 rotate=42 target_locked=True in_center=True err_x=1.999999996 vx=0.0000 vy=0.0000 paused=False deviation_active=False manual_active=False
AI_METRIC tick=6550 yaw_mode=fixed leader_yaw=0.0000 follower_yaw=5.4757 yaw_error=-5.4757 rocenter=True err_x=1.999999999999972 err_y=1.999999999999986 vx=0.0000 vy=0.0000 paused=False deviation_active=False manual_active=False
AI_METRICed leader_yaw=0.0000 follower_yaw=5.4758 yaw_error=-5.4758 rotate=42 target_locked=True in_center=True err_x=1.999999999999972 err_y=1.999999999999986 vx=0.0000 vy=0.0000 paused=False deviation_active=False manual_active=False
00 yaw_mode=fixed leader_yaw=0.0000 follower_yaw=5.4735 yaw__locked=True in_center=True err_x=1.999999999999972 err_y=1.999999999999986 vx=0.0000 vy=0.0000 paused=False deviation_active=False manual_active=False
IC tick=6625 yaw_mode=fixed leader_yaw=0.0000 follower_yaw=5.4719 yaw_error=-5.4719 rotate=42 target_locked=True in_cent2 err_y=1.999999999999986 vx=0.0000 vy=0.0000 paused=False deviation_active=False manual_active=False
AI_METRIC tick=6650 yaw_mode=fixed leader_yaw=0.0000 follower_yaw=5.4701 yaw_error=-5.4701 rotate=42 target_locked=True in_center=True err_x=1.99999999999x=0.0000 vy=0.0000 paused=False deviation_active=False manual_active=False
AI_METRIC tick=6675 yaw_mode=fixed leader_yaw=0.0000 follower_yaw=5.4684 yaw_error=-5.4684 rotate=42 target_locked=True in_center=True err_x999999999986 vx=0.0000 vy=0.00
AI_METRIC tick=6700 yaw_mode=fixed leader_yaw=0.0000 follower_yaw=5.4598 yaw_error=-5.4598 rotate=42 target_locked=True in_center=True err_x=1.999999999999972 err_y=1.999999999999986 vx=0.0000 vy=0.0000 paused=False deviation_active=False manual_active=False
AI_METRIC tick=6725 yaw_mode=fixed leader_yaw=0.0000 follower_yaw=5.4543 yaw_error=-5.4543 rotate=42 target_locked=True in_center=True err_x=1.999999999999972 000 vy=0.0000 paused=False deviation_active=False manual_active=False
OK AI_STOP
试验 baseline 损失分数：154.7530（越低越好） 细节：{'usable_samples': 26.0, 'mean_abs_yaw_error': 5.492176, 'rms_color_error': 2.480694691225676, 'rotate_std': 11.191712910445053, 'vx_std': 0.0, 'vy_std': 0.0, 'settled': 0.0, 'settle_time_s': 8.573018099997716, 'steady_mean_abs_yaw_error': 5.492176, 'steady_rms_color_error': 2.480694691225676, 'steady_rotate_std': 11.191712910445053, 'steady_vx_std': 0.0, 'steady_vy_std': 0.0, 'locked_ratio': 0.8846153846153846, 'center_ratio': 0.8846153846153846}
当前 baseline 已优于历史最佳，先把 baseline 升级为新的历史最佳。
最佳结果已保存：D:\2026_SmartCar\PersonalCode\dist\logs\best_result.json

=== AI 推荐轮次 1 ===
本轮 AI 调参以历史最佳参数为基础，只有优于历史最佳分数 154.7530 才会更新。
AI 分析建议：当前最优组的主要问题是未进入 settled，且 steady yaw 误差偏大，但目标锁定和中心占比还可以，所以先做保守探索：前两组优先略增大转向响应来缩短纠正时间，同时用更高 KD 和稍大死区抑制来回摆；第三组不追求更快转向，而是轻降平移 aggressiveness 并增加中心区与滤波，优先避免后段 hunting 和丢目标。建议按给出顺序逐组实车测试。

=== 试验 ai_round1_1 ===
OK AI_STOP
OK PID_KP=0.18
OK PID_KD=0.35
OK YAW_DEADBAND_DEG=0.8
OK MAX_ROTATE_SPEED=67.0
OK MIN_COMMAND_SPEED=40.0
发送随机扰动：AI_PERTURB 283.02 23.50 0.00 981
OK AI_PERTURB angle=283.02 translate=7.0 rotate=0.0 duration_ms=600
AI_ME
TRIC tick=9725 yaw_mode=fixed leader_yaw=0.0000 follower_yaw=5.2261 yaw_error=-5.2261 rotate=0.0000 target_locked=True i6590921 err_y=1.50000067119602 vx=1.5770 vy=-6.8200 paused=False deviation_active=False maAI_METRIC tick=9750 yaw_mode=fixed leader_yaw=0.0000 follower_yaw=6.1653 yaw_error=-6.1653 rotate=0.0000 target_locked=True in_center=True err_x=1.999999999326846 err_y=2.499999
999999986 vx=1.5770 vy=-6.8200 paused=False deviation_activeAI_METRIC tick=9775 yaw_mode=fixed leader_yaw=0.0000 follower_yaw=6.2600 yaw_eget_locked=True in_center=True err_x=1.500000000002402 err_y=2.000000000000014 vx=1.5770 vy=-6.8200 paused=False deviation_active=False manual_active=True
OK AI_START
AI_METRIC tick=9900 yaw_mode=fixed leader_yaw=0.0000 follower_yaw=6.2642 yaw_error=-6.2642 rotate=40.0000 target_locked=True in_center=True err_x=1.000000014 vx=0.0000 vy=0.0000 paused=False deviation_active=False manual_active=False
AI_METRIC tick=9925 yaw_mode=fixed leader_yaw=0.0000 follower_yaw=6.2358 yaw_error=-6.2358 rotate=40.0000 target_locked=True in_cente err_y=2.000000000000014 vx=0.0000 vy=0.0000 paused=False deviation_active=False manual_active=False
AI_METRIC tick=9950 yaw_mode=fixed leader5 yaw_error=-6.2255 rotate=40.0000 target_locked=True in_center=True err_x=1.500000000000028 err_y=2.000000000000014 vx=0.0000 vy=0.0000 paused=False active=False
TRIC tick=9975 yaw_mode=fixed =6.2184 yaw_error=-6.2184 rotate=40.0000 target_locked=True in_center=True err_x=1.500000014 vx=0.0000 vy=0.0000 paused=False deviation_active=False manual_active=False
AI_METRIC tick=10000 yaw_mode=fixed leader_yaw=0.0000 follower_yawte=40.0000 target_locked=True in_center=True err_x=1.500000000000028 err_y=2.000000000000014 vx=0.0000 vy=0.0000 paused=False deviation_active=False manual_active=False
AI_METRIC tick=10025 yaw_mode=fixed leader_yaw=0.0000 follower_yaw=6.2118 yaw_error=-6.2118 rotate=40.0000 target_locked=True in_c
enter=True err_x=1.500000000000028 err_y=2.000000000000014 vx=0.0000 vy=0.0000 paused=Falsl_active=False
AI_METRIC tick=10050 yaw_mode=fixed leader_yyaw_error=-6.2064 rotate=40.0000 target_locked=True in_center=True err_x=1.500000000000028 err_y=2.000000000000014 vx=0.0000 vy=0.0000 paused=False deviation_active=False manual_active=False
AI_METRIC tick=10075 yaw_mode=fixed leader_yaw=0.0000 follower_yaw=6.2059 yaw_error=-6.2059 rotate=40.0000 target_locked=True in_center=True err_x=1.500000000000028 err_y=2.000000000000014 vx=0.0000 vy=0.0000 paused=False deviation_active=False manual_active=False
AI_METRIC tick=10100 yaw_mode=fixed leader_yaw=0.0000 follower_yaw=6.2026 yaw_error=-6.2026 rotate=40.0000 target_locked=True in_center=True err_x=1.500000000000028 err_y=2.000000000000014 vx=0.0000 vy=0.0000 paused=False deviation_active=False manual_active=False
AI_METRIC tick=10125 yaw_mode=fixed leader_yaw=0.0000 follower_yaw=6.1966 yaw_error=-6.1966 rotate=40.0000 target_locked=True in_center=True err_x=1.500000000000028 err_y=2.000000000000014 vx=0.0000 vy=0.0000 paused=False deviation_active=False manual_active=False
AI_METRIC tick=10150 yaw_mode=fixed leader_yaw=0.0000 follower_yaw=6.1934 yaw_error=-6.1934 rot in_center=True err_x=1.500000000000028 err_y=2.000000000000=False deviation_active=False manual_active=False
AI_METRIC tick=10175 yaw_mode=fixed leader_yaw=0.0000 follower_yaw=6.1716 yaw_error=-6.1716 rotate=40.0000 target_locked=True in_center=True err_x=1.500000000 vx=0.0000 vy=0.0000 paused=False deviation_active=False manual_active=False
AI_METRIC tickeader_yaw=0.0000 follower_yaw=5.7823 yaw_error=-5.7823 rotatin_center=True err_x=2.499999999999943 err_y=2.502113134618398 vx=0.0000 vy=0.0000 paused=anual_active=False
AI_METRIC tick=10225 yaw_mode=fixed leader_yaw=0.0000 follower_yaw=-8.9836 yaw_error=8.9836 rotate=-46.0410 target_locked=True in_center=False err_0006700798096 vx=0.0000 vy=0.0000 paused=False deviation_act
AI_METRIC tick=10250 yaw_mode=fixed leader_yaw=0.0000 follower_yaw=-15.5849 yaw_error=15.5849 rotate=-40.0000 target_locked=True in_center=False err_x=51.49994345514777 err_y=11.50011300897893 lse deviation_active
AI_METRIC tick=10275 yaw_mode=fixed leader_yaw=0.0000 follower_yaw=-14.3205 yaw_error=14.3205 rotate=40.0000 target_locked=True in_center=False err_x=24.00282329239589 err_y=-1.499999641652998 vx=1.9895 vy=0.2043 paused=False deviation_active=False manual_active=False
AI_METRIC tick=10300 yaw_mode=fixed leader_yaw=0.0000 follower_yaw=-9.9167 yaw_error=9.9167 rotate=40.3454 target_locked=True in_center=False err_x=-5.49154880156604 err_y=11.49153739345837 vx=-1.9350 vy=-0.5057 paused=False deviation_active=False manual_active=False
AI_METRIC tick=10325 yaw_mode=fixed leader_yaw=0.0000 follower_yaw=-7.9754 yaw_error=7.9754 rotate=-40.0000 target_locked=True in_center=False err_x=-6.612627031548314 err_y=5.1502230161ed=False deviation_active=Fals
AI_METRIC tick=10350 yaw_mode=fixed leader_yaw=0.0000 follower_yaw=-3.6844 yaw_error=3.6844 rotate=40.0000 target_locked=True in_center=True err_x=3.15625002385319 err_y=-2.718750011947932 vx=0.0000 vy=0.0000 paused=False deviation_active=False manual_active=False
AI_METRIC tick=10375 yaw_mode=fixed leader_yaw=0.0000 follower_yaw=-3.6827 yaw_error=3.6827 rotate=-40.0000 target_locked=True in_center=True err_x=4.999717796203186 err_y=-2.5000000671794 vx=0.0000 vy=0.0000 paused=False deviation_active=False manual_active=False
AI_METRIC tick=10400 yaw_mode=fixed leader_yaw=0.0000 follower_yaw=-3.6865 yaw_error=3.6865 rotate=-40.0000 target_locked=True in_center=True err_x=4.999999999999972 err_y=-2.500000159249524 vx=0.0000 vy=0.0000 paused=False deviation_active=False manual_active=False
AI_METRIC tick=10425 yaw_mode=fixed leader_yaw=0.0000 follower_yaw=e=-40.0000 target_locked=True in_center=True err_x=4.997886362104353 err_y=-2.500000000159766 vx=0.0000 vy=0.0000 pausedmanual_active=False
AI_METRIC tick=10450 yaw_mode=fixed leader_yaw=0.0000 follower_yaw=-3.6913 yaw_error=3.6913 rotate=-40.0000 target_locked=True in_center=True err_x=4.9999999999999=0.0000 vy=0.0000 paused=False deviation_active=False manual_active=False
AI_METRIC tick=10475 yaw_mode=fixed leader_yaw=0.0000 follower_yaw=-3.6937 yawtarget_locked=True in_center=True err_x=4.999999999999972 err_y=-2.988126396283334 vx=0.00ation_active=False manual_acti
AI_METRIC tick=10500 yaw_mode=fixed leader_yaw=0.0000 follower_yaw=-3.6962 yaw_error=3.6962 rotate=-40.0000 target_locked=True in_center=True err_x=4.949959434368125 err_y=-2.500015888103654 vx=0.0000 vy=0.0000 paused=False deviation_active=False manual_active=False
AI_METRIC tick=10525 yaw_mode=fixed leader_yaw=0.0000 follower_yaw=-3.7008 yaw_error=3.7008 rotate=-40.0000 target_locked=True in_center=True err_x=4.999999988043498 err_y=-2.881347656250014 vx=0.0000 vy=0.0000 paused=False deviation_active=False manual_active=False
AI_METRIC tick=10550 yaw_mode=fixed leader_yaw=0.0000 follower_yaw=-3.7038 yaw_error=3.7038 rotate=-40.00r=True err_x=4.999933052977227 err_y=-2.500000000000014 vx=0.0000 vy=0.0000 paused=False deviation_active=False manual_active=False
aw_mode=fixed leader_yaw=0.0000 follower_yaw=-3.7089 yaw_error=3.7089 rotate=-40.0000 target_locked=True in_center=True err_x=4.999999999999972 err_y=-2.500000067179393 vx=0.0000 vy=0.0000 paused=False deviation_active=False manual_active=False
AI_METRIC tick=10600 yaw_mode=fixed leader_yaw=0.0000 follower_yaw=-3.7169 yaw_error=3.7169 rotate=-40.0000 target_locked=True in_center=True err_x=4.999999999999972 err_y=-2.500000000000014 vxse deviation_active=False manual_active=False
AI_METRIC tick=10625 yaw_mode=fixed leader_yaw=0.0000 follower_yaw=-3.7203 yaw_error=3.7203 rotate=-40.0000 target_locked=True in_center=True err_x=4.997886529903425 err_y=-2.502113470256347 vx=0.0000 vy=0.0000 paused=False deviation_active=False manual_active=False
aw_mode=fixed leader_yaw=0.0000 follower_yaw=-3.7277 yaw_error=3.7277 rotate=-40.0000 target_locked=True in_center=True err_x=4.999999999999972 err_y=y=0.0000 paused=False deviation_active=False manual_active=False
AI_METRIC tick=10675 yaw_mode=fiollower_yaw=-3.7312 yaw_error=3.7312 rotate=-40.0000 target_locked=True in_center=True err500000000000014 vx=0.0000 vy=0.0000 paused=False deviation_active=False manual_active=False
AI_METRICder_yaw=0.0000 follower_yaw=-3.7317 yaw_error=3.7317 rotate=-40.0000 target_locked=True in_center=True err_x=4.999999999999105 err_y=-2.999999997161993 vx=0.0000 vy=0.0000 paused=Fnual_active=False
OK AI_STOP
试验 ai_round1_1 损失分数：182.3610（越低越好） 细节：{'usable_samples': 27.0, 'mean_abs_yaw_error': 6.108308695652173, 'rms_color_error': 12.185918740809282, 'rotate_std': 35.86532006473139, 'vx_std': 0.5341044855727354, 'vy_std': 0.10436873076545111, 'settled': 0.0, 'settle_time_s': 8.615188299999863, 'steady_mean_abs_yaw_error': 6.108308695652173, 'steady_rms_color_error': 12.185918740809282, 'steady_rotate_std': 35.86532006473139, 'steady_vx_std': 0.5341044855727354, 'steady_vy_std': 0.10436873076545111, 'locked_ratio': 0.8518518518518519, 'center_ratio': 0.7037037037037037}
AI 候选 ai_round1_1 分数 182.3610 未优于历史最佳门槛 154.7530，不更新最佳参数。

=== 试验 ai_round1_2 ===
OK
OK PID_KD=0.3
OK PID_INTEGRAL_LIMIT=60.0
OK MAX_ROTATE_SPEED=64.0
OK MIN
发送随机扰动：AI_PERTURB 278.81 24.44 0.00 923
OK AI_PERTURB angle=278.81 translate=7.0 rotate=0.0 duration_ms=600
AI_METRIC tick=11375 yaw_mode=fixed leader_yaw=0.0000 follower_yaw=-7.5688 yaw_error=7.5688 rotate=0.0000 target_locked=True in_center=False err_x=49.49999999999999 err_y=8.124999984054213 vx=1.0721 vy=-6.9174 paused=False deviation_active=False manual_active=True
AI_METRIC tick=11400 yaw_mode=fixed leader_yaw=0.0000 follower_yaw=-9.7655 yaw_error=9.7655 rotate=0.0000 target_locked=True in_center=False err_x=55.49849455470824 err_y=9.999247366926653 vx=1.0721 vy=-6.9174 paused=False deviation_active=False manual_active=True
OK AI_START
AI_METRIC tick=11550 yaw_mode=fixed leader_yaw=0.0000 follower_yaw=-17.1878 yaw_error=17.1878 rotate=42.0000 target_locked=True in_center=False err_x=68.2424386310643 err_y=22.60957592079723 vx=-1.0590 vy=2.4040 paused=False deviat=False
AI_METRIC tick=11575 yaw_mode=fixed leader_yaw=0.0000 follower_yaw=-14.7732 yaw_error=14.7732 rotate=-42.0000 target_locked=True in_center=False err_x=43.53964015051778 err_y=5.525369696253165 vx=0.1634 vy=1.9933 paused=False deviation_active=False manual_active=False
AI_METRIC tick=11600 yaw_mode=fixed leader_yaw=0.0000 follower_yaw=-13.9399 yaw_error=13.9399 rotate=42.0000 target_locked=True in_center=False err_x=10.4999999952x=-1.3525 vy=-1.4734 paused=False deviation_active=False manual_active=False
AI_METRIC tick=11625 yaw_mode=fixed leader_yaw=0.0000 follower_yaw=-12.7505 yaw_error=12.7505 rotate=-42.0000 target_lock599345699725 vx=1.9979 vy=0.0913 paused=False deviation_active=False manual_active=False
AI_METRIC tick
=11650 yaw_mode=fixed leader_yaw=0.0000 follower_yaw=-9.7204 yaw_error=9.7204 rotate=-42.0000 target_locked=True in_center=True err_x=1.000952544165017 err_y=-2.000317521798564 vx=0.0000 vy=0.0000 paused=False deviation_active=False manual_active=False
AI_METRIC tick=11675 yaw_mode=fixed leader_yaw=0.0000 follower_yaw=-6.9127 yaw_error=6.9127 rotate=42.0000 target_locked=True in_center=False err_x=-7.498810229066351 err_y=3.999999716sed=False deviation_active=False manual_active=False
AI_METRIC tick=11700 yaw_mode=fixed leader_yaw=0.0000 follower_yaw=-0.7787 yaw_error=0.7787 rotate=0.0000 target_locked=True in_center=False err_x=-8.491093145283955 err_y=2.017817948687011 vx=-0.3355 vy=-1.9717 paused=False deviation_activ
AI_METRIC tick=11725 yaw_mode=fixed leader_yaw=0.0000 follower_yaw=-2.5461 yaw_error=2.5461 rotate=42.0er=False err_x=8.237167828509769 err_y=-4.424906370275863 vx=0.0000 vy=0.0000 paused=False deviation_active=False manual_active=False
AI_METRIC tick=11750 yaw_mode=fixed leader_yaw=0.0000 follower_yaw=-6.2540 yaw_error=6.2540 rotate=-42.0000 target_locked=True in_cen317 err_y=-2.281584841424134 vx=-0.9052 vy=1.7834 paused=Fal
AI_METRIC tick=11775 yaw_mode=fixed leader_yaw=0.0000 follower_yaw=-3.6232 yaw_error=3.6232 rotate=-42.0000 target_locked=Tr8942731156261 err_y=4.497885858403954 vx=-0.6752 vy=-1.8826 paused=False deviation_active=False manual_active=False
AI_METRIC tick=11800 yaw_mode=fixed leader_yaw=0.0000 follower_yaw=0.0912 yaw_error=-0.0912 rotate=0.0000 target_locked=True in_cente02 err_y=1.084497090522817 vx=deviation_active=False manual_
AI_METRIC tick=11825 yaw_mode=fixed leader_yaw=0.0000 follower_yaw=-3.9949 yaw_error=3.9949 rotate=-42.0000 target_locked=True in_center=False err_x=11.49981155600177 err_y=-5.499887006951653 vx=0.8375 vy=1.8162 paused=False deviation_active=False manual_active=False
AI_METRIC tick=11850 yaw_mode=fixed leader_yaw=0.0000 follower_yaw=-4.3598 yaw_error=4.3598 rotate=-42.0000 target_.9986617865398344 vx=0.0000 vy_active=False manual_active=False
AI_METRIC tick=11875 yaw_mode=fixed leader_yaw=0.0000 follower_otate=42.0000 target_locked=True in_center=False err_x=-18.53563023650041 err_y=5.511878631334916 vx=-0.5288 vy=-1.9288 paused=False deviation_active=False manual_active=False
A_mode=fixed leader_yaw=0.0000 follower_yaw=-0.7953 yaw_error=0.7953 rotate=0.0000 target_locked=True in_center=True err_x=-3.779785196617553 err_y=-2.550781236540942 vx=0.0000 vy=0.0000 paused=False deviation_active=False manual_active=False
AI_METRIC tick=11925 yaw_mode=fixed leader_yaw=0.0000 follower_yaw=3.4699 yaw_error=-3.4699 rotate=42.0000 target_locked=True in_center=False err_x=10.49999988657177 err_y=-0.5000000567231098 vx=-0.2018 vy=1.9898 paused=Falal_active=False
AI_METRIC tick=11950 yaw_mode=fixed leader_yaw=0.0000 follower_yaw=2.9115 yaw_error=-2.9115 rotate=-42.0000 target_locked=True in_center=False err_x=-6.991674612821754 err_y=-0.49762127246143 vx=0.0000 vy=0.0000 paused=False deviation_active=False manual_active=False
AI_METRIC tick=11975 yaw_mode=fixed leader_yaw=0.0000 follower_yaw=0.9344 yaw_error=-0.9344 rotate=42.0000 target_locked=True in7161739 err_y=1.008907183831035 vx=0.0000 vy=0.0000 paused=False deviation_active=False manual_active=False
AI_METRIC tick=12000 yaw_mode=fixed leader_yaw=0.0000 follower_yaw=0.6723 yaw_error=-0.6723 rotate=0.0000 target_locked=True in_center=True err_x=-0.4999999994949462 err_y=1.999999999494946 vx=0.0000 vy=0.0000 paused=False deviation_active=False manual_active=False
AI_METRIC tick=12025 yaw_mode=fixed leader_yaw=0.0000 follower_yaw=0.6737 yaw_error=-0.6737 rotate=0.0000 target_locked=True in_center=True err_x=-0.4999999999999716 err_y=1.99000 paused=False deviation_active=False manual_active=False
AI_METRIC tick=12050 yaw_mode=fixed lead780 yaw_error=-0.6780 rotate=0.0000 target_locked=True in_center=True err_x=-0.4999999999999716 err_y=1.999999999999986 vx=0.0000 vy=0.0000 paused=False deviation_active=False manual_active=False
AI_METRIC tick=12075 yaw_mode=fixed leader_yaw=0.0000 follower_yaw=0.6731 yaw_error=-0.6731 rotate=0.0000 target_locked=True in_center=True err_x=-0.4999999999999716 err_y=1.999999999999986 vx=0.0000 vy=0.0000 palse manual_active=False
AI_METRIC tick=12100 yaw_mode=fixed leader_yaw=0.0000 follower_yaw=0.6682 yaw_error=-0.6682 rotate=0.0000 target_locked=True in_center=True err_x=-0.4999999999999716 err_y=1.999999999999986 vx=0.0000 vy=0.0000 paused=False deviation_active=False manual_active=False
AI_METRIC tick=12125 yaw_mode=fixed leader_yaw=0.0000 follower_yaw=0.6646 yaw_error=-0.6646 rotate=0.0000 target_locked=True in_center=True err_x=-0.499999999715925 err_y=1.999999999999986 vx=0.0000 vy=0.0000 paused=False deviation_active=False manual_active=False
k=12150 yaw_mode=fixed leader_yaw=0.0000 follower_yaw=0.6603 yaw_error=-0.6603 rotate=0.0000 target_locked=True in_center=True err_x=-0.05005645751950283 err_y=1.999999999999986 vx=0.0000 vy=0.0000 paused=False deviation_active=False manual_active=False
AI_METRIC tick=12175 yaw_mode=fixed leader_yaw=0.0000 follower_yaw=0.6546 yaw_error=-0.6546 rotate=0.0000 target_locked=True in_center=True err_x=-0.4999999999988063 err_y=1.999999999999986 vx=0.0000 vy=0.0000 paused=False deviation_active=False manual_active=False
AI_METRIC tick=12200 yaw_mode=fixed leader_yaw=0.0000 follower_yaw=0.6561 yaw_error=-0.6561 rotate=0.0000 target_locked=True in_center=True err_x=-0.0001587396356939053 err_y=1.999999999999986 vx=0.0000 vy=0.0000
paused=False deviation_active=False manual_active=False
AI_METRIC tick=12225 yaw_mode=fixed leader_yyaw_error=-0.6580 rotate=0.0000 target_locked=True in_center
=True err_x=-0.4999999999715641 err_y=1.999999999999986 vx=0.0000 vy=0.0000 paused=False deviation_active=False manual_active=False
AI_METRIC tick=12250 yaw_mode=fixed leader_yaw=
_error=-0.6532 rotate=0.0000 trr_y=1.999999999999986 vx=0.0000 vy=0.0000 paused=False devive=False
AI_METRIC tick=12275 yaw_mode=fixed leader_yaw=0.0000 follower_yaw=0.6475 yaw_error=-0.6475 rotate=0.0000 target_locked=True in_center=True err_x=-0.4999999999999716 err_y=1.999999999999986 vx=0.0000 vy=0.0000 paused=False deviation_active=False manual_active=False
AI_METRIC tick=12300 yaw_mode=fixed leader_yaw=0.0000 follower_yaw=0.6385 yaw_error=-0.6385 rotate=0.0000 target_locked=True in_center=True err_x=-0.1582031249999716 err_y=1.999999999999986 vx=0.0000 vy=0.0000 paused=False deviation_active=False manual_active=False
AI_METRIC tick=12325 yaw_mode=fixed leader_yaw=0.0000 follower_yaw=0.6355 yaw_eget_locked=True in_center=True err_x=-0.4999999999999716 err_y=1.999999999999986 vx=0.0000 vy=0.0000 paused=False deviation_active=False manual_active=False
OK AI_STOP
试验 ai_round1_2 损失分数：67.2856（越低越好） 细节：{'usable_samples': 26.0, 'mean_abs_yaw_error': 2.511522727272727, 'rms_color_error': 6.219618010397833, 'rotate_std': 25.846153846153847, 'vx_std': 0.496132474509897, 'vy_std': 0.9114314084816607, 'settled': 1.0, 'settle_time_s': 4.719566399999167, 'steady_mean_abs_yaw_error': 0.6575142857142857, 'steady_rms_color_error': 1.830984113903564, 'steady_rotate_std': 0.0, 'steady_vx_std': 0.0, 'steady_vy_std': 0.0, 'locked_ratio': 0.7692307692307693, 'center_ratio': 0.4230769230769231}
接受 AI 推荐参数，损失分数 154.7530 -> 67.2856
最佳结果已保存：D:\2026_SmartCar\PersonalCode\dist\logs\best_result.json

=== 试验 ai_round1_3 ===
OK AI_STOP
OK PI
OK PID_INTEGRAL_LIMIT=52.0
OK YAW_DEADBAND_DEG=0.9
OK MAX_ROTATE_SPEED=61.0
OK COLOR_DEAD_ZONE=5
OK COLOR_CENT
OK COLOR_INPUT_FILTER_ALPHA=0.29
OK COLOR_COMMAND_FILTER_ALPHA=0.45
OK COLOR_MAX_TRACKING_SPEED=6.0
OK COLOR_COMMAND_RAMP_STEP=0.9
OK DRIVE_MAX_DUTY=7100
OK DRIVE_TRANSLATE_BIAS_DUTY=4500
发送随机扰动：AI_PERTURB 296.40 26.54 0.00 1028
_PERTURB angle=296.4 translate
AI_METRIC tick=13650 yaw_mode=fixed leader_yaw=0.0000 follower_yaw=4.0730 yaw_error=-4.0730 rotate=0.0000 target_locked=True in_center=False err_x=28.99999999999999 err_y=2.500000000000007 vx=3.1124 vy=-6.2700 paused=False deviation_active=False manual_active=True
AI_METRIC tick=13675 yaw_mode=fixed leader_yaw=0.0000 follower_yaw=2.9002 yaw_error=-2.9002 rotate=0.0000 target_locked=True in_center=False err_x=32.49706319441623 err_y=2.500000000000007 vx=3.1124 vy=-6.2700 pause manual_active=True
AI_PERTURB 第 1 次未收到有效 OK，回包='AI_METRIC tick=13675 yaw_mode=fixed leader_yaw=0.0000 follower_yaw=2.9002 yaw_error=-2.9002 rotate=0.0000 target_locked=True in_center=False err_x=32.49706319441623 err_y=2.500000000000007 vx=3.1124 vy=-6.2700 pause manual_active=True'，准备重试。
OK AI_PERTURB angle=296.4 translate=7.0 rotate=0.0 duration_ms=600
AI_METRIC tick=13975 yaw_mode=fixed leader_yaw=0.0000 follower_yaw=-1.5002 yawrget_locked=True in_center=False err_x=39.00000000000001 err vy=-6.2700 paused=False deviation_active=False manual_activ
AI_METRIC tick=14000 yaw_mode=fixed leader_yaw=0.0000 follower_yaw=-9.0588 yaw_error=9.0588 rotate=0.0000 target_locked=True in_center=False err_x=50.10517311578459 err_y=11.46310263475198 vx=3.1124 vy=-6.2700 paused=False deviation_active=False manual_active=True
AI_METRIC tick=14025 yaw_mode=fixed leader_yaw=0.0000 follower_yaw=-21.1106 yaw_error=21.1106 rotan_center=False err_x=66.49774285745443 err_y=23.99811905555624 vx=3.1124 vy=-6.2700 paused=False deviation_active=False manual_active=True
OK AI_START
AImode=fixed leader_yaw=0.0000 follower_yaw=-21.1123 yaw_error=21.1123 rotate=-42.000=False err_x=65.70415711668424 err_y=27.38441918517383 vx=-1.0998 vy=1.7784 paused=False deviation_active=False manual_active=False
AI_METRIC tick=14200 yaw_mode=fixed leader_yaw=0.0000 follower_yaw=-16.0867 yaw_error=16.0867 rotate=-42.0000 target_locked=False in_center=False err_x=0.0 err_y=0.0 vx=0.00ation_active=False manual_active=False
AI_METRIC tick=14225 yaw_mode=fixed leader_yaw=0.0000 follower_yaw=-17.1778 yaw_error=17.1778 rotate=-42.0000 target_locked=True in_center=False err_x=1.860048974717444 err_y=7.909999998324118 vx=0.0000 vy=0.0000 paused=False deviation_active=False manual_active=False
AI_METRIC tick=
14250 yaw_mode=fixed leader_yaw=0.0000 follower_yaw=-17.4716 yaw_error=17.4716 rotate=-42.0000 target_locked=True in_center=True err_x=-5.99996577664173 err_y=-1.999999995317609 vx=0.0000 vy=0.0000 paused=False deviation_active=False manual_active=False
AI_METRIC tick=14275 yaw_mode=fixed leader_yaw=0.0000 follower_yaw=-17.4658 yaw_error=17.4658 rot
ate=-42.0000 target_locked=True in_center=True err_x=-5.999999999999986 err_y=-1.999999999999993 vx=0.0000 vy=0.0000 paused=False deviation_active=False manual_active=False
AI_METRIC tick=14300 yaw_mode=fixed leader_yaw=0.0000 follower_yaw=-17.4687 yaw_error=17.4687 rotate=-42.0000 target_locked=True in_center=True err_x=-5.999999999999986 err_y=-1.999999999999993 vx=0.0000 vy=0.0000 paused=False deviation_active=False manual_active=False
AI_METRIC tick=14325 yaw_mode=fixed leader_yaw=0.0000 follower_yaw=-17.4722 yaw_error=17.4722 rotate=-42.0000 target_locked=True in_center=True err_x=-5.999999999999986 err_y=-1.999999999999993 se deviation_active=False manual_active=False
AI_METRIC tick=14350 yaw_mode=fixed leader_yaw=0.0000 follower_yaw=-17.4697 yaw_error=17.4697 rotate=-42.0000 target_locked=True in_center=Tr
ue err_x=-5.999999999999986 err_y=-1.999999999999993 vx=0.0000 vy=0.0000 paused=False deviation_active=False manual_active=False
AI_METRIC tick=14375 yaw_mode=fixed leader_yaw=0.0000 follower_yaw=-17.4701 yaw_error=17.4701 rotate=-42.0000 target_locked=True in_center=True err_x=-5.999999999999986 err_y=-1.999999999999993 vx=0.0000 vy=0.0000 paused=False devive=False
AI_METRIC tick=14400 yaw_mode=fixed leader_yaw=0.0000 follower_yaw=-17.4693 yaw_error=17.4693 rotate=-42.0000 target_locked=True in_center=True err_x=-5.999999999999986 err_y=-1.999999999999993 vx=0.0000 vy=0.0000 paused=False deviation_active=False manual
A
I_METRIC tick=14425 yaw_mode=f
ixed leader_yaw=0.0000 follower_yaw=-17.4730 yaw_error=17.4730 rotate=-42.0000 target_locked=True in_center=True err_x=-5.999999999999986 err_y=-1.999999999999993 vx=0.0000 vy=0.0000 paused=False deviation_active=False manual_active=False
AI_METRIC tick=14450 yaw_mode=fixed leader_yaw=0.0000 follower_yaw=-17.4739 yaw_error=17.4739 rotate=-42.0000 target_locked=True in_center=True err_x=-5.999999999999986 err_y=-1.999999999999993 vx=0.0000 vy=0.0000 paused=False deviation_active=False manual_active=False
AI_METRIC er_yaw=0.0000 follower_yaw=-17.4756 yaw_error=17.4756 rotate=-42.0000 target_locked=True in_center=True err_x=-5.999999999999986 err_y=-1.999999999999993 vx=0.0000 vy=0.0000 paused=False deviation_active=False manual_active=False
AI_METRIC tick=14500 yaw_mode=fixed leader_yaw=0.0000 follower_yaw=-17.4774 yaw_error=17.4774 rotate=-42.0000 target_locked=True in_center=True err_x=-5.999999999999986 err_y=-1.999999999999993 vx=0.0000 vy=0.0000 paused=False deviation_active=False manual_active=False
AI_METRIC tick=14525 yaw_mode=fixed leader_yaw=0.0000 follower_yaw=-17.4784 yaw_error=17.4784 rotate=-42.0000 target_locked=True in_center=True err_x=-5.999999999999986 err_y=-1.999999999999993 vx=0.0000 vy=0.0000 palse manual_active=False
AI_METRIC tick=14550 yaw_mode=fixed leader_yaw=0.0000 follower_yaw=-17.4836 yaw_error=17.4836 rotate=-42.0000 target_locked=True in_center=True err_x=-5.999999999999986 err_y=-1.99999999999999alse deviation_active=False manual_active=False
AI_METRIC tick=14575 yaw_mode=fixed leader_yaw=0.0000 follower_yaw=-16.6646 yaw_error=16.6646 rotate=-42.0000 target_locked=True in_center=False err_x=-10.01155295144419 err_y=0.476887770749407 vx=-0.0380 vy=-1.9996 paused=False deviation_active=False manual_active=False
AI_METRIC tick=14600 yaw_mode=fixed leader_yaw=aw_error=13.6549 rotate=-42.0000 target_locked=True in_center=False err_x=-8.819570891011153 err_y=6.409776185571964 vx=-1.4934 vy=-1.3303 paused=False deviatiFalse
AI_METRIC tick=14625 yaw_mode=fixed leader_yaw=0.0000 follower_yaw=-5.9350 yaw_error=5.9350 rotate=42.0000 target_locked=True in_ce40996 err_y=5.50028679002596 vx=-0.6236 vy=-1.9003 paused=Faual_active=False
AI_METRIC tick=14650 yaw_mode=fixed leader_yaw=0.0000 follower_yaw=-4.8765 yaw_error=4.8765 rotate=-42.0000 target_locked=True in_center=False err_x=7.498507339432749 err_y=-0.4992537598150406 vx=0.0000 vy=0.0000 paused=Faual_active=False
AI_METRIC tick=14675 yaw_mode=fixed leader_yaw=0.0000 follower_yaw=-3.0263 yaw_error=3.0263 rotate=42.0000 target_locked=True in_center=True err_x=2.057434090567369 err_y=1.975385475869516 vx=0.0000 vy=0.0000 paused=False deviation_
AI_METRIC tick=14700 yaw_mode=fixed leader_yaw=0.0000 follower_yaw=-0.9215 yaw_erget_locked=True in_center=True err_x=-5.99999920918421 err_y=3.999999999945885 vx=0.0000 vy=0.0000 paused=False deviatiFalse
AI_METRIC tick=14725 yaw_mode=fixed leader_yaw=0.0000 follower_yaw=-0.8716 yaw_error=0.8716 rotate=0.0000 target_locked=True in_center=True err_x=-6.000004382714948 err_y=3.999999999999993 vx=0.0000 vy=0.0000 paused=False deviation_active=False manual_active=False
AI_METRIC tick=14750 y0 follower_yaw=-0.8734 yaw_error=0.8734 rotate=0.0000 target_locked=True in_center=True er.999999999999993 vx=0.0000 vy=0.0000 paused=False deviation_active=False manual_active=False
AI_METRIC tick=14775 yaw_mode=fixed leader_yaw=0.0000 follower_yaw=-0.8750 yaw_error=0.8750 rotate=0.0000 target_locked=True in_center=True err_x=-6.000000000000014 err_y=3.9
tive=False manual_active=False
AI_METRIC tick=14800 yaw_mode=fixed leader_yaw=0.0000 follower_yaw=-0.8768 yaw_error=0.8768 rotate=0nter=True err_x=-6.000000000000014 err_y=3.999999999999993 vx=0.0000 vy=0.0000 paused=False deviation_active=False manual_active=False
AI_METRIC tick=14825 yaw_mode=fixed leader_yaw=0.0000 follower_yaw=-0.8742 yaw_errolocked=True in_center=True err_x=-6.000000000000014 err_y=3.999999999999993 vx=0.0000 vy=0.0000 paused=False deviation_active=False manual_active=False
AI_METRIC tick=14850 ya follower_yaw=-0.8758 yaw_error=0.8758 rotate=0.0000 target__x=-6.000000000000014 err_y=3.999999999999993 vx=0.0000 vy=0.0000 paused=False deviation_active=False manual_active=False
AI_METRIC tick=14875 yaw_mode=fixed leader_yaw=0.0000 follower_yaw=-0.8752 yaw_error=0.8752 rotate=0.0000 target_locked=True in_center=True err_x=-6.000000000000014 err_y=3.999999999999993 vx=0.0000 vy=0.0000 paused=False deviation_active=False manual_active=False
AI_METRIC tick=14900 yaw_mode=fixed leader_yaw=0.0000 follower_yaw=-0.8756 yaw_error=0.8756 rotate=0.0000 target_locked=True in_center=True err_x=-6.000000000000014 err_y=3.999999999999993 vx=0.0000 vy=0.0000 pauctive=False manual_active=False
AI_METRIC tick=14925 yaw_mode=fixed leader_yaw=0.0000 follower_yaw=-0.8822 yaw_error=0.8822 rotate=0.0000 target_locked=True in_center=True err_x=-6.000000000000014 err_y=3.999999999999993 vx=0.0000 vy=0.00ve=False manual_active=False
AI_METRIC tick=14950 yaw_mode=fixed leader_yaw=0.0000 follower_yaw=-0.8852 yaw_error=0.8852 rotate=0.0000 target_locked=True in_center=True err_x=-6.000000000000014 err_y=3.999999999999993 vx=0.0000 vy=0.0000 paused=False deviation_active=False manual_active=False
OK AI_STOP
试验 ai_round1_3 损失分数：182.8024（越低越好） 细节：{'usable_samples': 28.0, 'mean_abs_yaw_error': 9.608245833333333, 'rms_color_error': 6.429296571228204, 'rotate_std': 25.937424698685874, 'vx_std': 0.2960879746367451, 'vy_std': 0.5477967016855351, 'settled': 0.0, 'settle_time_s': 8.610245000001305, 'steady_mean_abs_yaw_error': 9.608245833333333, 'steady_rms_color_error': 6.429296571228204, 'steady_rotate_std': 25.937424698685874, 'steady_vx_std': 0.2960879746367451, 'steady_vy_std': 0.5477967016855351, 'locked_ratio': 0.7857142857142857, 'center_ratio': 0.6785714285714286}
AI 候选 ai_round1_3 分数 182.8024 未优于历史最佳门槛 67.2856，不更新最佳参数。

=== AI 推荐轮次 2 ===
本轮 AI 调参以历史最佳参数为基础，只有优于历史最佳分数 67.2856 才会更新。
AI 分析建议：当前最优组已经明显缩短了收敛时间，但 locked_ratio 和 center_ratio 偏低，说明纠正阶段偏猛，容易把目标压到画面边缘。下一轮建议先做保守回退：一组只缓和偏航，验证能否保住快速 settle；一组只轻降平移追踪强度并扩大中心容忍，验证能否提高锁定和居中；最后一组做小幅组合，作为更稳的折中点。

=== 试验 ai_round2_1 ===
OK AI_STOP
OK PID_KP=0.16
OK PID_INTEGRA
OK MAX_ROTATE_SPEED=58.0
OK MIN_COMMAND_SPEED=38.0
OK COLOR_DEAD_ZONE=4
COLOR_CENTER_EXIT_ZONE=6
COLOR_CENTER_EXIT_ZONE 第 1 次未收到有效 OK，回包='COLOR_CENTER_EXIT_ZONE=6'，准备重试。
OK COLOR_CENTER_EXIT_ZONE=6
OK COLOR_INPUT_FILTER_ALPHA=0.25
OK COLOR_COMMAND_FILTER_ALPHA=0.4
OK COLOR_MAX_TRACKING_SPEED=7.0
OK COLOR_COMMAND_RAMP_STEP=1.1
=7500
DRIVE_MAX_DUTY 第 1 次未收到有效 OK，回包='=7500'，准备重试。
OK DRIVE_MAX_DUTY=7500
OK DRIVE_TRANSLATE_BIAS_DUTY=4800
发送随机扰动：AI_PERTURB 231.36 19.62 0.00 1136
OK AI_PERTURB angl0.0 duration_ms=600
AI_METRIC tick=18775 yaw_mode=fixed leader_yaw=0.0000 follower_yaw=-3.2246 yaw_error=3.2246 rotate=0.0000 target_locked=True in_center=False err_x=-21.37499999999621 err_y=21.12499999999999 vx=-4.3710 vy=-5.4676 paused=False deviation_active=False manual_active=True
AI_METRIC tick=18800 yaw_mode=fixed leader_yaw=0.0000 follower_yaw=-3.2181 yaw_error=3.2181 rotate=0.0000 target_locked=True in_center=False err_x=-28.49999999999997 err_y=21.49999999999999 vx=-4.3710 vy=-5.4676 paused=False deviation_active=False manual_active=True
OK AI_START
AI_METRIC tick=18950 yaw_mode=fixed leader_yaw=0.0000 follower_yaw=-2.1652 yaw_error=2.1652 rotate=38.0000 target_locked=True in_center=False err_x=-28.49999999999997 err_y=21.49999999999999 vx=-1.8095 vy=-2.0405 paused=False devive=False
AI_METRIC tick=18975 yaw_mode=fixed leader_yaw=0.0000 follower_yaw=-7.0429 yaw_error=7.0429 rotate=-38.0000 target_locked=True in_center=False err_x=-2.570471376900471 err_y=11.04510168138884 vx=-1.9948 vy=0.1448 paused=False devanual_active=False
tick=19000 yaw_mode=fixed leader_yaw=0.0000 follower_yaw=-11.2342 yaw_error=11.2342 rotate=-38.0000 target_locked=True in_center=False err_x=8.978857264185351 err_y=-7.957749773100034 vx=1.2752 vy=1.5407 paused=False deviation_active=False manual_active=False
AI_METRIC tick=190.0000 follower_yaw=-13.2588 yaw_error=13.2588 rotate=-38.0006 err_y=22.39481781954925 vx=-0.9644 vy=-1.7521 paused=False deviation_active=False manual_active=False
AI_METRIC tick=19050 yaw_mode=fixed leader_yaw=0.0000 follower_yaw=-10.8389 yaw_error=10.8389 rotate=-38.0000 target_locked=True in_center=False err_x=-6.626071492541001 err_y=-1.124761862205133 vx=1.9227 vy=0.5506 paused=False deviation_active=False manual_active=False
AI_METRIC tick=19075 yaw_mode=fr_yaw=-7.2629 yaw_error=7.2629 rotate=38.0000 target_locked=True in_center=False err_x=9.99849455450898 err_y=4.997491521692318 vx=-0.6711 vy=1.8841 paused=False deviationlse
AI_METRIC tick=19100 yaw_mode=fixed leader_yaw=0.0000 follower_yaw=-3.6613 yaw_error=3.6613 rotate=-38.0000 target_locked=True in_center=False err_x=-10.46511402565781 err_y=0.006343179243074815 vx=0.0000 vy=0.0000 paused=False deviation_active=False manual_active=False
9125 yaw_mode=fixed leader_yaw=0.0000 follower_yaw=-3.7013 yaw_error=3.7013 rotate=-38.0000 target_locked=True in_center=True err_x=-3.997181145156205 err_y=-0.002817960128879804 vx=0.0000 vy=0.0000 paused=False deviation_active=False manual_active=False
AI_METRIC tick=19150 yaw_mode=fixed leader_yaw=0.0000 follower_yaw=-3.7001 yaw_error=3.7001 rotate=-38.0000 target_locked=True in_center=True err_x=-3.999996229453814 err_y=-1.346734279650263e-09 vx=0.0000 vy=0.0000 paused=False deviation_active=False manual_active=False
AI_METRIC tick=19175 yaw_mode=fixed leader_yaw=0.0000 follower_yaw=-3.7012 yaw_error=3.7012 rotate=-38nter=True err_x=-3.999999999999972 err_y=-1.4210854715202e-14 vx=0.0000 vy=0.0000 paused=False deviation_active=False ma
AI_METRIC tick=19200 yaw_mode=fixed leader_yaw=0.0000 follower_yaw=-3.7068 yaw_error=3.7068 rotate=-38.0000 target_locked=True in_center=True err_x=-3.999999999999972 err_y=-1.4210854715202e-14 vx=0.0000 vy=0.0000 paused=False deviation_active=False manual_active=False
AI_METRIC tick=19225000 follower_yaw=-3.7152 yaw_error=3.7152 rotate=-38.0000 target_locked=True in_center=Tru_y=-1.4210854715202e-14 vx=0.0iation_active=False manual_active=False
AI_METRIC tick=19250 yaw_mode=fixed leader_yaw=0.0000 follower_yaw=-3.7194 yaw_error=3.7194 rotate=-38.0000 target_locked=True in_center=True err_x=-3.999999999999972 err_y=-1.4210854715202e-14 vx=0.0000 vy=0.0000 paused=False deviation_active=False manual_active=False
AI_METRIC tick=19275 yaw_mode=fixed leader_yaw=0.0000 follower_yaw=-3.7197 yaw_error=3.7197 rotate=-38.0000 target_locked=True in_center=True err_x=-3.999999999999972 err_y=-1.4210000 paused=False deviation_active=False manual_active=False
AI_ed leader_yaw=0.0000 follower_yaw=-3.7252 yaw_error=3.7252 rotate=-38.0000 target_locked=True in_center=True err_x=-3.999999999999972 err_y=-1.4210854715202e-14 vx=0.0000 vy=0.0ion_active=False manual_active=False
AI_METRIC tick=19325 yaw_mode=fr_yaw=-3.7294 yaw_error=3.7294 rotate=-38.0000 target_locked=True in_center=True err_x=-3.54715202e-14 vx=0.0000 vy=0.0000 paused=False deviation_active=False manual_activ
AI_METRIC tick=193.0000 follower_y396 rotate=-38.0000 target_locked=True in_center=True err_x=-3.999999999999972 err_y=-1.42.0000 paused=False deviation_active=False manual_active=False
AI_METRIC tick=19375 yaw_mode=fixed leader_yaw=0.0000 follower_yaw=-3.7384 yaw_error=3.7384 rotate=-38.0000 target_locked=True in_cen vx=0.0000 vy=0.0000 paused=False deviation_active=False manual_active=False
AI_METRIC tick=19400 yaw_mode=fixed leader_yaw=0.0000 follower_yaw=-3.7388 yaw_error=3.7388 rotate=-38.0000 target_locked=True in_center=True err_x=-3.999999999999972 err_y=-1.4210854715202e-14 vx=0.0000 vy=0.0000 paused=False deviation_active=False manual_active=False
AI_METRIC tick=19425 yaw_mode=fixed leader_4 yaw_error=3.7414 rotate=-38.ter=True err_x=-3.999999999999972 err_y=-1.4210854715202e-14 vx=0.0000 vy=0.0000 paused=False deviation_active=False manual_active=False
AI_METRIC tick=19450 yaw_mode=fixed leader_yaw=0.0000 follower_yaw=-3.7476 yaw_error=3.7476 rotate=-38.0000 target_locked=True in_center=True err_x=-3.999999999999972 err_y=-1.4210854715202e-14 vx=0.0000 vy=0.0000 paused=False deviation_active=False m
AI_METRIC tick=19475 yaw_mode=fixed leader_yaw=0.0000 follower_yaw=-3.7507 yaw_error=3.7507 rotate=-38.0000 target_locked=True in_center=True err_x=-3.99915202e-14 vx=0.0000 vy=0.0000 paused=False deviation_active=False manual_active=False
AI_METRIC tick=19500 yaw_mode=fixed leader_yaw=0.0000 follower_yaw=-3.7504 yaw_error=3.7504 rotate=-38.0000 target_locked=True in_center=True err_x=-3.9999999999999vx=0.0000 vy=0.0000 paused=False deviation_active=False manu
AI_METRIC tick=19525 yaw_mode=fixed lea.7497 yaw_error=3.7497 rotate=-38.0000 target_locked=True in_center=True err_x=-3.999999999999972 err_y=-1.4210854715202e-14 vx=0.0000 vy=0.0000 paused=False deviation_active=False manual_active=False
AI_METRIC tick=19550 yaw_mode=fixed leader_yaw=0.error=3.7521 rotate=-38.0000 target_locked=True in_center=True err_x=-3.999999999999972 err_y=-1.4210854715202e-14 vx=0.0000 vy=0.0000 paused=False deviation_active=False manual_active=False
AI_METRIC tick=19575 yaw_mode=fixed leader_yaw=0.0000 follower_yaw=-3.7544 yaw_error=3.7544 rotate=-38.0000 target_locke
.999999999999972 err_y=-1.4210854715202e-14 vx=0.0000 vy=0.0000 paused=False deviation_active=False manual_active=False
AI_METRIC tick=19600 yaw_mode=fixed leader_y yaw_error=3.7577 rotate=-38.0000 target_locked=True in_cent
er=True err_x=-3.999999999999972 err_y=-1.4210854715202e-14 vx=0.0000 vy=0.0000 paused=False deviation_active=False manual_active=False
AI_METRIC tick=19625 yaw_mode=fixed leader_yaw=0.0000 follower_yaw=-3.764
3 yaw_error=3.7643 rotate=-38.0000 target_locked=True in_center=True err_x=-3.999999999999972 err_y=-1.4210854715202e-14 vx=0.0000 vy=0.0000 paused=False deviation_active=False manual_active=False
AI_METRIC ti
ck=19650 yaw_mode=fixed leader_yaw=0.0000 follower_yaw=-3.7641 yaw_error=3.7641 rotate=-38.0000 target_locked=True in_center=True err_x=-3.999999999999972 err_y=-1.4210854715202e-1alse deviation_active=False ma
nual_active=False
AI_METRIC tick=19675 yaw_mode=fixed leader_yaw=0.0000 follower_yaw=-3.7688 yaw_error=3.7688 rotate=-38.0000 target_locked=True in_center=True err_x=-3.999999999999972 err_y=-1.4210854715202e-14 vx=0.0000 vy=0.0000 paused=
False deviation_active=False manual_active=False
AI_METRIC tick=19700 yaw_mode=fixed leader_yaw=0.0000 follower_yaw=-3.
7693 yaw_error=3.7693 rotate=-38.0000 target_locked=True in_center=True err_x=-3.999999999
999972 err_y=-1.4210854715202e-14 vx=0.0000 vy=0.0000 paused=False deviation_active=False manual_active=False
AI_METRIC tick=19750 yaw_mode=fixed leader_yaw=0.0000 follower_yaw=-3.7701 yaw_error=3.7701 rotate=-38.0000 target_locked=True in_center=True err_x=-3.999999999999972 err_y=-1.421085471520ed=False deviation_active=False manual_active=False
AI_METRIC tick=19775 yaw_mode=fixed leader_yaw=0.0000 follower_yaw=-3.7760 yaw_error=3.7760 rotate=-38.0000 target_locked=True in_center=True err_x=-3.999999999999972 err_y=-1.4210854715202e-14 vx=0.0000 vy=0.0000 paused=False deviation_active=False manual_active=False
OK AI_STOP
试验 ai_round2_1 损失分数：161.5687（越低越好） 细节：{'usable_samples': 25.0, 'mean_abs_yaw_error': 4.691028571428571, 'rms_color_error': 6.30300517324634, 'rotate_std': 17.595280385768906, 'vx_std': 0.4505072033341975, 'vy_std': 0.5255172640208883, 'settled': 0.0, 'settle_time_s': 8.338254299998516, 'steady_mean_abs_yaw_error': 4.691028571428571, 'steady_rms_color_error': 6.30300517324634, 'steady_rotate_std': 17.595280385768906, 'steady_vx_std': 0.4505072033341975, 'steady_vy_std': 0.5255172640208883, 'locked_ratio': 0.76, 'center_ratio': 0.52}
AI 候选 ai_round2_1 分数 161.5687 未优于历史最佳门槛 67.2856，不更新最佳参数。

=== 试验 ai_round2_2 ===
OK AI_STOP
OK PID_KP=0.18
DBAND_DEG=0.8
YAW_DEADBAND_DEG 第 1 次未收到有效 OK，回包='DBAND_DEG=0.8'，准备重试。
OK YAW_DEADBAND_DEG=0.8
MAX_ROTATE_SPEED 第 1 次未收到有效 OK，回包=''，准备重试。
OK MAX_ROT
OK MIN_COMMAND_SPEED=42.0
OK COLOR_DEAD_ZONE=5
COLOR_CENTER_EXIT_ZONE=
COLOR_CENTER_EXIT_ZONE 第 1 次未收到有效 OK，回包='COLOR_CENTER_EXIT_ZONE='，准备重试。
OK COLOR_CENTER_EXIT_ZONE=7
OK COLOR_MAX_
OK DRIVE_MAX_DUTY=7100
OK DRIVE_TRANSLATE_BIAS_DUTY=4500
发送随机扰动：AI_PERTURB 291.80 24.46 0.00 900
OK AI_PERTURB angle=291.8 translate=7.0 rotate=0.0 duration_ms=600
AI_METRIC tick=22300 yaw_mode=fixed leader_yaw=0.0000 follower_yaw=-4.8669 yaw_error=4.8669 rotate=0.0000
target_locked=True in_center=False err_x=-30.51583817601207 err_y=23.49999999999999 vx=2.5996 vy=-6.4994 paused=False deviation_active=False manual_active=True
AI_METRIC tick=22325 yaw_mode=fixed leader_yaw=0.0000 follower_yaw=-5.3624 yaw_error=5.3624 rotate=0.0000 target_locked=True in_center=False err_x=-27.54223513842666 err_y=22.02111756681978 vx=2.5996 vy=-6.4994 paused=False deviation_active=False manual_active=True
AI_METRIC tick=22350 yaw_mode=fixed leader_yaw=0.0000 follower_yaw=-6.8113 yaw_error=6.8113 rotate=0.0000 target_locked=True in_center=False err_x=-16.5000000832482 err_y=22.9999841aused=False deviation_active=False manual_active=True
OK AI_START
AI_METRIC tick=220.0000 follower_yaw=-3.6650 yaw_error=3.6650 rotate=42.0000 target_locked=True in_center=False err_x=-15.00084654419504 err_y=22.50000006718339 vx=-1.5684 vy=-1.2410 paused=False dctive=False
AI_METRIC tick=22500 yaw_mode=fixed leader_yaw=0.0000 follower_yaw=-1.7705 yaw_error=1.7705 rotate=-42.0000 target_locked=Tru5793 vx=0.0000 vy=0.0000 pause manual_active=False
AI_METRIC tick=22525 yaw_mode=fixed leader_yaw=0.0000 follower_yaw=-5.1660 yaw_error=5.1660 rotate=-42.ter=True err_x=1.500000007568914 err_y=-3.066699557420655 vx=0.0000 vy=0.0000 paused=False_active=False
AI_METRIC tick=22550 ya
w_mode=fixed leader_yaw=0.0000 follower_yaw=-4.8320 yaw_error=4.8320 rotate=-42.0000 target_locked=True in_center=True e3.000000000000014 vx=0.0000 vy=0.0000 paused=False deviation_active=False manual_active=False
AI_METRIC tick=22575 yaw_mode=fixed leader_yaw=0.0000 follow8 rotate=-42.0000 target_locked=True in_center=True err_x=1.500000000000028 err_y=-3.000000000000014 vx=0.0000 vy=0.0000 paused=False deviation_active=False manual_active=False
AI_METRIC tick=22600 yaw_mode=fixed leader_yaw=0.0000 follower_yaw=-4.8410 yaw_error=4.8410 rotate=-42.0000 target_locked=True in_00028 err_y=-3.000000000000014 vx=0.0000 vy=0.0000 paused=False deviation_active=False manual_active=False
AI_METRIC tick=22625 yaw_mode=fixed leader_yaw=0.0000 follower_yaw=-4.8446 yaw_error=4.8446 rotate=-42.0000 rue err_x=1.500000000000028 err_y=-3.000000000000014 vx=0.00ation_active=False manual_active=False
ETRIC tick=22650 yaw_mode=fixed leader_yaw=0.0000 follower_yaw=-4.8500 yaw_error=4.8500 rotate=-42.0000 target_locked=Tr
ue in_center=True err_x=1.500000000000028 err_y=-3.000000000000014 vx=0.0000 vy=0.0000 paused=False deviation_active=Fal
se manual_active=False
AI_METRIC tick=22675 yaw_mode=fixed leader_yaw=0.0000 follower_yaw=-7.4841 yaw_error=7.4841 rotate=-42.0000 target_locked=True in_center=True err_x=-0.9996651585809246 err_y=1.4995
k=22700 yaw_mode=fixedw=-5.8329 yaw_error=5.8329 rotate=-42.0d=False deviation_active=False manual_active=False
AI_METRIC tick=22725 yaw_mode=fixed leader_yaw=0.0000 follower_yaw=-1.7304 yaw_error=1.7304 rotate=-42.0000 target_locked=True in_center=False err_x=-11.32042558074136 err_y=12.476562544851d=False deviation_active=False manual_active=False
AI_METRIC tick=22750 yaw_mode=fixed leader_yaw=0.0000 follower_yaw=-4.5771 yaw_error=4.5771 rotate=-42.0000 target_locked=True in_center=True err_x=4.00050145652260.0000 vy=0.0000 paused=False active=False
AI_METRIC tick=22775 yaw_mode=fixed leader_yaw=0.0000 follower_yaw=-4.6731 yaw_error=4.6731 rotate=-42.0000 target_locked=True in_center=True err_x=3.500000000000028 err_y=-1.99999999used=False deviation_active=False manual_active=False
AI_METRIC tick=22800 yaw_mode=fixed leader_yaw=0.0000 follower_yaw=-4.6707 yaw_error=4.6707 rotate=-42.0000 target_locked=True in_center=True err_x=3.500000000000028 err_y=-1.999999999999986 vx=0.0000 vy=0.0000 paused=False deviation_active=False manual_active=False
AI_METRIC tick=22825 yaw_mode=fixed leader_yaw=0.0000 follower_yaw=-4.6781 yaw_error=4.6781 roue in_center=True err_x=3.5000999986 vx=0.0000 vy=0.0000 paused=False deviation_active=False manual_active=False
AI_METRIC tick=22850 yaw_mode=fixed leader_yaw=0.0000 follower_yaw=-4.6834 yaw_error=4.6834 rotate=-42.0000 target_locked=True in_center=True err_x=3.500000d=False deviation_active=False manual_active=False
AI_METRIC tick=22875 yaw_mode=fixed leader_yaw=0.0000 followe rotate=-42.0000 target_locked=True in_center=True err_x=3.500000000000028 err_y=-1.999999999999986 vx=0.0000 vy=0.0000 paused=False deviation_active=False manual_active=False
AI_METRIC tick=22900 yaw_mode=fixed leader_yaw=0.0000 followe rotate=-42.0000 target_locked=True in_center=True err_x=3.500000000000028 err_y=-1.999999999999986 vx=0.0000 vy=0.0000 paused=False deviation_active=False manual_active=False
AI_METRIC tick=22925 yaw_mode=fixed leader_yaw=0.0000 follower_yaw=-4.6909 yaw_error=4.6909 rotate=-42.0000 target_locked=True in_center=True err_x=3.50000000000vx=0.0000 vy=0.0000 paused=False deviation_active=False manual_active=False
AI_METRIC tick=22950 yaw_mode=fixed leader_yaw=0.0000 follower_yaw=-4.6945 yaw_error=4.6945 rotate=-42.0000 target_locked=True in_cen28 err_y=-1.999999999999986 vx=0.0000 vy=0.0000 paused=False deviation_active=False manual_active=False
AI_METRIC tick=22975 yaw_mode=fixed leader_yaw=0.0000 follower_yaw=-4.6955 yaw_error=4.6955 rotate=-42.0000 target_locked=True in_center=True err_x=3.500000000000028 err_y=-1.999999999999986 vx=0.0000 vy=0.0000 paused=False deviation_active=False manual_active=False
AI_METRIC tick=23000 yaw_mode=fixed leader_yaw=0.0000 follower_yaw=-4.6997 yaw_error=4.6997 rotate=-42.0000 target_locked=True in_center=True err_x=3.5000000986 vx=0.0000 vy=0.0000 pausve=False manual_active=False
AI_METRIC tick=23025 yaw_mode=fixed leader_yaw=0.0000 follower_yaw=-4.7069 yaw_error=4.7069 rotate=-42.0000 target_locked=True in_center=True err_x=3.500000000000028 err_y=-1.999999999999986 vx=0.0000 vy=0.0000 paused=False deviation_active=False manual_active=False
AI_METRIC tick=23050 yaw_mode=fixed leader_yaw=0.0000 follower_yaw=-4.7087 yaw_error=4.7087 rotate=-42.0000 target_locked=True in_center=True err_x=3.500000000000028 err_y=-1.999999999999986 vx=0.0000 vy=0.0000 palse manual_active=False
AI_METRIC tick=23075 yaw_mode=fixed leader_yaw=0.0000 follower_yaw=-4.7104 yaw_error=4.7104 rotate=-42.0000 target_lx=3.500000000000028 err_y=-1.999999999999986 vx=0.0000 vy=0.0000 paused=False deviation_active=False manual_active=False
AI_METRIC ed leader_yaw=0.0000 follower_yaw=-4.7147 yaw_error=4.7147 rrue in_center=True err_x=3.500000000000028 err_y=-1.999999999999986 vx=0.0000 vy=0.0000 paused=False deviation_active=False manual_active=False
AI_METRIC tick=23125 yaw_mode=fixed leader_yaw=0.0000 follower_yaw=-4.7226 yaw_error=4.7226 rotate=-42.0000 target_locked=True in_center=True err_x=3.500000000000028 err_y=-1.999999999999986 vx=0.0000 vy=0.0000 paused=False deviation_active=False manual_active=False
AI_METRIC tick=23150 yaw_mode=fixed leader_yaw=0.0000 follower_yawte=-42.0000 target_locked=True000000028 err_y=-1.999999999999986 vx=0.0000 vy=0.0000 paused=False deviation_active=False manual_active=False
AI_METRIC tick=23175 yaw_mode=fixed leader_yaw=0.0000 follower_yaw=-4.7320 yaw_error=4.7320 rotate=-42.0000 target_locked=True in_center=True err_x=3.5000000000 vx=0.0000 vy=0.0000 paused=False deviation_active=False man
AI_METRIC tick=23200 yaw_mode=fixed leader_yaw=0.0000 follower_yaw=-4.7361 yaw_.0000 target_locked=True in_center=True err_x=3.500000000000028 err_y=-1.999999999999986 vx=0.0000 vy=0.0000 paused=False deviation_active=False manual_active=False
AI_METRIC tick=23225 yaw_mode=fixed leader_yaw=0.0000 follower_yaw=-4.7408 yaw_error=4.7408 rotate=-42.0000 target_locked00000000000028 err_y=-1.999999999999986 vx=0.0000 vy=0.0000 paused=False deviation_active=False manual_active=False
AI_METRIC tick=23250 yaw_mode=fixed leader_yaw=0.0000 follower_yaw=-4.7426 yaw_error=4.7426 rotate=-42.0000 tae err_x=3.500000000000028 err_y=-1.999999999999986 vx=0.0000 vy=0.0000 paused=False deviat=False
OK AI_STOP
试验 ai_round2_2 损失分数：161.5021（越低越好） 细节：{'usable_samples': 27.0, 'mean_abs_yaw_error': 4.701990476190476, 'rms_color_error': 4.676850758624289, 'rotate_std': 16.314804304869025, 'vx_std': 0.0, 'vy_std': 0.0, 'settled': 0.0, 'settle_time_s': 8.540958299997873, 'steady_mean_abs_yaw_error': 4.701990476190476, 'steady_rms_color_error': 4.676850758624289, 'steady_rotate_std': 16.314804304869025, 'steady_vx_std': 0.0, 'steady_vy_std': 0.0, 'locked_ratio': 0.7037037037037037, 'center_ratio': 0.6666666666666666}
AI 候选 ai_round2_2 分数 161.5021 未优于历史最佳门槛 67.2856，不更新最佳参数。

=== 试验 ai_round2_3 ===
OK AI_STOP
OK PID_KP=0.16
OK YAW_DEADBAND_DEG=0.9
OK MAX_ROTATE_SPEED=58.0
OK MIN_COMMAND_SPEED=38.0
自动调参已按请求终止。
