=== AIPID 上位机自动调参启动 ===
会话时间戳：2026-07-14-11-23-44
会话日志目录：D:\2026_SmartCar\PersonalCode\dist\logs\sessions\2026-07-14-11-23-44
串口配置：{'port': 'COM11', 'port_keyword': '', 'baudrate': 115200, 'bytesize': 8, 'stopbits': 1.0, 'parity': 'N', 'flow_control': 'none', 'timeout_s': 0.1}
候选串口：COM11
尝试连接 COM11 ...
OK AI_STATUS paused=True deviation_offset=0.0 remaining_ms=0 manual_remaining_ms=0
已连接 CarB：COM11
发送 AI_STOP，让从车进入暂停状态并清空启动阶段的 AI_METRIC。
P
AI_STOP 第 1 次未收到有效 OK，回包='P'，准备重试。
OK AI_STOP
OK AI_STATUS paused=True deviation_offset=0.0 remaining_ms=0 manual_remaining_ms=0
PID_KP=0.14
PID_KI=0.07000000000000001
PID_KD=0.3
INTEGRAL_LIMIT=52
GET PID_INTEGRAL_LIMIT 第 1 次未读到完整回包，回包='INTEGRAL_LIMIT=52'。
PID_INTEGRAL_LIMIT=52
YAW_DEADBAND_DEG=0.7
MAX_ROTATE_SPEED=61
MIN_COMMAND_SPEED=42
COLOR_KP_X=0.033
COLOR_KD_X=0.25
COLOR_KP_Y=0.033
COLOR_KD_Y=0.25
COLOR_DEAD_ZONE=4
COLOR_CENTER_EXIT_ZONE=6
COLOR_INPUT_FILTER_ALPHA=0.25
COLOR_C
GET COLOR_COMMAND_FILTER_ALPHA 第 1 次未读到完整回包，回包='COLOR_C'。
COLOR_COMMAND_FILTER_ALPHA=0.4
COLOR_MAX_TRACKING_SPEED=7
COLOR_COMMAND_RAMP_STEP=1.1
MIN_TRANSLATE_SPEED=2
DRIVE_MAX_DUTY=7500
DRIVE_TRANSLATE_BIAS_DUTY=4800

=== 试验 baseline ===
OK AI_STOP
发送随机扰动：AI_PERTURB 203.23 19.27 0.00 917
OK AI_PERTURB angle=203.23 translate=7.0 rotate=0.0 duration_ms=600
AI_METRIC tick=9925 yaw_mode=fixed leader_yaw=0.0000 follower_yaw=-7.9459 yaw_error=7.9459 rotate=0.0000 target_locked=True in_center=False err_x=-5.501505176522187 err_y=4.001003391289558 vx=-6.4325 vy=-2.7610 paused=False deviation_active=False manual_active=True
AI_METRIC tick=9950 yaw_mode=fixed leader_yaw=0.0000 follower_yaw=-19.4240 yaw_error=19.4240 rotate=0.0000 target_locked=True in_c30286 err_y=-1.464357739661196 vx=-6.4325 vy=-2.7610 paused=False deviation_active=False
OAI_METRIC tick=10075 yaw_mode=fixed leader_yaw=0.0000 follower_yaw=-36.5110 yaw_error=36.5rue in_center=False err_x=42.49999999999999 err_y=-3.999999999999986 vx=0.1874 vy=1.9912 paused=False deviation_active=False manual_active=False
AI_METRIC tick=10100 yaw_mode=fixed leader_yaw=0.0000 follower_yaw=-37.7446 yaw_error=37.744e in_center=False err_x=35.50150620193794 err_y=1.496487811896785 vx=-0.1680 vy=1.9929 paused=False deviation_active=
AI_METRIC tick=10125 yaw_mode=fixed leader_yaw=0.0000 follower_yaw=-32.6114 yaw_error=32.6114 rotate=42 target_locked=True in_center=False err_x=-3.931874647382330000 vy=0.0000 paused=False deviation_active=False manual_active=False
AI_METRIC tick=10150 yaw_mode=fixed leader_yaw=0.0000 follower_yaw=-30.1625 yaw_error=30.1625 rotate=-42 target_locked=True in_center=False err_x=-7.000000238888504 err_y=1.00000023897384 vx=0.0000 vy=0.0000 paused=False deviation_active=False manual_active=False
AI_METRIC tick=10175 yaw_mode=fixed leader_yaw=0.0000 follower_yaw=-26.6597 yaw_error=26.6597 rotate=-42 target_locked=True in_center=True err_x=-0.0158494910177750.0000 vy=0.0000 paused=False deviation_active=False manual_active=False
AI_METRIC tick=10200 yaw_mode=fixed leader_yaw=0.0000 follower_yaw=-26.5931 yaw_error=26.5931 rotate=-42 target_locked=True in_center=True err_x=0.9999999999999716 err_y=3.500000000000014 vx=0.0000 vy=0.0000 paused=False deviation_active=False manual_active=False
AI_METRIC tick=10225 yaw_mode=fixed leader_yaw=0.0000 follower_yaw=-26.5965 yaw_error=26.596e in_center=True err_x=0.9999999999999716 err_y=3.500000000000014 vx=0.0000 vy=0.0000 paused=False deviation_active=False manual_active=False
AI_METRIC tick=10250 yaw_mode=fixed leader_yaw=0.0000 follower_yaw=-26.6028 yaw_error=26.6028 rotate=-42 rue err_x=0.9999999999999716 err_y=3.500000000000014 vx=0.0000 vy=0.0000 paused=False deviation_active=False manual_active=False
AI_METRIC tick=10275 yaw_mode=fixed leader_yaw=0.0000 follower_yaw=-26.6072 yaw_error=26.6072 rotate=-42 target_locked=True in_center=True err_x=0.9999999999999716 err_y=3.500000000000014 vx=0.0000 vy=0.0000 paused=False deviation_active=False manual_active=False
AI_METRIC tick=10300 yaw_mode=fixed leader_yaw=0.0000 follower_yawtate=-42 target_locked=True in_center=True err_x=0.9999999994 vx=0.0000 vy=0.0000 paused=False deviation_active=False manual_active=False
AI_METRIC tick=100.0000 follower_yaw=-26.6087 yaw_error=26.6087 rotate=-42 target_locked=True in_center=True err_x=0.9999999999999716 err vy=0.0000 paused=False deviation_active=False manual_active=False
AI_METRIC tick=10350 yaw_mode=fixed leader_yaw=0.0000 follower_yaw=-26.6118 yawet_locked=True in_center=True err_x=0.9999999999999716 err_y=3.500000000000014 vx=0.0000 vy=0.0000 paused=False deviation_active=False manual_active=False
AI_METRIC tick=10375 yaw_mode=fixed leader_yaw=0.0000 follower_yaw=-26.6183 yaw_error=26.6183 rotate=-42 target_locked=True in_center=True err_x=0.9999999999999716 err_y=3.500000000000014 vx=0.0000 vy=0.0000 paused=False deviation_active=False manual_active=False
AI_START 第 1 次未收到有效 OK，回包='AI_METRIC tick=10375 yaw_mode=fixed leader_yaw=0.0000 follower_yaw=-26.6183 yaw_error=26.6183 rotate=-42 target_locked=True in_center=True err_x=0.9999999999999716 err_y=3.500000000000014 vx=0.0000 vy=0.0000 paused=False deviation_active=False manual_active=False'，准备重试。
OK AI_START
AI_METRIC tick=10425 yaw_mode=fixed leader_yaw=0.0000 follower_yaw=-26.6216 yaw_error=26.6216 rotate=-42 target_locked=True in_center=True err_x=0.9999999999999716 err_yy=0.0000 paused=False deviation_active=False manual_active=False
AI_METRIC tick=10450 yaw_mode=fixed leader_yaw=0.0000 follower_yaw=-26.6272 yaw_error=26.6272 rotate=-42 target_locked=True in_center=True err_x=0.9999999999999716 err_y=3.500000000000014 vx=0.deviation_active=False manual_active=False
AI_METRIC tick=10475 yaw_mode=fixed leader_yaw=0.0000 follower_yawtate=-42 target_locked=True in_center=True err_x=0.9999999999999716 err_y=3.500000000000014 vx=0.0000 vy=0.0000 paused=False deviation_active=False
AI_METRIC tick=10500 yaw_mode=fixed leader_yaw=0.0000 follower_yaw=-26.6335 yaw_error=26.6335 rotate=-42 target_locked=True in_center=True err_x=0.9999999999999716 err_y=3.500000000000014 vx=0.0000 vy=0.0000 paused=False deviation_active=False manual_active=False
AI_METRIC tick=10525 yaw_mode=fixed leader_yaw=0.0000 follower_yaw=-26.6403 yaw_error=26.6403 rotate=er=True err_x=0.9999999999999716 err_y=3.500000000000014 vx=0.0000 vy=0.0000 paused=False deviation_active=False manual_active=False
AI_METRIC tick=10550 yaw_mode=fixed leader_yaw=0.0000 follower_yaw=-26.6426 yaw_error=26.6426 rotate=-42 target_locked=True in_center=True err_x=0.9999999999999716 err_y=3.500000000000014 vx=0.0000 vy=0.0000 paused=False deviation_active=False manual_active=
AI_METRIC tick=10575 yaw_mode=fixed leader_yaw=0.0000 follower_yaw=-26.6460 yaw_error=26.6460 rotate=-42 target_locked=True in_center=True err_x=0.9999999999999716 err_y=3.500000000000014 vx=0.0000 vy=0.0000 paused=False deviation_active=False manual_active=False
AI_METRIC tick=10600 yaw_mode=fixed leader_yaw=0.0000 follower_yaw=-26.6501 yaw_error=26.6501 rotate=-42 target_locked=True in_center=True err_x=0.9999999999999716 err_y=3.500000000000014 vx=0.0000 vy=0.0000 paused=False deviation_active=False manual_active=False
AI_METRIC tick=10625 yaw_mode=fixed leader_yaw=0.0000 follower_yaw=-26.6531 yaw_error=26.6531 rotate=-42 target_locked=True in_center=True =3.500000000000014 vx=0.0000 vy=0.0000 paused=False deviation_active=False manual_active=False
TRIC tick=10650 yaw_mode=fixed leader_yaw=0.0000 follower_yaw=-26.6581 yaw_error=26.6581 rotate=-42 target_locked=True in_center=True err_x=0.9999999999999716 err_y=3.500000000000014 vx=0.0000 vy=0.0000 paused=False deviation_active=False manual_active=False
AI_METRIC tick=10675 yaw_mode=fixed leader_yaw=0.0000 follower_yaw=-26.6629 yaw_error=26.6629 rotate=-42 target_locked=True in_center=True err_x=0.9999999999999716 err_y=3.500000000000014 vx=0.0000 vy=0.0000 paused=False deviation_active=False m
AI_METRIC tick=10700 yaw_mode=fixed leader_yaw=0.0000 follower_yaw=-26.6692 yaw_error=26.6692 rotate=-42 target_locked=True in_center=Truey=3.500000000000014 vx=0.0000 tion_active=False manual_active=False
AI_METRIC tick=10725 yaw_mode=fixed leader_yaw=0.0000 follower_yaotate=-42 target_locked=True in_center=True err_x=0.9999999914 vx=0.0000 vy=0.0000 paused=False deviation_active=False
AI_METRIC tick=10750 yaw_mode=fixed leader774 yaw_error=26.6774 rotate=-42 target_locked=True in_cente6 err_y=3.500000000000014 vx=0.0000 vy=0.0000 paused=False deviation_active=False manual_active=False
AI_METRIC tick=10775 yaw_mode=fixed leader_yaw=0.0000 follower_yaw=-26.6818 yaw_erlocked=True in_center=True err_x=0.9999999999999716 err_y=3.500000000000014 vx=0.0000 vy=0.0000 paused=False deviation_active=False manual_active=False
AI_METRIC tick=10800 yaw_mode=fixed leader_yaw=0.0000 follower_yaw=-26.6844 yaw_error=26.6844 rotate=-42 target_locked=True in_center=True err_x=0.9999999999999716 err_y=3.500000000aused=False deviation_active=False manual_active=False
AI_METRIC tick=10825 yaw_mode=fixed leader_yaw=0.0000 follower_yaw=-26=-42 target_locked=True in_center=True err_x=0.9999999999999716 err_y=3.500000000000014 vx=0.0000 vy=0.0000 paused=False deviation_active=False manual_active=False
AI_METRIC tick=10850 yaw_mode=fixed leader_yaw=0.0000 follower_yaw=-26.6856 yaw_error=26.6856 rotate=-42 target_locked=True in_center=True err_x=0.9999999999999716 err_y=3.500000000000014 vx=0.0000 vy=0.0000 paused=False deviation_active=False manual_active=False
AI_METRIC tick=10875 yaw_mode=fixed leader_yaw=0.0000 follower_yaw=-26.6883 yaw_error=26.6883 rotate=-42 target_locked=True in_center=True err_x=0.9999999999999716 err_y=3.500000000000014 vx=0.0000 vy=0.0000 paused=False deviation_active=False manual_active=False
AI_METRIC tick=10900 yaw_mode=fixed leader942 yaw_error=26.6942 rotate=-42 target_locked=True in_center=True err_x=0.999999999999971.0000 vy=0.0000 paused=False deviation_active=False manual_active=False
AI_METRIC tick=10925 yaw_mode=fixed leader_yaw=0.0000 follower_yaw=-26.6988 yaw_e_locked=True in_center=True err_x=0.9999999999999716 err_y=3.500000000000014 vx=0.0000 vy=0.0000 paused=False deviation_active=False manual_active=False
AI_METRIC tick=10950 yaw_mode=fixed leader_yaw=0.0000 follower_yaw=-26.6969 yaw_error=26.6969 rotate=-42 target_locked=True in_center=True err_x=0.9999999999999716 err_y=3.500000000000014 vx=0.0000 vy=0.0000 paused=False deviation_active=False manual_active=False
AI_METRIC tick=10975 yaw_mode=fixed leader_yaw=0.0000 follower_yaw=-26.6978 yaw_error=26.6978 rotate=-42 target_locked=True in_center=True err_x=0.9999999999999716 err_y=3.500000000000014 vx=0.0000iation_active=False manual_active=False
AI_METRIC tick=11000 yaw_mode=fixed leader_yaw=0.0000or=26.7033 rotate=-42 target_locked=True in_center=True err_x=0.9999999999999716 err_y=3.500000000000014 vx=0.0000 vy=0.0000 paused=False deviation_active=False manual_active=False
AI_METRIC tick=11025 yaw_mode=fixed leader_yaw=0.0000 follower_yaw=-26.7076 yaw_error=26.7076 rotate=-42 target_locked=True i99999716 err_y=3.500000000000014 vx=0.0000 vy=0.0000 paused=False deviation_active=False manual_active=False
AI_METRIC tick=11050 yaw_mode=fixed leader_yaw=0.0000 follower_yaw=-26.-42 target_locked=True in_center=True err_x=0.9999999999999716 err_y=3.500000000000014 vx=0.0000 vy=0.0000 paused=Falsl_active=False
AI_METRIC tick=11075 yaw_mode=fixed leader_yaw=0.0000 follower_yaw=-26.7132 yaw_error=26.7132 rotate=-42 target_locked=True in_center=True err_x=0.9999999999999716 err_y=3.500000000000014 vx=0.0000 vy=0.0000 paused=False deviation_active=False manual_active=False
AI_METRIC tick=11100 yaw_mode=fixeaw=-26.7163 yaw_error=26.7163 rotate=-42 target_locked=True in_center=True err_x=0.9999999014 vx=0.0000 vy=0.0000 paused=False deviation_active=False manual_active=False
AI_METRIC tick=11125 yaw_mode=fixed leader_yaw=0.0000 follower_yaw=-26.7183 yaw_error=26.7183 rotate=-42 target_locked=True in_center=True err_x=0.9999999999999716 err_y=3.500000000000014 vx=0.0000 vy=0.0000 paused=False deviation_active=False manual_active=False
ETRIC tick=11150 yaw_mode=fixed leader_yaw=0.0000 follower_yaw=-26.7698 yaw_error=26.7698 rotate=-42 target_locked=True 999999716 err_y=3.500000000000014 vx=0.0000 vy=0.0000 paused=False deviation_active=False manual_active=False
AI_METRIC tick=11175 yaw_mode=fixed leader_yaw=0.0000 follower_yaw=-26.7775 yaw_error=26.7775 rotate=-42 target_locked=True in_ce9716 err_y=3.500000000000014 vx=0.0000 vy=0.0000 paused=False deviation_active=False man
AI_METRIC tick=11200 yaw_mode=fixed leade7800 yaw_error=26.7800 rotate=-42 target_locked=True in_center=True err_x=0.9999999999999716 err_y=3.500000000000014 vx=0.0000 vy=0.0000 paused=False deviation_active=False manual_active=False
AI_METRIC tick=11225 yaw_mode=fixed leader_yaw=0.0000 follower_yaw=-26.7853 yaw_error=26.7853 rotate=-42 target_locked=True in_center=True err_x=0.9999999999999716 err_y=3.500000000000014 vx=0.0000 vy=0.0000 paused=False deviation_active=False manual_active=False
OK AI_STOP
试验 baseline 损失分数：217.6716（越低越好） 细节：{'usable_samples': 28.0, 'mean_abs_yaw_error': 26.69184090909091, 'rms_color_error': 3.2990799571655525, 'rotate_std': 17.233687939614086, 'vx_std': 0.0, 'vy_std': 0.0, 'settled': 0.0, 'settle_time_s': 8.735579199999938, 'steady_mean_abs_yaw_error': 26.69184090909091, 'steady_rms_color_error': 3.2990799571655525, 'steady_rotate_std': 17.233687939614086, 'steady_vx_std': 0.0, 'steady_vy_std': 0.0, 'locked_ratio': 0.8928571428571429, 'center_ratio': 0.8214285714285714}
最佳结果已保存：D:\2026_SmartCar\PersonalCode\dist\logs\best_result.json

=== AI 推荐轮次 1 ===
本轮 AI 调参以历史最佳参数为基础，只有优于历史最佳分数 217.6716 才会更新。
AI 分析建议：当前样本未进入 settled，且 steady_mean_abs_yaw_error 与 rotate_std 都偏高，说明主要矛盾是偏航环持续摆动/纠偏过猛，而不是明显丢目标。下一组建议先保守降转向上限与最小输出，抑制过冲和抖动；同时小幅降 KI/积分限幅、防止累积顶着转；再用更高 KD 和略大死区帮助尽快进入稳定区。第2组额外略降平移速度与斜率，防止转向修正时把目标甩出画面；第3组用于接近中心后仍小幅来回 hunting 的情况。

=== 试验 ai_round1_1 ===
OK AI_STOP
OK PID_KP=0.12
OK PID_KI=0.05
OK PID_KD=0.35
OK PID_INTEGRAL_LIMIT=44.0
OK YAW_DEADBAND_DEG=0.8
OK MAX_ROTATE_SPEED=55.0
MIN_COMMAND_SPEED 第 1 次未收到有效 OK，回包=''，准备重试。
MIN_COMMAND_SPEED 第 2 次未收到有效 OK，回包=''，准备重试。
MIN_COMMAND_SPEED 第 3 次未收到有效 OK，回包=''，准备重试。
MIN_COMMAND_SPEED 第 4 次未收到有效 OK，回包=''，准备重试。
MIN_COMMAND_SPEED 第 5 次未收到有效 OK，回包=''，准备重试。
试验 ai_round1_1 准备失败，记为惩罚分并继续：MIN_COMMAND_SPEED 执行失败，回包：''
OK AI_STOP
试验 ai_round1_1 损失分数：1000000.0000（越低越好） 细节：{'usable_samples': 0.0, 'failure_reason': "MIN_COMMAND_SPEED 执行失败，回包：''"}
AI 候选 ai_round1_1 分数 1000000.0000 未优于历史最佳门槛 217.6716，不更新最佳参数。

=== 试验 ai_round1_2 ===
OK AI_STOP
OK PID_KP=0.14
OK MIN_COMMAND_SPEED=38.0
OK COLOR_MAX_TRACKING_SPEED=5.5
OK COLOR_COMMAND_RAMP_STEP=0.7
OK DRIVE_MAX_DUTY=7100
OK DRIVE_TRANSLATE_BIAS_DUTY=4500
发送随机扰动：AI_PERTURB 42.29 20.23 0.00 1025
OK AI_PERTURB angle=42.29 translate=7.0 rotate=0.0 duration_ms=600
AI_METRIC tick=16075 yaw_mode=fixyaw=-24.0227 yaw_error=24.0227 rotate=0.0000 target_locked=True in_center=False err_x=14.49999949660297 err_y=4.499999999999986 vx=5.1782 vy=4.7102=False manual_active=True
AI_METRIC tick=16100 yaw_mode=fixed leader_72 yaw_error=24.3572 rotate=0.0000 target_locked=True in_center=False err_x=14.15820312499997 err_y=4.499999999999986 vxse deviation_active=False manual_active=True
OK AI_START
AI_METRIC tick=16250 yaw_mode=fixed leader_yaw=0.0000 follower_yaw=-23.1498 yaw_error=23.1498 rotate=-38.0000 target_locked=True in_center=False err_x=8.080185539010543 err_y=4.008908974006758 vx=-0.8163 vy=1.8258 paused=False deviation_active=False manual_active=False
AI_METRIC tick=16275 yaw_mode=fixed leader_yaw=0.0000 follower_yaw=-18.7740 yaw_error=18.7740 rotate=38.0000 target_locked=True in_center=False err_x=-16.49872992341666.0680 vy=-1.9988 paused=False deviation_active=False manual_active=False
AI_METRIC tick=16300 yaw_mode=fixed leader_yaw=0.0000 follower_yaw=-19.6435 yaw_error=19.6435 rotate=-38.0000 target_locked=True in_center=True err_x=-2.11616137 vx=0.0000 vy=0.0000 paused=False deviation_active=False manual_active=False
AI_METRIC tick=16325 yaw_mode=fixed leader_yaw=0.0000 follower_yaw=-17.4959 yaw_error=17.4959 rotate=-38.0000 target_locked=True in_center=False err_x=6.00075267783545 err_y=5.500000067188644 vx=0.0000 vy=0.0000 paused=False deviation_active=False manual_active=False
AI_METRIC tick=16350 yaw_mode=fixed leader_yaw=0.0000 follower_yaw=-15.7409 yaw_error=15.7409 rotate=38.0000 target_locked=True in_center=True err_x=0.924915316414797 err_y=3.037549048427721 vx=0.0000 vy=0.0000 palse manual_active=False
AI_METRIC tick=16375 yaw_mode=fixed lead.9743 yaw_error=15.9743 rotate=-38.0000 target_locked=True in_center=True err_x=5.059064278611913e-12 err_y=2.500000000000014 vx=0.0000 vy=0.0000 paused=False deviation_active=False manual_active=False
AI_METRIC tick=16400 yaw_mode=fixed leader_yaw=0.0000 follower_yaw=-15.9825 yaw_error=15.9825 rotate=-38.0000 target_locked=True in_center=True err_x=2.842170943040401e-14 err_y=2.500000000000014 vx=0.0000 vy=0.0000 paused=False deviation_active=False manual_active=False
AI_METRIC tick=16425 yaw_mode=fixed leader_yaw=0.0000 follower_yaw=-15.9819 yaw_error=15.9819 rotate=-38.0000 target_locked=True in_center=True err_x=2.842170943040401e-14 err_y=2.500000000000014 vx=0.0000 vy=0.0000 paused=False deviation_active=False manual
AI_METRIC tick=16450 yaw_mode=fixed leader_yaw=0.0000 follower_yaw=-15.9846 yaw_error=15.9846 rotate=-38.0000 target_locked=True in_center=True err_x=1.499330982866439 err_y=-1.996655004032732 vx=0.0000 vy=0.0000 paused=False deviation_active=Fa
AI_METRIC tick=16475 yaw_mode=fixed leader_yaw=0.0000 follower_yaw=-11.8648 yaw_error=11.8648 rotate=38.0000 target_locked=True in_center=False err_x=-3.737183484851855 err_y=-8.612633729019052 vx=1.8344 vy=-0.7968 paused=False deviation_active=False manual_active=False
AI_METRIC tick=16500 yaw_mode=fixed leader_yaw=0.0000 follower_yaw=-11.4155 yaw_error=11.41ed=True in_center=True err_x=-3.50000017927303 err_y=-1.498996608829131 vx=0.0000 vy=0.0000 paused=False deviation_active=False manual_active=False
AI_METRIC tick=16525 yaw_mode=fixed leader_yaw=0.0000 follower_yaw=-11.2885 yaw_error=11.2885 rotate=-38.0000 target_locked=True in_center=True err_x=-3.0000099986 vx=0.0000 vy=0.0000 paused=False deviation_active=False manual_active=False
AI_METRIC tick=16550 yaw_mode=fixed leader_yaw=0.0000 follower_yaw=-11.2873 yaw_error=11.2873 rotate=-38.0000 target_locked=True in_center=True err_x=-3.000000000001592 err_y=-1.499999999999986 vx=0.0000 vy=0.0000 paused=False deviation_active=False manual_active=False
AI_METRIC tick=16575 yaw_mode=fixed leader_yaw=0.0000 follower_yaw=-11.2876 yaw_error=11.2876 rotate=-38.0000 target_locked=True in_center=True err_x=-3.499623817836323 err_y=-1.499999999999986 vx=0.0000 vy=0.0000 paused=False deviation_active=False manual_active=False
AI_METRIC tick=16600 yaw_mode=fixed leader_yaw=0._error=11.2906 rotate=-38.0000 target_locked=True in_center=True err_x=-3.491093146799059 err_y=-1.499999999999986 vx=0.0000 vy=0.0000 paused=False deviation_active=False manual_active=False
AI_METRIC tick=16625 yaw_mode=fixed leader_yaw=0.0000 follower_yaw=-11.3123 yaw_error=11.3123 rotate=-38.0000 target_locked=True in_center=True err_x=-3.289112726212849 err_y=-1.000000000000014 vx=0.0eviation_active=False manual_active=False
AI_METRIC tick=16650 yaw_mode=fixed leader_yaw=0.0000 follower_yaw=-11.3225 yaw_error=11.3225 rotate=-38.0000 target_locked=True in_center=True err_x=0.9991077780293551 err_y=-3.999107937335765 vx=0.0000 vy=0.0000 paused=False deviation_active=False manual_active=False
AI_METRIC tick=16675 yaw_mode=fixed leader261 yaw_error=11.3261 rotate=-38.0000 target_locked=True in_center=True err_x=1.499999999494904 err_y=-3.999999999999986 vx=0.0000 vy=0.0000 paused=False deviation_active=False manual_active=False
AI_METRIC tick=16700 yaw_mode=fixed leader_yaw=0.0000 follower_yaw=-11.3283 yaw_error=11.3283 rotate=-38.0000 target_locked=True in_center=False err_x=2.500066952338031 err_y=-6.249866079372453 vx=1.8542 vy=0.7496 paused=False deviation_active=False manual_active=False
AI_METRIC tick=16725 yaw_mode=fixed leader_yaw=0.0000 follower_yaw=-7.6624 yaw_error=7.6624 rotate=38.0000 target_locked=True in_center=False err_x=-3.495242615517071 err_y=-5.501586172341689 vx=0.0000 vy=0.0000 paused=False deviation_active=Fal
AI_METRIC tick=16750 yaw_mode=fixed leader_yaw=0.0000 follower_yaw=-7.6957000 target_locked=True in_center=True err_x=1.499973176053842 err_y=-3.500013410376383 vx=0.0000 vy=0.0000 paused=False deviation_active=False manual_active=False
AI_METRIC tick=16775 yaw_mode=fixed leader_yaw=0.0000 follower_yaw=-7.5176 yaw_error=7.5176 rotate=-38.0000 target_locked=True in_center=True err_x=0.5000000000000284 err_y=-3.49999999999325 vx=0.0000 vy=0.0000 paused=False deviation_active=False manual_active=False
AI_METRIC tick=16800 yaw_mode=fixed leader_yaw=0.0000 follower_yaw=-7.5186 yaw_error=7.5186 rotate=-38.0000 target_locked=True in_center=True err_x=0.5000000000000284 err_y=-3.499999999999986 vx=0.0000 vy=0.0000 paused=False deviation_active=False manual_active=False
AI_METRIC tick=16825 yaw_mode=fixed leader_yaw=0.0000 follower_yaw=-7.5194 yaw_error=7.5194 rotate=-38.0000 target_locked=True in_center=True err_x=0.5000000000000284 err_y=-3.499999999999986 vx=0.0000 vy=0.0000 paused=False deviation_active=False manual_active=False
AI_METRIC tick=16850 yaw_mode=fixed leader_yaw=0.0000 follower_yaw=e=-38.0000 target_locked=True in_center=True err_x=0.50000009986 vx=0.0000 vy=0.0000 paused=False deviation_active=False manual_active=False
AI_METRIC tick=16875 yaw_mode=fixed leader_yaw=0.0000 follower_yaw=-7.5213 yaw_error=7.5213 rotate=-38.0000 target_locked=Tr000000000284 err_y=-3.499999999999986 vx=0.0000 vy=0.0000 paused=False deviation_active=False manual_active=False
AI_METRIC tick=16900 yaw_mode=fixed leader_yaw=0.0000 follower_yaw=-7.5258 yaw_error=7.5258 rotate=-38.0000 target_locked=True in_ce0284 err_y=-3.499999999999986 vx=0.0000 vy=0.0000 paused=False deviation_active=False manual_active=False
AI_METRIC tick=16925 yaw_mode=fixed leader_yaw=0.0000 follower_yaw=-7.5254 yaw_error=7.5254 rotate=-38.0000 target_locked=True in_center=True err_x=0.5000000000000284 err_y=-3.499108255920142 vx=0.0000 vy=0.0000 paused=False deviation_active=False manual_active=False
AI_METRIC tick=16950 yaw_mode=fixed leader_yaw=0.0000 follower_yaw=-7.5305 yaw_error=7.5305 rotate=-38.0000 target_locked=True in_center=True err_x=0.5000000000000284 err_y=-3.484165595207401 vx=0.0000 vy=0.0000 paused=False deviation_active=False manual_active=False
AI_METRIC tick=16975 yaw_mode=fixed leader_yaw=0.0000 follower_yaw=-7.5364 yaw_error=7.5364 rotate=-38.0000 target_locked=True in_center=True err_x=0.5000000000000284 err_y=-3.499999999999986 vx=0.0000 vy=0.0000 paused=False deviation_active=False manual_active=False
AI_METRIC tick=17000 yaw_mode=fi_yaw=-7.5426 yaw_error=7.5426 rotate=-38.0000 target_locked=True in_center=True err_x=0.5000000000000284 err_y=-3.499999999999986 vx=0.0000 vy=0.0000 paused=False deviation_active=False manual_active=False
AI_METRIC tick=17025 yaw_mode=fixed leader_yaw=0.0000 follower_yaw=-7.5499 yaw_error=7.5499 rotate=-38.0000 target_locked=True in_center=True err_x=0.5000000000000284 err_y=-3.499999999999986 vx=0.0000 vy=0.0000 paused=False deviation_active=False manual_active=False
OK AI_STOP
试验 ai_round1_2 损失分数：180.2918（越低越好） 细节：{'usable_samples': 29.0, 'mean_abs_yaw_error': 10.866823076923076, 'rms_color_error': 4.263476961935699, 'rotate_std': 24.65399080843509, 'vx_std': 0.46734453504368295, 'vy_std': 0.2031403097514074, 'settled': 0.0, 'settle_time_s': 8.504011200000013, 'steady_mean_abs_yaw_error': 10.866823076923076, 'steady_rms_color_error': 4.263476961935699, 'steady_rotate_std': 24.65399080843509, 'steady_vx_std': 0.46734453504368295, 'steady_vy_std': 0.2031403097514074, 'locked_ratio': 0.9310344827586207, 'center_ratio': 0.7931034482758621}
接受 AI 推荐参数，损失分数 217.6716 -> 180.2918
最佳结果已保存：D:\2026_SmartCar\PersonalCode\dist\logs\best_result.json

=== 试验 ai_round1_3 ===
OK AI_STOP
OK PID_KP=0.12
OK PID_KI=0.07000000000000001
OK PID_KD=0.3
OK PID_INTEGRAL_LIMIT=52.0
OK YAW_DEADBAND_DEG=0.9
OK MAX_ROTATE_SPEED=49.0
OK COLOR_KP_X=0.027
OK COLOR_KD_X=0.3
OK COLOR_KP_Y=0.027
OK COLOR_KD_Y=0.3
OK COLOR_DEAD_ZONE=5
OK COLOR_CENTER_EXIT_ZONE=7
OK COLOR_MAX_TRACKING_SPEED=7.0
OK COLOR_COMMAND_RAMP_STEP=1.1
OK DRIVE_MAX_DUTY=7500
OK DRIVE_TRANSLATE_BIAS_DUTY=4800
发送随机扰动：AI_PERTURB 96.05 22.90 0.00 1020
OK AI_PERTURB angle=96.05 translate=7.0 rotate=0.0 duration_ms=60
AI_METRIC tick=17725 yaw_mode=fixed leader_yaw=0.0000 follower_yaw=-6.4378 yaw_error=6.4378 rotate=0.0000 target_locked=True in_center=True err_x=-0.07812499999997158 err_y=-3.499999999999986 vx=-0.7378 vy=6.9610 paused=False deviation_active=Fal
AI_METRIC tick=17750 yaw_mode=fixed leader_yaw=0.0000 follower_yaw=-1.9445 yaw_error=1.9445 rotate=0.0000 target_locked=True in_center=False err_x=-10.99524234576847 err_y=-3.999999999962071 vx=-0.7378 vy=6.9610 paused=False deviation_active=False manual_active=True
OK AI_START
AI_METRIC tick=17925 yaw_mode=fixed leader_yaw=0.0000 follower_yaw=-0.0940 yaw_error=0.0940 rotate=0.0000 target_locked=True in_center=False err_x=-22.95054331692113 err_y=-1.200215773492964 vx=0.414viation_active=False manual_ac
AI_METRIC tick=17950 yaw_mode=fixed leader_yaw=0.0000 follower_yaw=3.6383 yaw_error=-3.6383 rotate=-38.0000 target_locked=True in_center=False err_x=-6.001585128388527 err_y=-0.9952428635356938 vx=0.2513 vy=1.9841 paused=False deviation_active=False manua
METRIC tick=17975 yaw_mode=fixed leader_yaw=0.0000 follower_yaw=2.5049 yaw_error=-2.5049 rotate=-38.0000 target_locked=True in_center=True err_x=-5.499994969911654 err_y=-2.471853300128231 vx=0.0000 vy=0.0000 paused=False deviation_active=False manual_active=False
AI_METRIC tick=18000 yaw_mode=fixed leader_yaw=0.0000 follower_yaw=2.4760000 target_locked=True in_center=True err_x=-5.000089291045072 err_y=-2.499999999999986 vx=0.0000 vy=0.0000 paused=False deviation_active=False manual_active=False
AI_METRIC tick=18025 yaw_mode=fixed leader_yaw=0.0000 follower_yaw=2.3026 yaw_error=-2.3026 rotate=38.0000 target_locked=True in_center=True err_x=-5.000000000000028 err_y=-2.499999999999986 vx=0.0000 ation_active=False manual_active=False
AI_METRIC tick=18050 yaw_mode=fixed leader_yaw=0.rror=-2.3000 rotate=38.0000 target_locked=True in_center=True err_x=-5.000000000000028 err_y=-2.499999999999986 vx=0.0000 vy=0.0000 paused=False deviation_active=False manual_active=False
AI_METRIC tick=18075 yaw_mode=fixed leader_yaw=0.0000 follower_yaw=2.2968 yaw_error=-2.2968 rotate=38.0000 target_locked=True in_center=True err_x=-5.000000000000028 err_y=-2.499999999999986 vx=0.0000 vy=0.0000 paused=False deviation_active=False manual_active=False
AI_METRIC tick=18100 yaw_mode=fixed leader_yaw=0.0000 follower_yaw=2.2957 yaw_error=-2.2957 rotate=38.0000 target_locked=True in_center=True err_x=-5.000000000000028 err_y=-2.499999999999986 vx=0.0000 vy=0.0000 paused=False deviation_active=False manual_active=False
AI_METRIC tick=18125 yaw_mode=fixed leader_yaw=0.0000 follower_yaw=2.2902 yaw_erret_locked=True in_center=True err_x=-5.000000000000028 err_y=-2.499999999999986 vx=0.0000 vy=0.0000 paused=False deviation_active=False manual_active=False
AI_METRIC tick=18150 yaw_mode=fixed leader_yaw=0.0000 followerrotate=38.0000 target_locked=True in_center=True err_x=-5.000000000000028 err_y=-2.499999999999986 vx=0.0000 vy=0.0000 paused=False deviation_active=False manual_active=False
AI_METRIC tick=18175 yaw_mode=fixed leader_yaw=0.0000 follower_yaw=2.2801 yaw_error=-2.2801 rotate=38.0000 target_locked=True in_center=False err_x=10.49597842579192 err_y=-5.499364998931298 vx=0.0000 vy=0.0000 paused=False deviation_active=False manual_active=False
AI_METRIC tick=18200 yaw_mode=fixed leader_yaw=0.0000 follower_yaw=-2.7553 yaw_error=2.7553True in_center=False err_x=32.61262702103198 err_y=-1.262809810758327 vx=-0.0718 vy=1.9987 paused=False deviation_active=False manual_active=False
AI_METRIC tick=18225 yaw_mode=fixed leader_yaw=0.0000 follower_yaw=-10.38.0000 target_locked=True in_center=False err_x=12.02325895222472 err_y=-0.480971595723126
aw_mode=fixed leader_yaw=0.0000 follower_yaw=-7.1636 yaw_error=7.1636 rotate=38.0000 target_locked=True in_center=False err_x=8.374799014429442 err_y=-15.99999996410918 vx=1.7587 vy=0.9523 paused=False deviation_active=False manual_active=False
AI_METRIC tick=18275 yaw_mode=fixed leader_yaw=0.0000 follower_yaw=-6.2133 yaw_error=6.2133 rotate=-38.0000 target_locked=True in_center=False err_x=17.01335809096231 err_y=-1.040099333110142 vx=-1.1643 vy=1.6262 paused=False deviation_active=False manual_active=False
AI_METRIC tick=18300 yaw_mode=fixed leader_yaw=0.0000 follower_yaw=-8.1547 yaw_error=8.1547 rotate=38.0000 target_locked=True in_center=False err_x=-10.99830587000707 err_y=-5.998588678616429 vx=0.8807 vy=-1.7957 paused=False deviation_active=False manual_active=False
AI_METRIC tick=18325 yaw_mode=fixed leader_yaw=0.0000 follower_yaw=-7.9797 yaw_error=7.9797 rotate=38.0000 target_locked=True in_center=True err_x=1.249112902484754 err_y=-4.687731828868777 vx=0.0000 vy=0.0000 paused=False deviation_active=False manual_active=False
AI_METRIC tick=18350 yaw_mode=fixyaw=-8.3033 yaw_error=8.3033 rotate=38.0000 target_locked=True in_center=False err_x=19.49841333131775 err_y=4.499999574854201 vx=-0.5273 vy=1.9292 paused=False deviation_active=False manual_active=False
AI_METRIC tick=18375 yaw_mode=fixed leader_yaw=0.0000 follower_yaw=-0.7292 yaw_error=0.7292 rotate=0.0000 target_locked=True in_center=False err_x=-9.99959801875336 err_y=-4.499849291087315 vx=0.0000 vy=0.0000 paused=False deviation_active=False manual_active=False
400 yaw_mode=fixed leader_yaw=_error=-1.4186 rotate=-38.0000 target_locked=True in_center= err_y=-0.5050119690749213 vx=-0.1503 vy=-1.9943 paused=False deviation_active=False manual_active=False
AI_METRIC tick=18425 yaw_mode=fixed leader_yaw=0.0000 follower_yaw=1.0149 yaw_error=-1.0149 rotate=38.0000 target_locked=True in_center=True err_x=-3.000263847090949 err_y=-1.625338995040437 vx=0.0000 vy=0.0000 paused=False deviation_active=False manual_active=False
AI_METRIC er_yaw=0.0000 follower_yaw=-2.4284 yaw_error=2.4284 rotate=-38.0000 target_locked=True in_center=False err_x=8.00000100670411 err_y=-1.502819358543803=False deviation_active=False manual_active=False
AI_METRIC tick=18475 yaw_mode=fixed leader_yaw=0.0000 follower_yaw=-3.9405 yaw_error=3.9405 roue in_center=True err_x=0.1188218723564773 err_y=-3.88126289paused=False deviation_active=
AI_METRIC tick=18500 yaw_mode=fixed leader_yaw=0.0000 follower_yaw=-3.8433 yaw_error=3.8433 rotate=-38.0000 target_locked=Tr2116024510598891 err_y=-4.49970000 paused=False deviation_active=False manual_active=False
AI_METRIC tick=18525 yaw_mode=fixed leader_yaw=0.0000 follower_yaw=-3.8502 yaw_error=3.8502 rotate=-38.0000 target_locked=True in_cen9215 err_y=-4.000000000000028 alse deviation_active=False manual_active=False
AI_METRIC tick=18550 yaw_mode=fixed leader_yaw=0.0000 follower_yaw=-3.8510000 target_locked=True in_center=True err_x=-0.4999999978714982 err_y=-4.000000000000028 vx=0.0000 vy=0.0000 paused=False deviation_active=False manual_active=False
AI_METRIC tick=18575 yaw_mode=fixed leader_yaw=0.0000 follower_yaw=-3.8511 yaw_error=3.8511 rotate=-38.0000 target_locked=True in_center=True err_x=-5.059064278611913e-12 err_y=-4.499910708954928 vx=0.0000 vy=0.0000 paused=False deviation_active=False manual_active=False
AI_METRIC tick=18600 yaw_mode=fixed leader_yaw=0.0000 follower_yaw=-3.8570 yaw_error=3.8570 rotate=-38.0000 target_locked=True in_center=True err_x=-2.842170943040401e-14 err_y=-4.000000000000028 vx=0.0000 vy=0.0000 paused=False deviation_active=False manual_active=False
AI_METRIC tick=18625 yaw_mode=fixed leader_yaw=0.0000 follower_yaw=-3.8627 yaw_error=3.8627 rotate=-38.0000 target_locked=True in_center=True err_x=-1.197278720610484e-09 err_y=-4.000000000000028 vx=0.0000 vy=0.0000 paused=False deviation_active=False manual_active=False
AI_METRIC tick=18650 yaw_mode=fixed leader_yaw=0.0000 follower_yaw=-3.8681 y0 target_locked=True in_center=True err_x=-0.2187500000000284 err_y=-4.000000000000028 vx=0.0000 vy=0.0000 paused=False deviation_active=False manual_active=False
AI_METRIC tick=18675 yaw_mode=fixed leader_yaw=0.0000 follower_yaw=-3.8762 yaw_error=3.8762 rotate=-38.0000 target_locked=True in_center=True err_x=-1.194300267570725e-07 err_y=-4.000000000000028 vx=0.0000 vy=0.0000 paused=False deviation_active=False manual_active=False
AI_METRIC tick=18700 yaw_mode=fixed leader_yaw=0.0000 follower_yaw=-3.8800 yaw_error=3.8800 rotate=-38.0000 target_locked=True in_center=True err_x=-0.4910931473040705 err_y=-4.000000000378733 vx=0.0000 vy=0.0000 paused=False deviation_active=False manual_active=False
OK AI_STOP
试验 ai_round1_3 损失分数：171.8905（越低越好） 细节：{'usable_samples': 27.0, 'mean_abs_yaw_error': 3.8857500000000003, 'rms_color_error': 10.19593077419761, 'rotate_std': 31.02687007525359, 'vx_std': 0.2972447400723617, 'vy_std': 0.6955549337945393, 'settled': 0.0, 'settle_time_s': 8.532897899999943, 'steady_mean_abs_yaw_error': 3.8857500000000003, 'steady_rms_color_error': 10.19593077419761, 'steady_rotate_std': 31.02687007525359, 'steady_vx_std': 0.2972447400723617, 'steady_vy_std': 0.6955549337945393, 'locked_ratio': 0.8518518518518519, 'center_ratio': 0.6296296296296297}
接受 AI 推荐参数，损失分数 180.2918 -> 171.8905
最佳结果已保存：D:\2026_SmartCar\PersonalCode\dist\logs\best_result.json

=== AI 推荐轮次 2 ===
本轮 AI 调参以历史最佳参数为基础，只有优于历史最佳分数 171.8905 才会更新。
AI 分析建议：当前最佳组把偏航误差压下来了，但锁定率、居中率和颜色误差明显变差，说明横移/跟踪段偏激或耦合过强。下一轮建议以最佳组为底，保守回收平移速度、ramp 和总 duty，优先恢复 target_locked 与 center_ratio；同时小幅增加 YAW_DEADBAND 和 KD、必要时再降一点 MAX_ROTATE_SPEED，抑制后段抖动与持续修正。三组里第1组最稳妥，第2组更偏平滑，第3组用于验证是否需要稍强的位置环来恢复居中。

=== 试验 ai_round2_1 ===
OK AI_STOP
OK PID_KD=0.35
OK YAW_DEADBAND_DEG=1.0
OK MAX_ROTATE_SPEED=43.0
OK COLOR_DEAD_ZONE=4
OK COLOR_CENTER_EXIT_ZONE=6
OK COLOR_MAX_TRACKING_SPEED=5.5
OK COLOR_COMMAND_RAMP_STEP=0.7
OK DRIVE_MAX_DUTY=7100
OK DRIVE_TRANSLATE_BIAS_DUTY=4500
发送随机扰动：AI_PERTURB 232.52 19.22 0.00 1026
OK AI_PERTURB angle=232.52 translate=7.0 r
AI_METRIC tick=22125 yaw_mode=fixed leader_yaw=0.0000 follower_yaw=-4.4855 yaw_error=4.4855 rotate=0.0000 target_locked=True in_center=True err_x=0.4999999976054426 err_y=-4.000000000000028 vx=-4.2594 vy=-5.5550 paused=False deviation_active=False manual_active=True
AI_METRIC tick=22150 yaw_mode=fixed leader_yaw=0.0000 follower_yawte=0.0000 target_locked=True in_center=True err_x=0.4999999999999716 err_y=-4.000000000000028 vx=-4.2594 vy=-5.5550 paused=False deviation_active=False manual_active=True
OK AI_START
AI_METRIC tick=22300 yaw_mode=ffollower_yaw=-4.5181 yaw_error=4.5181 rotate=-38.0000 target_locked=True in_center=True err_x=0.5000000008978702 err_y=-4.000000000000028 vx=0.0000 vy=0.0000 paused=False deviation_active=False manual_active=False
AI_METRIC tick=22325 yaw_mode=fixed leader_yaw=0.0000 follower_yaw=-4.5206 yaw_arget_locked=True in_center=True err_x=0.9998412603642919 err_y=-4.000000000000028 vx=0.0000 vy=0.0000 paused=False deviation_active=False manual_active=False
AI_METRIC tick=22350 yaw_mode=fixed leader_yaw=0.0000 follower_yaw=-4.5285 yaw_erget_locked=True in_center=True err_x=0.001585605969495418 err_y=-4.000000000000028 vx=0.0000 vy=0.0000 paused=False deviation_active=False manual_active=False
AI_METRIC tick=22375 yaw_mode=fixed leader_yaw=0.0000 follower_yaw=-4.5366000 target_locked=True in_center=True err_x=0.97184324264505=0.0000 vy=0.0000 paused=False manual_active=False
AI_METRIC tick=22400 yaw_mode=fixed leader_yaw=0.0000 follower_yaw=-4.5350 yaw_error=4.5350 rotate=-38.0000 target_locked=True in_center=True err_x=0.4999999999962057 err_y=-4.000000000000028 vx=0.0000 vy=0.0000 paused=False deviation_active=False manual_active=False
AI_METRIC tick=22425 yaw_mode=fixed leader_yaw=0.0000 follower_yaw=-4.5402 yaw_erget_locked=True in_center=True err_x=0.4999999999999716 err_y=-4.000000000000028 vx=0.0000 vy=0.0000 paused=False deviation_active=False manual_active=False
AI_METRIC tick=22450 yaw_mode=fixed leader_yaw=0.0000 follower_yaw=-4.5403 yaw_error=4.5403 rotate=-38.0000 target_locked=True in_center=True err_x=0.50890614528 vx=0.0000 vy=0.0000 paused=False deviation_active=False manual_active=False
AI_METRIC tick=22475 yaw_mode=fixed leader_yaw=0.0000 follower_yaw=-4.5477 yaw_error=4.5477 rotate=-38.0000 target_locked=True in_center=True err_x=0.7109374932728656 err_y=-4.000000000000028 vx=0.0000 vy=0.0000 paused=False deviation_active=False manual_
AI_METRIC tick=22500 yaw_mode=fixed leader_yaw=0.0000 follower_yaw=-4.5494 yaw_error=4.5494 rotate=-38.0000 target_locked=True in_center=True err_x=0.5000000000000284 err_y=-4.000000000000028 vx=0.0000 vy=0.0000 paused=False deviation_active=False manual_active=False
AI_METRIC tick=22525 yaw_mode=fixed leader_yaw=0.0000 follower_yaw=-4.5519 yaw_error=4.5519 rotate=-38.0000 target_locked=True in_cent16 err_y=-4.000000000000028 vx=0.0000 vy=0.0000 paused=False deviation_active=False manual_active=False
AI_METRIC tick=22550 yaw_mode=fixed leader_yaw=0.0000 follower_yaw=-4.55.0000 target_locked=True in_ce34658 err_y=-4.000000000000028 vx=0.0000 vy=0.0000 paused=False deviation_active=False manual_active=False
AI_METRIC tick=22575 yaw_mode=fixed leader_yaw=0.0000 follower_yaw=-4.5591 yaw_error=4.5591 rotate=-38.0000 target_locked=True in_center=True err_x=0.4999999999999716 err_y=-4.000000000000028 vx=0.0000 vy=0.0000 paused=False deviation_active=False manual_active=False
AI_METRIC tick=22600 yaw_mode=fixed leader_yayaw_error=4.5641 rotate=-38.0000 target_locked=True in_center=True err_x=0.4999999999999716 err_y=-4.000000000000028 vx=0.0000 vy=0.0000 paused=False deviation_active=False manual_active=False
AI_METRIC tick=22625 yaw_mode=fixed leader_yaw=0.0000 follower_yaw=-4.5665 yaw_error=4.5665 rotate=-38.0000 target_locked=True in_center=Trr_y=-4.000000000000028 vx=0.0000 vy=0.0000 paused=False deviation_active=False manual_active=False
AI_METRIC tick=22650 yaw_mode=fixed leader_yaw=0.0000 follower_yaw=-4.5737 yaw_error=4.5737 rotate=-38.0000 target_locked=True in_center=True err_x=0.8749497737871366 err_y=-4.000000000000028 vx=0.0000 vy=0.0000 paused=False deviation_active=False manual_active=False
AI_METRIC tick=22675 yaw_mode=fixed leader_yaw=0.0000 follower_yaw=-4.5782 yaw_error=4.5782 rotate=-38.0000 target_locked=True in_center=True err_x=0.5000000000000284 err_y=-4.000000000000028 vx=0.0000 vy=0.0000 paused=False deviation_active=False manual_active=False
AI_METRIC tick=22700 yaw_mode=fixed leader_yaw=0.0rror=4.5836 rotate=-38.0000 target_locked=True in_center=True err_x=0.01583817601206761 err_y=-4.000000000000028 vx=0.0000 vy=0.0000 paused=False deviation_active=False manual_active=False
AI_METRIC tick=22725 yaw_mode=fixed leader_yaw=0.0000 follower_yaw=-1.4080 yaw_error=1.4080 rotate=38.0000 target_locked=True in_center=False err_x=-6.124017777243026 err_y=-18.49901764966252 vx=1.8010 vy=-0.8697 paused=False deviation_active=False manual_active=False
AI_METRIC tick=22750 yaw_mode=fixed leader_yaw=0.0000 follower_yaw=-0.9114 yaw_error=0.9114 re in_center=False err_x=-13.00634355625125 err_y=-25.4984141106674 vx=1.7433 vy=-0.9803 paused=False deviation_active=False manual_active=False
AI_METRIC tick=22775 yaw_mode=fixed leader_yaw=0.0000 follower_yaw=1.4266 yaw_error=-1.4266 rotate=-38.0000 target_locked=True in_center=False err_x=-11.31646979106057 err_y=-16.13298203238998 vx=-0.7819 vy=-1.8408 paused=False deviation_active=False manual_active=False
AI_METRIC tick=22800 yaw_mode=fixed leader_yaw=0.0000 follower_yawte=38.0000 target_locked=True in_center=False err_x=7.00475363232772 err_y=-7.996826717810194 vx=0.0000 vy=0.0000 paused=False deviation_active=False manual_active=False
AI_METRIC tick=22825 yaw_mode=fixed leader_yaw=0.0000 follower_yaw=-0.0261 yaw_error=0.0261 rotate=0.0000 target_locked=True in_center=False err_x=5.478886202824569 err_y=-6.021113797554278 vx=1.6eviation_active=False manual_active=False
AI_METRIC tick=22850 yaw_mode=fixed leader_yawaw_error=0.0187 rotate=0.0000 target_locked=True in_center=Frr_y=-6.624962330340367 vx=0.0deviation_active=False manual_active=False
AI_METRIC tick=22875 yaw_mode=fixed leader_yaw=0.0000 follower_yaw=0.0699 yaw_error=-0.0699 rotate=0.0000 target_locked=True in_center=False err_x=-8.991542638332987 err_y=-7.502114141292594 vx=0.5671 vy=-1.9179 paused=False deviation_active=False m
AI_METRIC tick=22900 yaw_mode=fixed leader_yaw=0.0000 follower_yaw=-0.8391 yaw_error=0.8391 rotate=0.0000 target_locked=True in_center=False err_x=-28.7879375940567 err_y=-4.618715915558425 vx=-0.1240 vy=-1.9962 paused=False deviation_active=False manual_active=False
AI_METRIC tick=22925 yaw_mode=fixed leader_yaw=0.0000 follower_yaw=2.0773 yaw_error=-2.0773 rotate=-38.0000 target_locked=True in_center=False err_x=-43.9978832153335 err_y=2.995770584434304 vx=-0.4540 vy=-2.0265 paused=False deviation_active=False manual_active=False
w_mode=fixed leader_yaw=0.0000 follower_yaw=3.3873 yaw_errort_locked=True in_center=False =-3.999642740142271 vx=1.5775 vy=1.2294 paused=False deviation_active=False manual_active=False
AI_METRIC tick=22975 yaw_mode=fixed leader_yawaw_error=1.1624 rotate=38.0000 target_locked=True in_center=True err_x=2.988118184319788 err_y=-3.000000001420652 vx=0.0000 vy=0.0000 paused=False deviation_active=False manual_active=False
AI_METRIC tick=23000 yaw_mode=fixed leader_yaw=0.0000 follower_yaw=-1.1312 yaw_erret_locked=True in_center=True err_x=2.88134766381711 err_y=-3.762695312500014 vx=0.0000 vy=0.0000 paused=False deviation_active=False manual_active=False
AI_METRIC tick=23025 yaw_mode=fixed leader_yaw=0.0000 follower_yaw=1.8286 yaw_errort_locked=True in_center=False -11.00066844954222 vx=1.9875 vy=0.2233 paused=False deviation_active=False manual_active=False
AI_METRIC tick=23050 yaw_mode=fixed leader_yaw=0.0000 follower_yaw=0.9618 yaw_error=-0.9618 rotate=0.0000 target_locked=True in_center=False err_x=41.63218782361346 err_y=0.7327819452947395 vx=-0.3998 vy=2.9970 paused=False deviation_active=False manual_active=False
AI_METRIC tick=23075 yaw_mode=fixed leader_yaww_error=-0.9902 rotate=0.0000 target_locked=True in_center=False err_x=46.51070379602564 err_y=-0.9928640563651925 vx=0.2790 vy=1.9804 paused=False deviation_active=False manual_active=False
AI_METRIC tick=23100 yaw_mode=fixed leader_yaw=0.0000 follower_yaw=0.1010 yaw_error=-0.1010 rotate=0.0000 target_locked=True in_ce998 err_y=-2.316434502243837 vx=1.0567 vy=1.6981 paused=False deviation_active=False manual_active=False
AI_METRIC ticeader_yaw=0.0000 follo8795723565304 err_y=-2.4924817
AI_STOP 第 1 次未收到有效 OK，回包='AI_METRIC ticeader_yaw=0.0000 follo8795723565304 err_y=-2.4924817'，准备重试。
AI_STOP 第 2 次未收到有效 OK，回包=''，准备重试。
AI_STOP 第 3 次未收到有效 OK，回包=''，准备重试。
AI_STOP 第 4 次未收到有效 OK，回包=''，准备重试。
AI_STOP 第 5 次未收到有效 OK，回包=''，准备重试。
试验 ai_round2_1 准备失败，记为惩罚分并继续：AI_STOP 执行失败，回包：''
试验 ai_round2_1 损失分数：1000000.0000（越低越好） 细节：{'usable_samples': 0.0, 'failure_reason': "AI_STOP 执行失败，回包：''"}
AI 候选 ai_round2_1 分数 1000000.0000 未优于历史最佳门槛 171.8905，不更新最佳参数。
自动调参已按请求终止。
